{"/Users/dkachaev/repos/amida-tech/blue-button/index.js":{"path":"/Users/dkachaev/repos/amida-tech/blue-button/index.js","s":{"1":1,"2":1,"3":1,"4":1,"5":1,"6":1,"7":1,"8":1,"9":1,"10":1,"11":1,"12":1},"b":{},"f":{},"fnMap":{},"statementMap":{"1":{"start":{"line":5,"column":0},"end":{"line":5,"column":38}},"2":{"start":{"line":6,"column":0},"end":{"line":6,"column":34}},"3":{"start":{"line":7,"column":0},"end":{"line":7,"column":40}},"4":{"start":{"line":9,"column":0},"end":{"line":9,"column":44}},"5":{"start":{"line":11,"column":0},"end":{"line":11,"column":40}},"6":{"start":{"line":12,"column":0},"end":{"line":12,"column":35}},"7":{"start":{"line":13,"column":0},"end":{"line":13,"column":41}},"8":{"start":{"line":14,"column":0},"end":{"line":14,"column":37}},"9":{"start":{"line":15,"column":0},"end":{"line":15,"column":39}},"10":{"start":{"line":18,"column":0},"end":{"line":18,"column":29}},"11":{"start":{"line":21,"column":0},"end":{"line":21,"column":81}},"12":{"start":{"line":27,"column":0},"end":{"line":27,"column":60}}},"branchMap":{}},"/Users/dkachaev/repos/amida-tech/blue-button/lib/sense.js":{"path":"/Users/dkachaev/repos/amida-tech/blue-button/lib/sense.js","s":{"1":1,"2":1,"3":1,"4":1,"5":0,"6":1,"7":1,"8":1,"9":2,"10":2,"11":2,"12":1,"13":1,"14":0,"15":1,"16":0,"17":0,"18":1,"19":12,"20":3,"21":9,"22":3,"23":3,"24":3,"25":1,"26":2,"27":2,"28":2,"29":2,"30":2,"31":2,"32":1,"33":1,"34":0,"35":1,"36":6,"37":6,"38":2,"39":4,"40":3,"41":3,"42":3,"43":3,"44":1,"45":0,"46":1},"b":{"1":[0,1],"2":[1,1],"3":[1,1],"4":[0,1],"5":[0,1],"6":[3,9],"7":[12,10],"8":[3,6],"9":[1,1],"10":[0,1],"11":[3,1],"12":[4,3]},"f":{"1":1,"2":12},"fnMap":{"1":{"name":"(anonymous_1)","line":13,"loc":{"start":{"line":13,"column":15},"end":{"line":13,"column":30}}},"2":{"name":"(anonymous_2)","line":49,"loc":{"start":{"line":49,"column":18},"end":{"line":49,"column":34}}}},"statementMap":{"1":{"start":{"line":5,"column":0},"end":{"line":5,"column":30}},"2":{"start":{"line":7,"column":0},"end":{"line":10,"column":2}},"3":{"start":{"line":13,"column":0},"end":{"line":46,"column":2}},"4":{"start":{"line":15,"column":4},"end":{"line":18,"column":5}},"5":{"start":{"line":17,"column":8},"end":{"line":17,"column":20}},"6":{"start":{"line":20,"column":4},"end":{"line":20,"column":26}},"7":{"start":{"line":22,"column":4},"end":{"line":22,"column":57}},"8":{"start":{"line":24,"column":4},"end":{"line":42,"column":5}},"9":{"start":{"line":25,"column":8},"end":{"line":25,"column":32}},"10":{"start":{"line":26,"column":8},"end":{"line":26,"column":44}},"11":{"start":{"line":27,"column":8},"end":{"line":31,"column":9}},"12":{"start":{"line":28,"column":12},"end":{"line":30,"column":14}},"13":{"start":{"line":32,"column":8},"end":{"line":36,"column":9}},"14":{"start":{"line":33,"column":12},"end":{"line":35,"column":14}},"15":{"start":{"line":37,"column":8},"end":{"line":41,"column":9}},"16":{"start":{"line":38,"column":12},"end":{"line":40,"column":14}},"17":{"start":{"line":43,"column":4},"end":{"line":45,"column":6}},"18":{"start":{"line":49,"column":0},"end":{"line":125,"column":2}},"19":{"start":{"line":51,"column":4},"end":{"line":54,"column":5}},"20":{"start":{"line":53,"column":8},"end":{"line":53,"column":20}},"21":{"start":{"line":57,"column":4},"end":{"line":120,"column":5}},"22":{"start":{"line":59,"column":8},"end":{"line":59,"column":16}},"23":{"start":{"line":60,"column":8},"end":{"line":67,"column":9}},"24":{"start":{"line":61,"column":12},"end":{"line":61,"column":34}},"25":{"start":{"line":63,"column":12},"end":{"line":66,"column":14}},"26":{"start":{"line":68,"column":8},"end":{"line":68,"column":30}},"27":{"start":{"line":70,"column":8},"end":{"line":70,"column":61}},"28":{"start":{"line":72,"column":8},"end":{"line":87,"column":9}},"29":{"start":{"line":73,"column":12},"end":{"line":73,"column":36}},"30":{"start":{"line":74,"column":12},"end":{"line":74,"column":48}},"31":{"start":{"line":75,"column":12},"end":{"line":80,"column":13}},"32":{"start":{"line":76,"column":16},"end":{"line":79,"column":18}},"33":{"start":{"line":81,"column":12},"end":{"line":86,"column":13}},"34":{"start":{"line":82,"column":16},"end":{"line":85,"column":18}},"35":{"start":{"line":88,"column":8},"end":{"line":91,"column":10}},"36":{"start":{"line":94,"column":8},"end":{"line":119,"column":9}},"37":{"start":{"line":95,"column":12},"end":{"line":95,"column":40}},"38":{"start":{"line":96,"column":12},"end":{"line":99,"column":14}},"39":{"start":{"line":103,"column":12},"end":{"line":114,"column":13}},"40":{"start":{"line":105,"column":16},"end":{"line":105,"column":33}},"41":{"start":{"line":107,"column":16},"end":{"line":107,"column":79}},"42":{"start":{"line":108,"column":16},"end":{"line":108,"column":50}},"43":{"start":{"line":110,"column":16},"end":{"line":113,"column":18}},"44":{"start":{"line":116,"column":12},"end":{"line":118,"column":14}},"45":{"start":{"line":122,"column":4},"end":{"line":124,"column":6}},"46":{"start":{"line":127,"column":0},"end":{"line":130,"column":2}}},"branchMap":{"1":{"line":15,"type":"if","locations":[{"start":{"line":15,"column":4},"end":{"line":15,"column":4}},{"start":{"line":15,"column":4},"end":{"line":15,"column":4}}]},"2":{"line":15,"type":"binary-expr","locations":[{"start":{"line":15,"column":8},"end":{"line":15,"column":12}},{"start":{"line":15,"column":16},"end":{"line":15,"column":41}}]},"3":{"line":27,"type":"if","locations":[{"start":{"line":27,"column":8},"end":{"line":27,"column":8}},{"start":{"line":27,"column":8},"end":{"line":27,"column":8}}]},"4":{"line":32,"type":"if","locations":[{"start":{"line":32,"column":8},"end":{"line":32,"column":8}},{"start":{"line":32,"column":8},"end":{"line":32,"column":8}}]},"5":{"line":37,"type":"if","locations":[{"start":{"line":37,"column":8},"end":{"line":37,"column":8}},{"start":{"line":37,"column":8},"end":{"line":37,"column":8}}]},"6":{"line":51,"type":"if","locations":[{"start":{"line":51,"column":4},"end":{"line":51,"column":4}},{"start":{"line":51,"column":4},"end":{"line":51,"column":4}}]},"7":{"line":51,"type":"binary-expr","locations":[{"start":{"line":51,"column":8},"end":{"line":51,"column":13}},{"start":{"line":51,"column":17},"end":{"line":51,"column":43}}]},"8":{"line":57,"type":"if","locations":[{"start":{"line":57,"column":4},"end":{"line":57,"column":4}},{"start":{"line":57,"column":4},"end":{"line":57,"column":4}}]},"9":{"line":75,"type":"if","locations":[{"start":{"line":75,"column":12},"end":{"line":75,"column":12}},{"start":{"line":75,"column":12},"end":{"line":75,"column":12}}]},"10":{"line":81,"type":"if","locations":[{"start":{"line":81,"column":12},"end":{"line":81,"column":12}},{"start":{"line":81,"column":12},"end":{"line":81,"column":12}}]},"11":{"line":103,"type":"if","locations":[{"start":{"line":103,"column":12},"end":{"line":103,"column":12}},{"start":{"line":103,"column":12},"end":{"line":103,"column":12}}]},"12":{"line":103,"type":"binary-expr","locations":[{"start":{"line":103,"column":16},"end":{"line":103,"column":78}},{"start":{"line":104,"column":16},"end":{"line":104,"column":63}}]}}},"/Users/dkachaev/repos/amida-tech/blue-button/lib/xml.js":{"path":"/Users/dkachaev/repos/amida-tech/blue-button/lib/xml.js","s":{"1":1,"2":4,"3":4,"4":4,"5":3,"6":1},"b":{},"f":{"1":4},"fnMap":{"1":{"name":"parse","line":6,"loc":{"start":{"line":6,"column":0},"end":{"line":6,"column":20}}}},"statementMap":{"1":{"start":{"line":6,"column":0},"end":{"line":33,"column":1}},"2":{"start":{"line":7,"column":4},"end":{"line":7,"column":12}},"3":{"start":{"line":10,"column":4},"end":{"line":12,"column":6}},"4":{"start":{"line":14,"column":4},"end":{"line":14,"column":59}},"5":{"start":{"line":32,"column":4},"end":{"line":32,"column":15}},"6":{"start":{"line":35,"column":0},"end":{"line":37,"column":2}}},"branchMap":{}},"/Users/dkachaev/repos/amida-tech/blue-button/lib/parser.js":{"path":"/Users/dkachaev/repos/amida-tech/blue-button/lib/parser.js","s":{"1":1,"2":1,"3":1,"4":1,"5":1,"6":1,"7":1,"8":1,"9":1,"10":2,"11":0,"12":2,"13":1,"14":1,"15":2,"16":2,"17":1,"18":1,"19":0,"20":1,"21":1,"22":0,"23":0,"24":0,"25":1,"26":1,"27":0,"28":1,"29":0,"30":1,"31":1,"32":0,"33":0,"34":1,"35":1,"36":1,"37":1,"38":1,"39":1,"40":0,"41":1,"42":1,"43":1,"44":1,"45":1},"b":{"1":[0,2],"2":[1,1],"3":[0,1],"4":[1,1],"5":[0,0],"6":[0,0],"7":[0,1],"8":[1,1],"9":[0,1],"10":[0,1],"11":[0,1],"12":[1,1],"13":[1,0]},"f":{"1":2,"2":1,"3":0,"4":1,"5":1},"fnMap":{"1":{"name":"sections","line":16,"loc":{"start":{"line":16,"column":0},"end":{"line":16,"column":24}}},"2":{"name":"parseText","line":29,"loc":{"start":{"line":29,"column":0},"end":{"line":29,"column":24}}},"3":{"name":"parseText2","line":40,"loc":{"start":{"line":40,"column":0},"end":{"line":40,"column":25}}},"4":{"name":"parseXml","line":51,"loc":{"start":{"line":51,"column":0},"end":{"line":51,"column":32}}},"5":{"name":"parseString","line":84,"loc":{"start":{"line":84,"column":0},"end":{"line":84,"column":36}}}},"statementMap":{"1":{"start":{"line":3,"column":0},"end":{"line":3,"column":49}},"2":{"start":{"line":5,"column":0},"end":{"line":5,"column":65}},"3":{"start":{"line":6,"column":0},"end":{"line":6,"column":33}},"4":{"start":{"line":7,"column":0},"end":{"line":7,"column":61}},"5":{"start":{"line":8,"column":0},"end":{"line":8,"column":47}},"6":{"start":{"line":9,"column":0},"end":{"line":9,"column":27}},"7":{"start":{"line":10,"column":0},"end":{"line":10,"column":32}},"8":{"start":{"line":13,"column":0},"end":{"line":13,"column":49}},"9":{"start":{"line":16,"column":0},"end":{"line":27,"column":1}},"10":{"start":{"line":17,"column":4},"end":{"line":19,"column":5}},"11":{"start":{"line":18,"column":8},"end":{"line":18,"column":23}},"12":{"start":{"line":21,"column":4},"end":{"line":24,"column":5}},"13":{"start":{"line":22,"column":8},"end":{"line":22,"column":58}},"14":{"start":{"line":23,"column":8},"end":{"line":23,"column":41}},"15":{"start":{"line":25,"column":4},"end":{"line":25,"column":48}},"16":{"start":{"line":26,"column":4},"end":{"line":26,"column":16}},"17":{"start":{"line":29,"column":0},"end":{"line":38,"column":1}},"18":{"start":{"line":31,"column":4},"end":{"line":34,"column":5}},"19":{"start":{"line":33,"column":8},"end":{"line":33,"column":20}},"20":{"start":{"line":36,"column":4},"end":{"line":36,"column":44}},"21":{"start":{"line":40,"column":0},"end":{"line":49,"column":1}},"22":{"start":{"line":42,"column":4},"end":{"line":45,"column":5}},"23":{"start":{"line":44,"column":8},"end":{"line":44,"column":20}},"24":{"start":{"line":47,"column":4},"end":{"line":47,"column":46}},"25":{"start":{"line":51,"column":0},"end":{"line":82,"column":1}},"26":{"start":{"line":53,"column":4},"end":{"line":56,"column":5}},"27":{"start":{"line":55,"column":8},"end":{"line":55,"column":20}},"28":{"start":{"line":58,"column":4},"end":{"line":60,"column":5}},"29":{"start":{"line":59,"column":8},"end":{"line":59,"column":21}},"30":{"start":{"line":62,"column":4},"end":{"line":62,"column":79}},"31":{"start":{"line":63,"column":4},"end":{"line":69,"column":5}},"32":{"start":{"line":64,"column":8},"end":{"line":64,"column":83}},"33":{"start":{"line":66,"column":8},"end":{"line":68,"column":10}},"34":{"start":{"line":70,"column":4},"end":{"line":70,"column":41}},"35":{"start":{"line":72,"column":4},"end":{"line":72,"column":36}},"36":{"start":{"line":73,"column":4},"end":{"line":73,"column":39}},"37":{"start":{"line":74,"column":4},"end":{"line":80,"column":7}},"38":{"start":{"line":84,"column":0},"end":{"line":97,"column":1}},"39":{"start":{"line":86,"column":4},"end":{"line":89,"column":5}},"40":{"start":{"line":88,"column":8},"end":{"line":88,"column":20}},"41":{"start":{"line":91,"column":4},"end":{"line":93,"column":5}},"42":{"start":{"line":92,"column":8},"end":{"line":92,"column":21}},"43":{"start":{"line":95,"column":4},"end":{"line":95,"column":36}},"44":{"start":{"line":96,"column":4},"end":{"line":96,"column":34}},"45":{"start":{"line":124,"column":0},"end":{"line":130,"column":2}}},"branchMap":{"1":{"line":17,"type":"if","locations":[{"start":{"line":17,"column":4},"end":{"line":17,"column":4}},{"start":{"line":17,"column":4},"end":{"line":17,"column":4}}]},"2":{"line":21,"type":"if","locations":[{"start":{"line":21,"column":4},"end":{"line":21,"column":4}},{"start":{"line":21,"column":4},"end":{"line":21,"column":4}}]},"3":{"line":31,"type":"if","locations":[{"start":{"line":31,"column":4},"end":{"line":31,"column":4}},{"start":{"line":31,"column":4},"end":{"line":31,"column":4}}]},"4":{"line":31,"type":"binary-expr","locations":[{"start":{"line":31,"column":8},"end":{"line":31,"column":12}},{"start":{"line":31,"column":16},"end":{"line":31,"column":41}}]},"5":{"line":42,"type":"if","locations":[{"start":{"line":42,"column":4},"end":{"line":42,"column":4}},{"start":{"line":42,"column":4},"end":{"line":42,"column":4}}]},"6":{"line":42,"type":"binary-expr","locations":[{"start":{"line":42,"column":8},"end":{"line":42,"column":12}},{"start":{"line":42,"column":16},"end":{"line":42,"column":41}}]},"7":{"line":53,"type":"if","locations":[{"start":{"line":53,"column":4},"end":{"line":53,"column":4}},{"start":{"line":53,"column":4},"end":{"line":53,"column":4}}]},"8":{"line":53,"type":"binary-expr","locations":[{"start":{"line":53,"column":8},"end":{"line":53,"column":12}},{"start":{"line":53,"column":16},"end":{"line":53,"column":41}}]},"9":{"line":58,"type":"if","locations":[{"start":{"line":58,"column":4},"end":{"line":58,"column":4}},{"start":{"line":58,"column":4},"end":{"line":58,"column":4}}]},"10":{"line":63,"type":"if","locations":[{"start":{"line":63,"column":4},"end":{"line":63,"column":4}},{"start":{"line":63,"column":4},"end":{"line":63,"column":4}}]},"11":{"line":86,"type":"if","locations":[{"start":{"line":86,"column":4},"end":{"line":86,"column":4}},{"start":{"line":86,"column":4},"end":{"line":86,"column":4}}]},"12":{"line":86,"type":"binary-expr","locations":[{"start":{"line":86,"column":8},"end":{"line":86,"column":13}},{"start":{"line":86,"column":17},"end":{"line":86,"column":43}}]},"13":{"line":91,"type":"if","locations":[{"start":{"line":91,"column":4},"end":{"line":91,"column":4}},{"start":{"line":91,"column":4},"end":{"line":91,"column":4}}]}}},"/Users/dkachaev/repos/amida-tech/blue-button/lib/parser/cms/parser.js":{"path":"/Users/dkachaev/repos/amida-tech/blue-button/lib/parser/cms/parser.js","s":{"1":1,"2":1,"3":1,"4":1,"5":1,"6":1,"7":1,"8":0,"9":0,"10":0,"11":0,"12":1},"b":{},"f":{"1":1,"2":0},"fnMap":{"1":{"name":"parseCMS","line":8,"loc":{"start":{"line":8,"column":0},"end":{"line":8,"column":30}}},"2":{"name":"parseCMS_2","line":18,"loc":{"start":{"line":18,"column":0},"end":{"line":18,"column":32}}}},"statementMap":{"1":{"start":{"line":3,"column":0},"end":{"line":3,"column":51}},"2":{"start":{"line":4,"column":0},"end":{"line":4,"column":56}},"3":{"start":{"line":8,"column":0},"end":{"line":14,"column":1}},"4":{"start":{"line":9,"column":4},"end":{"line":9,"column":41}},"5":{"start":{"line":10,"column":4},"end":{"line":10,"column":58}},"6":{"start":{"line":12,"column":4},"end":{"line":12,"column":18}},"7":{"start":{"line":18,"column":0},"end":{"line":24,"column":1}},"8":{"start":{"line":19,"column":4},"end":{"line":19,"column":41}},"9":{"start":{"line":20,"column":4},"end":{"line":20,"column":58}},"10":{"start":{"line":21,"column":4},"end":{"line":21,"column":28}},"11":{"start":{"line":23,"column":4},"end":{"line":23,"column":18}},"12":{"start":{"line":26,"column":0},"end":{"line":29,"column":2}}},"branchMap":{}},"/Users/dkachaev/repos/amida-tech/blue-button/lib/parser/cms/cmsObjConverter.js":{"path":"/Users/dkachaev/repos/amida-tech/blue-button/lib/parser/cms/cmsObjConverter.js","s":{"1":1,"2":1,"3":1,"4":1,"5":1,"6":1,"7":1,"8":19,"9":19,"10":15,"11":15,"12":15,"13":15,"14":1,"15":1,"16":1,"17":1,"18":1,"19":1,"20":1,"21":1,"22":1,"23":3,"24":1,"25":1,"26":1,"27":14,"28":3,"29":1,"30":31,"31":31,"32":17,"33":31,"34":16,"35":14,"36":14,"37":31,"38":0,"39":2,"40":2,"41":2,"42":2,"43":15,"44":15,"45":31,"46":1},"b":{"1":[15,4],"2":[1,2],"3":[3,11],"4":[17,14],"5":[16,15],"6":[14,2],"7":[14,0],"8":[2,0],"9":[2,0],"10":[15,0]},"f":{"1":1,"2":1,"3":31},"fnMap":{"1":{"name":"convertToBBModel","line":50,"loc":{"start":{"line":50,"column":0},"end":{"line":50,"column":43}}},"2":{"name":"cleanUpModel","line":105,"loc":{"start":{"line":105,"column":0},"end":{"line":105,"column":39}}},"3":{"name":"putDataInBBModel","line":121,"loc":{"start":{"line":121,"column":0},"end":{"line":121,"column":63}}}},"statementMap":{"1":{"start":{"line":3,"column":0},"end":{"line":3,"column":46}},"2":{"start":{"line":4,"column":0},"end":{"line":4,"column":61}},"3":{"start":{"line":5,"column":0},"end":{"line":22,"column":2}},"4":{"start":{"line":23,"column":0},"end":{"line":45,"column":2}},"5":{"start":{"line":50,"column":0},"end":{"line":103,"column":1}},"6":{"start":{"line":53,"column":4},"end":{"line":75,"column":6}},"7":{"start":{"line":79,"column":4},"end":{"line":87,"column":5}},"8":{"start":{"line":80,"column":8},"end":{"line":80,"column":56}},"9":{"start":{"line":81,"column":8},"end":{"line":86,"column":9}},"10":{"start":{"line":82,"column":12},"end":{"line":82,"column":52}},"11":{"start":{"line":83,"column":12},"end":{"line":83,"column":67}},"12":{"start":{"line":84,"column":12},"end":{"line":84,"column":44}},"13":{"start":{"line":85,"column":12},"end":{"line":85,"column":66}},"14":{"start":{"line":95,"column":4},"end":{"line":95,"column":75}},"15":{"start":{"line":96,"column":4},"end":{"line":96,"column":36}},"16":{"start":{"line":97,"column":4},"end":{"line":97,"column":66}},"17":{"start":{"line":98,"column":4},"end":{"line":98,"column":62}},"18":{"start":{"line":99,"column":4},"end":{"line":99,"column":69}},"19":{"start":{"line":100,"column":4},"end":{"line":100,"column":34}},"20":{"start":{"line":102,"column":4},"end":{"line":102,"column":27}},"21":{"start":{"line":105,"column":0},"end":{"line":119,"column":1}},"22":{"start":{"line":107,"column":4},"end":{"line":111,"column":5}},"23":{"start":{"line":108,"column":8},"end":{"line":110,"column":9}},"24":{"start":{"line":109,"column":12},"end":{"line":109,"column":38}},"25":{"start":{"line":112,"column":4},"end":{"line":112,"column":36}},"26":{"start":{"line":113,"column":4},"end":{"line":118,"column":5}},"27":{"start":{"line":114,"column":8},"end":{"line":116,"column":9}},"28":{"start":{"line":115,"column":12},"end":{"line":115,"column":27}},"29":{"start":{"line":121,"column":0},"end":{"line":146,"column":1}},"30":{"start":{"line":122,"column":4},"end":{"line":122,"column":28}},"31":{"start":{"line":123,"column":4},"end":{"line":125,"column":5}},"32":{"start":{"line":124,"column":8},"end":{"line":124,"column":37}},"33":{"start":{"line":126,"column":4},"end":{"line":144,"column":5}},"34":{"start":{"line":127,"column":8},"end":{"line":141,"column":9}},"35":{"start":{"line":128,"column":12},"end":{"line":134,"column":13}},"36":{"start":{"line":129,"column":16},"end":{"line":131,"column":17}},"37":{"start":{"line":130,"column":20},"end":{"line":130,"column":64}},"38":{"start":{"line":133,"column":16},"end":{"line":133,"column":57}},"39":{"start":{"line":135,"column":15},"end":{"line":141,"column":9}},"40":{"start":{"line":136,"column":12},"end":{"line":140,"column":13}},"41":{"start":{"line":137,"column":16},"end":{"line":139,"column":17}},"42":{"start":{"line":138,"column":20},"end":{"line":138,"column":60}},"43":{"start":{"line":142,"column":11},"end":{"line":144,"column":5}},"44":{"start":{"line":143,"column":8},"end":{"line":143,"column":67}},"45":{"start":{"line":145,"column":4},"end":{"line":145,"column":27}},"46":{"start":{"line":148,"column":0},"end":{"line":148,"column":51}}},"branchMap":{"1":{"line":81,"type":"if","locations":[{"start":{"line":81,"column":8},"end":{"line":81,"column":8}},{"start":{"line":81,"column":8},"end":{"line":81,"column":8}}]},"2":{"line":108,"type":"if","locations":[{"start":{"line":108,"column":8},"end":{"line":108,"column":8}},{"start":{"line":108,"column":8},"end":{"line":108,"column":8}}]},"3":{"line":114,"type":"if","locations":[{"start":{"line":114,"column":8},"end":{"line":114,"column":8}},{"start":{"line":114,"column":8},"end":{"line":114,"column":8}}]},"4":{"line":123,"type":"if","locations":[{"start":{"line":123,"column":4},"end":{"line":123,"column":4}},{"start":{"line":123,"column":4},"end":{"line":123,"column":4}}]},"5":{"line":126,"type":"if","locations":[{"start":{"line":126,"column":4},"end":{"line":126,"column":4}},{"start":{"line":126,"column":4},"end":{"line":126,"column":4}}]},"6":{"line":127,"type":"if","locations":[{"start":{"line":127,"column":8},"end":{"line":127,"column":8}},{"start":{"line":127,"column":8},"end":{"line":127,"column":8}}]},"7":{"line":128,"type":"if","locations":[{"start":{"line":128,"column":12},"end":{"line":128,"column":12}},{"start":{"line":128,"column":12},"end":{"line":128,"column":12}}]},"8":{"line":135,"type":"if","locations":[{"start":{"line":135,"column":15},"end":{"line":135,"column":15}},{"start":{"line":135,"column":15},"end":{"line":135,"column":15}}]},"9":{"line":136,"type":"if","locations":[{"start":{"line":136,"column":12},"end":{"line":136,"column":12}},{"start":{"line":136,"column":12},"end":{"line":136,"column":12}}]},"10":{"line":142,"type":"if","locations":[{"start":{"line":142,"column":11},"end":{"line":142,"column":11}},{"start":{"line":142,"column":11},"end":{"line":142,"column":11}}]}}},"/Users/dkachaev/repos/amida-tech/blue-button/lib/parser/cms/cmsTxtToIntObj.js":{"path":"/Users/dkachaev/repos/amida-tech/blue-button/lib/parser/cms/cmsTxtToIntObj.js","s":{"1":1,"2":1,"3":1,"4":1,"5":1,"6":1,"7":1,"8":19,"9":19,"10":19,"11":19,"12":1,"13":1,"14":1,"15":0,"16":0,"17":0,"18":1,"19":1,"20":1,"21":1,"22":1,"23":1,"24":1,"25":1,"26":1,"27":1,"28":1,"29":1,"30":1,"31":1,"32":1,"33":1,"34":19,"35":19,"36":19,"37":19,"38":19,"39":19,"40":19,"41":1,"42":1,"43":1,"44":18,"45":1,"46":17,"47":19,"48":19,"49":1,"50":0,"51":0,"52":0,"53":0,"54":0,"55":0,"56":0,"57":0,"58":0,"59":0,"60":0,"61":1,"62":19,"63":19,"64":19,"65":19,"66":608,"67":19,"68":608,"69":19,"70":19,"71":19,"72":1,"73":17,"74":17,"75":17,"76":17,"77":17,"78":47,"79":47,"80":47,"81":17,"82":30,"83":17,"84":17,"85":1,"86":1,"87":1,"88":1,"89":1,"90":1,"91":1,"92":1,"93":1,"94":1,"95":1,"96":1,"97":1,"98":1,"99":1,"100":1,"101":8,"102":8,"103":5,"104":3,"105":1,"106":1,"107":1,"108":3,"109":3,"110":3,"111":1,"112":2,"113":2,"114":1,"115":5,"116":5,"117":5,"118":0,"119":5,"120":5,"121":0,"122":0,"123":5,"124":1,"125":2,"126":2,"127":2,"128":1,"129":3,"130":3,"131":3,"132":3,"133":1,"134":5,"135":1,"136":1,"137":1,"138":1,"139":1,"140":1,"141":1,"142":1,"143":1,"144":1,"145":1,"146":1,"147":1,"148":1,"149":1,"150":1,"151":1,"152":1,"153":1,"154":1,"155":1,"156":1,"157":1,"158":1,"159":3,"160":3,"161":2,"162":3,"163":1,"164":1,"165":47,"166":47,"167":47,"168":47,"169":47,"170":47,"171":47,"172":197,"173":197,"174":197,"175":197,"176":197,"177":0,"178":197,"179":197,"180":13,"181":7,"182":13,"183":13,"184":13,"185":184,"186":47,"187":1,"188":5,"189":5,"190":5,"191":5,"192":5,"193":5,"194":137,"195":137,"196":137,"197":137,"198":137,"199":137,"200":137,"201":5,"202":5,"203":132,"204":29,"205":132,"206":4,"207":4,"208":132,"209":5,"210":5,"211":5,"212":1,"213":3,"214":3,"215":3,"216":3,"217":3,"218":3,"219":28,"220":28,"221":28,"222":28,"223":28,"224":28,"225":4,"226":28,"227":0,"228":0,"229":28,"230":3,"231":0,"232":0,"233":3,"234":1,"235":362,"236":724,"237":724,"238":362,"239":1,"240":382,"241":382,"242":382,"243":382,"244":382,"245":1162,"246":1162,"247":1187,"248":780,"249":1162,"250":382,"251":780,"252":382,"253":382,"254":384,"255":384,"256":407,"257":2,"258":384,"259":382,"260":2,"261":382,"262":382,"263":1,"264":56,"265":56,"266":56,"267":0},"b":{"1":[0,1],"2":[1,18],"3":[1,17],"4":[0,0],"5":[0,0],"6":[0,0],"7":[627,0],"8":[627,0],"9":[47,0],"10":[17,30],"11":[5,3],"12":[3,0],"13":[1,2],"14":[5,0],"15":[0,5],"16":[0,5],"17":[2,0],"18":[1,0],"19":[2,1],"20":[0,197],"21":[13,184],"22":[7,6],"23":[5,132],"24":[29,103],"25":[4,128],"26":[4,24],"27":[0,28],"28":[0,3],"29":[780,407],"30":[382,780],"31":[2,405],"32":[382,2],"33":[56,0]},"f":{"1":1,"2":1,"3":1,"4":19,"5":0,"6":19,"7":17,"8":1,"9":1,"10":1,"11":47,"12":5,"13":3,"14":362,"15":382,"16":56},"fnMap":{"1":{"name":"getIntObj","line":8,"loc":{"start":{"line":8,"column":0},"end":{"line":8,"column":30}}},"2":{"name":"clean","line":25,"loc":{"start":{"line":25,"column":0},"end":{"line":25,"column":26}}},"3":{"name":"separateSections","line":40,"loc":{"start":{"line":40,"column":0},"end":{"line":40,"column":32}}},"4":{"name":"convertToObject","line":72,"loc":{"start":{"line":72,"column":0},"end":{"line":72,"column":40}}},"5":{"name":"getTitles","line":101,"loc":{"start":{"line":101,"column":0},"end":{"line":101,"column":31}}},"6":{"name":"cleanUpTitle","line":121,"loc":{"start":{"line":121,"column":0},"end":{"line":121,"column":38}}},"7":{"name":"getSectionBody","line":144,"loc":{"start":{"line":144,"column":0},"end":{"line":144,"column":39}}},"8":{"name":"getClaimsBody","line":170,"loc":{"start":{"line":170,"column":0},"end":{"line":170,"column":38}}},"9":{"name":"getMetaBody","line":264,"loc":{"start":{"line":264,"column":0},"end":{"line":264,"column":36}}},"10":{"name":"processMetaChild","line":286,"loc":{"start":{"line":286,"column":0},"end":{"line":286,"column":40}}},"11":{"name":"processSectionChild","line":303,"loc":{"start":{"line":303,"column":0},"end":{"line":303,"column":43}}},"12":{"name":"processClaimsLineChild","line":342,"loc":{"start":{"line":342,"column":0},"end":{"line":342,"column":46}}},"13":{"name":"processClaimsSectionChild","line":380,"loc":{"start":{"line":380,"column":0},"end":{"line":380,"column":49}}},"14":{"name":"removeUnwantedCharacters","line":420,"loc":{"start":{"line":420,"column":0},"end":{"line":420,"column":68}}},"15":{"name":"trimStringEnds","line":430,"loc":{"start":{"line":430,"column":0},"end":{"line":430,"column":59}}},"16":{"name":"isEmpty","line":470,"loc":{"start":{"line":470,"column":0},"end":{"line":470,"column":22}}}},"statementMap":{"1":{"start":{"line":3,"column":0},"end":{"line":3,"column":37}},"2":{"start":{"line":4,"column":0},"end":{"line":4,"column":37}},"3":{"start":{"line":8,"column":0},"end":{"line":23,"column":1}},"4":{"start":{"line":10,"column":4},"end":{"line":10,"column":35}},"5":{"start":{"line":13,"column":4},"end":{"line":13,"column":25}},"6":{"start":{"line":14,"column":4},"end":{"line":14,"column":49}},"7":{"start":{"line":15,"column":4},"end":{"line":20,"column":5}},"8":{"start":{"line":16,"column":8},"end":{"line":16,"column":64}},"9":{"start":{"line":17,"column":8},"end":{"line":17,"column":54}},"10":{"start":{"line":18,"column":8},"end":{"line":18,"column":52}},"11":{"start":{"line":19,"column":8},"end":{"line":19,"column":54}},"12":{"start":{"line":22,"column":4},"end":{"line":22,"column":23}},"13":{"start":{"line":25,"column":0},"end":{"line":35,"column":1}},"14":{"start":{"line":27,"column":4},"end":{"line":32,"column":5}},"15":{"start":{"line":28,"column":8},"end":{"line":28,"column":53}},"16":{"start":{"line":29,"column":8},"end":{"line":29,"column":51}},"17":{"start":{"line":31,"column":8},"end":{"line":31,"column":25}},"18":{"start":{"line":34,"column":4},"end":{"line":34,"column":21}},"19":{"start":{"line":40,"column":0},"end":{"line":68,"column":1}},"20":{"start":{"line":46,"column":4},"end":{"line":46,"column":51}},"21":{"start":{"line":50,"column":4},"end":{"line":50,"column":77}},"22":{"start":{"line":51,"column":4},"end":{"line":51,"column":59}},"23":{"start":{"line":52,"column":4},"end":{"line":52,"column":45}},"24":{"start":{"line":53,"column":4},"end":{"line":54,"column":49}},"25":{"start":{"line":57,"column":4},"end":{"line":57,"column":62}},"26":{"start":{"line":58,"column":4},"end":{"line":58,"column":37}},"27":{"start":{"line":59,"column":4},"end":{"line":59,"column":39}},"28":{"start":{"line":60,"column":4},"end":{"line":60,"column":74}},"29":{"start":{"line":64,"column":4},"end":{"line":64,"column":66}},"30":{"start":{"line":65,"column":4},"end":{"line":65,"column":55}},"31":{"start":{"line":66,"column":4},"end":{"line":66,"column":45}},"32":{"start":{"line":67,"column":4},"end":{"line":67,"column":22}},"33":{"start":{"line":72,"column":0},"end":{"line":97,"column":1}},"34":{"start":{"line":74,"column":4},"end":{"line":74,"column":24}},"35":{"start":{"line":76,"column":4},"end":{"line":76,"column":56}},"36":{"start":{"line":77,"column":4},"end":{"line":77,"column":69}},"37":{"start":{"line":78,"column":4},"end":{"line":78,"column":67}},"38":{"start":{"line":81,"column":4},"end":{"line":81,"column":20}},"39":{"start":{"line":82,"column":4},"end":{"line":82,"column":43}},"40":{"start":{"line":86,"column":4},"end":{"line":94,"column":5}},"41":{"start":{"line":87,"column":8},"end":{"line":87,"column":39}},"42":{"start":{"line":88,"column":8},"end":{"line":88,"column":41}},"43":{"start":{"line":89,"column":8},"end":{"line":89,"column":49}},"44":{"start":{"line":90,"column":11},"end":{"line":94,"column":5}},"45":{"start":{"line":91,"column":8},"end":{"line":91,"column":51}},"46":{"start":{"line":93,"column":8},"end":{"line":93,"column":52}},"47":{"start":{"line":95,"column":4},"end":{"line":95,"column":41}},"48":{"start":{"line":96,"column":4},"end":{"line":96,"column":22}},"49":{"start":{"line":101,"column":0},"end":{"line":117,"column":1}},"50":{"start":{"line":102,"column":4},"end":{"line":102,"column":62}},"51":{"start":{"line":103,"column":4},"end":{"line":103,"column":57}},"52":{"start":{"line":104,"column":4},"end":{"line":104,"column":55}},"53":{"start":{"line":105,"column":4},"end":{"line":105,"column":24}},"54":{"start":{"line":106,"column":4},"end":{"line":107,"column":20}},"55":{"start":{"line":107,"column":8},"end":{"line":107,"column":20}},"56":{"start":{"line":108,"column":4},"end":{"line":115,"column":5}},"57":{"start":{"line":109,"column":8},"end":{"line":109,"column":55}},"58":{"start":{"line":111,"column":8},"end":{"line":114,"column":9}},"59":{"start":{"line":113,"column":12},"end":{"line":113,"column":38}},"60":{"start":{"line":116,"column":4},"end":{"line":116,"column":22}},"61":{"start":{"line":121,"column":0},"end":{"line":140,"column":1}},"62":{"start":{"line":124,"column":4},"end":{"line":124,"column":44}},"63":{"start":{"line":126,"column":4},"end":{"line":126,"column":25}},"64":{"start":{"line":127,"column":4},"end":{"line":127,"column":60}},"65":{"start":{"line":130,"column":4},"end":{"line":132,"column":5}},"66":{"start":{"line":131,"column":8},"end":{"line":131,"column":23}},"67":{"start":{"line":133,"column":4},"end":{"line":135,"column":5}},"68":{"start":{"line":134,"column":8},"end":{"line":134,"column":23}},"69":{"start":{"line":137,"column":4},"end":{"line":137,"column":79}},"70":{"start":{"line":138,"column":4},"end":{"line":138,"column":59}},"71":{"start":{"line":139,"column":4},"end":{"line":139,"column":23}},"72":{"start":{"line":144,"column":0},"end":{"line":168,"column":1}},"73":{"start":{"line":147,"column":4},"end":{"line":147,"column":25}},"74":{"start":{"line":148,"column":4},"end":{"line":148,"column":29}},"75":{"start":{"line":149,"column":4},"end":{"line":149,"column":87}},"76":{"start":{"line":151,"column":4},"end":{"line":151,"column":66}},"77":{"start":{"line":153,"column":4},"end":{"line":164,"column":5}},"78":{"start":{"line":154,"column":8},"end":{"line":154,"column":67}},"79":{"start":{"line":156,"column":8},"end":{"line":163,"column":9}},"80":{"start":{"line":157,"column":12},"end":{"line":161,"column":13}},"81":{"start":{"line":158,"column":16},"end":{"line":158,"column":57}},"82":{"start":{"line":160,"column":16},"end":{"line":160,"column":51}},"83":{"start":{"line":165,"column":4},"end":{"line":165,"column":39}},"84":{"start":{"line":166,"column":4},"end":{"line":166,"column":23}},"85":{"start":{"line":170,"column":0},"end":{"line":260,"column":1}},"86":{"start":{"line":171,"column":4},"end":{"line":171,"column":25}},"87":{"start":{"line":172,"column":4},"end":{"line":172,"column":29}},"88":{"start":{"line":175,"column":4},"end":{"line":176,"column":115}},"89":{"start":{"line":178,"column":4},"end":{"line":178,"column":78}},"90":{"start":{"line":179,"column":4},"end":{"line":179,"column":92}},"91":{"start":{"line":181,"column":4},"end":{"line":181,"column":72}},"92":{"start":{"line":182,"column":4},"end":{"line":182,"column":66}},"93":{"start":{"line":184,"column":4},"end":{"line":184,"column":62}},"94":{"start":{"line":185,"column":4},"end":{"line":185,"column":62}},"95":{"start":{"line":187,"column":4},"end":{"line":187,"column":63}},"96":{"start":{"line":189,"column":4},"end":{"line":189,"column":55}},"97":{"start":{"line":190,"column":4},"end":{"line":190,"column":26}},"98":{"start":{"line":191,"column":4},"end":{"line":191,"column":30}},"99":{"start":{"line":193,"column":4},"end":{"line":193,"column":23}},"100":{"start":{"line":194,"column":4},"end":{"line":201,"column":5}},"101":{"start":{"line":195,"column":8},"end":{"line":195,"column":62}},"102":{"start":{"line":196,"column":8},"end":{"line":200,"column":9}},"103":{"start":{"line":197,"column":12},"end":{"line":197,"column":52}},"104":{"start":{"line":199,"column":12},"end":{"line":199,"column":48}},"105":{"start":{"line":204,"column":4},"end":{"line":204,"column":28}},"106":{"start":{"line":205,"column":4},"end":{"line":205,"column":32}},"107":{"start":{"line":207,"column":4},"end":{"line":217,"column":5}},"108":{"start":{"line":208,"column":8},"end":{"line":208,"column":65}},"109":{"start":{"line":209,"column":8},"end":{"line":216,"column":9}},"110":{"start":{"line":210,"column":12},"end":{"line":215,"column":13}},"111":{"start":{"line":211,"column":16},"end":{"line":211,"column":50}},"112":{"start":{"line":213,"column":16},"end":{"line":213,"column":56}},"113":{"start":{"line":214,"column":16},"end":{"line":214,"column":52}},"114":{"start":{"line":219,"column":4},"end":{"line":236,"column":5}},"115":{"start":{"line":220,"column":8},"end":{"line":220,"column":73}},"116":{"start":{"line":221,"column":8},"end":{"line":235,"column":9}},"117":{"start":{"line":222,"column":12},"end":{"line":234,"column":13}},"118":{"start":{"line":223,"column":16},"end":{"line":223,"column":57}},"119":{"start":{"line":225,"column":16},"end":{"line":225,"column":59}},"120":{"start":{"line":226,"column":16},"end":{"line":232,"column":17}},"121":{"start":{"line":227,"column":20},"end":{"line":229,"column":21}},"122":{"start":{"line":228,"column":24},"end":{"line":228,"column":83}},"123":{"start":{"line":231,"column":20},"end":{"line":231,"column":72}},"124":{"start":{"line":238,"column":4},"end":{"line":243,"column":5}},"125":{"start":{"line":239,"column":8},"end":{"line":242,"column":9}},"126":{"start":{"line":240,"column":12},"end":{"line":240,"column":65}},"127":{"start":{"line":241,"column":12},"end":{"line":241,"column":41}},"128":{"start":{"line":245,"column":4},"end":{"line":250,"column":5}},"129":{"start":{"line":246,"column":8},"end":{"line":246,"column":26}},"130":{"start":{"line":247,"column":8},"end":{"line":247,"column":37}},"131":{"start":{"line":248,"column":8},"end":{"line":248,"column":52}},"132":{"start":{"line":249,"column":8},"end":{"line":249,"column":37}},"133":{"start":{"line":252,"column":4},"end":{"line":254,"column":5}},"134":{"start":{"line":253,"column":8},"end":{"line":253,"column":48}},"135":{"start":{"line":257,"column":4},"end":{"line":257,"column":39}},"136":{"start":{"line":258,"column":4},"end":{"line":258,"column":23}},"137":{"start":{"line":264,"column":0},"end":{"line":284,"column":1}},"138":{"start":{"line":265,"column":4},"end":{"line":265,"column":25}},"139":{"start":{"line":266,"column":4},"end":{"line":266,"column":28}},"140":{"start":{"line":267,"column":4},"end":{"line":267,"column":83}},"141":{"start":{"line":268,"column":4},"end":{"line":268,"column":58}},"142":{"start":{"line":269,"column":4},"end":{"line":280,"column":5}},"143":{"start":{"line":270,"column":8},"end":{"line":270,"column":64}},"144":{"start":{"line":271,"column":8},"end":{"line":279,"column":9}},"145":{"start":{"line":272,"column":12},"end":{"line":272,"column":40}},"146":{"start":{"line":274,"column":12},"end":{"line":275,"column":12}},"147":{"start":{"line":275,"column":12},"end":{"line":275,"column":66}},"148":{"start":{"line":276,"column":12},"end":{"line":276,"column":63}},"149":{"start":{"line":277,"column":12},"end":{"line":277,"column":45}},"150":{"start":{"line":278,"column":12},"end":{"line":278,"column":55}},"151":{"start":{"line":281,"column":4},"end":{"line":281,"column":40}},"152":{"start":{"line":282,"column":4},"end":{"line":282,"column":23}},"153":{"start":{"line":286,"column":0},"end":{"line":299,"column":1}},"154":{"start":{"line":287,"column":4},"end":{"line":287,"column":17}},"155":{"start":{"line":288,"column":4},"end":{"line":288,"column":59}},"156":{"start":{"line":289,"column":4},"end":{"line":289,"column":55}},"157":{"start":{"line":290,"column":4},"end":{"line":290,"column":20}},"158":{"start":{"line":291,"column":4},"end":{"line":297,"column":5}},"159":{"start":{"line":292,"column":8},"end":{"line":292,"column":68}},"160":{"start":{"line":293,"column":8},"end":{"line":295,"column":9}},"161":{"start":{"line":294,"column":12},"end":{"line":294,"column":56}},"162":{"start":{"line":296,"column":8},"end":{"line":296,"column":18}},"163":{"start":{"line":298,"column":4},"end":{"line":298,"column":15}},"164":{"start":{"line":303,"column":0},"end":{"line":339,"column":1}},"165":{"start":{"line":305,"column":4},"end":{"line":305,"column":17}},"166":{"start":{"line":306,"column":4},"end":{"line":306,"column":22}},"167":{"start":{"line":307,"column":4},"end":{"line":307,"column":21}},"168":{"start":{"line":308,"column":4},"end":{"line":308,"column":78}},"169":{"start":{"line":309,"column":4},"end":{"line":309,"column":67}},"170":{"start":{"line":311,"column":4},"end":{"line":311,"column":27}},"171":{"start":{"line":315,"column":4},"end":{"line":337,"column":5}},"172":{"start":{"line":317,"column":8},"end":{"line":317,"column":74}},"173":{"start":{"line":319,"column":8},"end":{"line":319,"column":57}},"174":{"start":{"line":320,"column":8},"end":{"line":320,"column":80}},"175":{"start":{"line":321,"column":8},"end":{"line":321,"column":43}},"176":{"start":{"line":323,"column":8},"end":{"line":325,"column":9}},"177":{"start":{"line":324,"column":12},"end":{"line":324,"column":18}},"178":{"start":{"line":326,"column":8},"end":{"line":326,"column":32}},"179":{"start":{"line":327,"column":8},"end":{"line":336,"column":9}},"180":{"start":{"line":328,"column":12},"end":{"line":330,"column":13}},"181":{"start":{"line":329,"column":16},"end":{"line":329,"column":39}},"182":{"start":{"line":331,"column":12},"end":{"line":331,"column":64}},"183":{"start":{"line":332,"column":12},"end":{"line":332,"column":32}},"184":{"start":{"line":333,"column":12},"end":{"line":333,"column":56}},"185":{"start":{"line":335,"column":12},"end":{"line":335,"column":29}},"186":{"start":{"line":338,"column":4},"end":{"line":338,"column":15}},"187":{"start":{"line":342,"column":0},"end":{"line":378,"column":1}},"188":{"start":{"line":343,"column":4},"end":{"line":343,"column":26}},"189":{"start":{"line":344,"column":4},"end":{"line":344,"column":17}},"190":{"start":{"line":345,"column":4},"end":{"line":345,"column":22}},"191":{"start":{"line":346,"column":4},"end":{"line":346,"column":78}},"192":{"start":{"line":347,"column":4},"end":{"line":347,"column":67}},"193":{"start":{"line":350,"column":4},"end":{"line":374,"column":5}},"194":{"start":{"line":352,"column":8},"end":{"line":352,"column":74}},"195":{"start":{"line":354,"column":8},"end":{"line":354,"column":57}},"196":{"start":{"line":355,"column":8},"end":{"line":355,"column":80}},"197":{"start":{"line":356,"column":8},"end":{"line":356,"column":32}},"198":{"start":{"line":357,"column":8},"end":{"line":357,"column":43}},"199":{"start":{"line":359,"column":8},"end":{"line":359,"column":50}},"200":{"start":{"line":360,"column":8},"end":{"line":363,"column":9}},"201":{"start":{"line":361,"column":12},"end":{"line":361,"column":45}},"202":{"start":{"line":362,"column":12},"end":{"line":362,"column":21}},"203":{"start":{"line":365,"column":8},"end":{"line":367,"column":9}},"204":{"start":{"line":366,"column":12},"end":{"line":366,"column":25}},"205":{"start":{"line":369,"column":8},"end":{"line":372,"column":9}},"206":{"start":{"line":370,"column":12},"end":{"line":370,"column":31}},"207":{"start":{"line":371,"column":12},"end":{"line":371,"column":21}},"208":{"start":{"line":373,"column":8},"end":{"line":373,"column":25}},"209":{"start":{"line":375,"column":4},"end":{"line":375,"column":23}},"210":{"start":{"line":376,"column":4},"end":{"line":376,"column":33}},"211":{"start":{"line":377,"column":4},"end":{"line":377,"column":24}},"212":{"start":{"line":380,"column":0},"end":{"line":415,"column":1}},"213":{"start":{"line":382,"column":4},"end":{"line":382,"column":17}},"214":{"start":{"line":383,"column":4},"end":{"line":383,"column":22}},"215":{"start":{"line":384,"column":4},"end":{"line":384,"column":21}},"216":{"start":{"line":385,"column":4},"end":{"line":385,"column":78}},"217":{"start":{"line":386,"column":4},"end":{"line":386,"column":67}},"218":{"start":{"line":389,"column":4},"end":{"line":408,"column":5}},"219":{"start":{"line":391,"column":8},"end":{"line":391,"column":74}},"220":{"start":{"line":394,"column":8},"end":{"line":394,"column":57}},"221":{"start":{"line":395,"column":8},"end":{"line":395,"column":80}},"222":{"start":{"line":396,"column":8},"end":{"line":396,"column":32}},"223":{"start":{"line":397,"column":8},"end":{"line":397,"column":43}},"224":{"start":{"line":399,"column":8},"end":{"line":401,"column":9}},"225":{"start":{"line":400,"column":12},"end":{"line":400,"column":25}},"226":{"start":{"line":403,"column":8},"end":{"line":406,"column":9}},"227":{"start":{"line":404,"column":12},"end":{"line":404,"column":31}},"228":{"start":{"line":405,"column":12},"end":{"line":405,"column":21}},"229":{"start":{"line":407,"column":8},"end":{"line":407,"column":25}},"230":{"start":{"line":409,"column":4},"end":{"line":414,"column":5}},"231":{"start":{"line":410,"column":8},"end":{"line":410,"column":27}},"232":{"start":{"line":411,"column":8},"end":{"line":411,"column":24}},"233":{"start":{"line":413,"column":8},"end":{"line":413,"column":19}},"234":{"start":{"line":420,"column":0},"end":{"line":426,"column":1}},"235":{"start":{"line":421,"column":4},"end":{"line":424,"column":5}},"236":{"start":{"line":422,"column":8},"end":{"line":422,"column":71}},"237":{"start":{"line":423,"column":8},"end":{"line":423,"column":70}},"238":{"start":{"line":425,"column":4},"end":{"line":425,"column":25}},"239":{"start":{"line":430,"column":0},"end":{"line":466,"column":1}},"240":{"start":{"line":431,"column":4},"end":{"line":431,"column":33}},"241":{"start":{"line":432,"column":4},"end":{"line":432,"column":57}},"242":{"start":{"line":433,"column":4},"end":{"line":433,"column":23}},"243":{"start":{"line":434,"column":4},"end":{"line":434,"column":25}},"244":{"start":{"line":436,"column":4},"end":{"line":448,"column":5}},"245":{"start":{"line":437,"column":8},"end":{"line":437,"column":31}},"246":{"start":{"line":438,"column":8},"end":{"line":442,"column":9}},"247":{"start":{"line":439,"column":12},"end":{"line":441,"column":13}},"248":{"start":{"line":440,"column":16},"end":{"line":440,"column":38}},"249":{"start":{"line":443,"column":8},"end":{"line":447,"column":9}},"250":{"start":{"line":444,"column":12},"end":{"line":444,"column":30}},"251":{"start":{"line":446,"column":12},"end":{"line":446,"column":35}},"252":{"start":{"line":450,"column":4},"end":{"line":450,"column":21}},"253":{"start":{"line":451,"column":4},"end":{"line":463,"column":5}},"254":{"start":{"line":452,"column":8},"end":{"line":452,"column":31}},"255":{"start":{"line":453,"column":8},"end":{"line":457,"column":9}},"256":{"start":{"line":454,"column":12},"end":{"line":456,"column":13}},"257":{"start":{"line":455,"column":16},"end":{"line":455,"column":38}},"258":{"start":{"line":458,"column":8},"end":{"line":462,"column":9}},"259":{"start":{"line":459,"column":12},"end":{"line":459,"column":30}},"260":{"start":{"line":461,"column":12},"end":{"line":461,"column":35}},"261":{"start":{"line":464,"column":4},"end":{"line":464,"column":90}},"262":{"start":{"line":465,"column":4},"end":{"line":465,"column":26}},"263":{"start":{"line":470,"column":0},"end":{"line":476,"column":1}},"264":{"start":{"line":471,"column":4},"end":{"line":474,"column":5}},"265":{"start":{"line":472,"column":8},"end":{"line":473,"column":25}},"266":{"start":{"line":473,"column":12},"end":{"line":473,"column":25}},"267":{"start":{"line":475,"column":4},"end":{"line":475,"column":16}}},"branchMap":{"1":{"line":27,"type":"if","locations":[{"start":{"line":27,"column":4},"end":{"line":27,"column":4}},{"start":{"line":27,"column":4},"end":{"line":27,"column":4}}]},"2":{"line":86,"type":"if","locations":[{"start":{"line":86,"column":4},"end":{"line":86,"column":4}},{"start":{"line":86,"column":4},"end":{"line":86,"column":4}}]},"3":{"line":90,"type":"if","locations":[{"start":{"line":90,"column":11},"end":{"line":90,"column":11}},{"start":{"line":90,"column":11},"end":{"line":90,"column":11}}]},"4":{"line":106,"type":"if","locations":[{"start":{"line":106,"column":4},"end":{"line":106,"column":4}},{"start":{"line":106,"column":4},"end":{"line":106,"column":4}}]},"5":{"line":111,"type":"if","locations":[{"start":{"line":111,"column":8},"end":{"line":111,"column":8}},{"start":{"line":111,"column":8},"end":{"line":111,"column":8}}]},"6":{"line":111,"type":"binary-expr","locations":[{"start":{"line":111,"column":12},"end":{"line":111,"column":79}},{"start":{"line":112,"column":12},"end":{"line":112,"column":32}}]},"7":{"line":130,"type":"binary-expr","locations":[{"start":{"line":130,"column":51},"end":{"line":130,"column":59}},{"start":{"line":130,"column":63},"end":{"line":130,"column":67}}]},"8":{"line":133,"type":"binary-expr","locations":[{"start":{"line":133,"column":51},"end":{"line":133,"column":59}},{"start":{"line":133,"column":63},"end":{"line":133,"column":67}}]},"9":{"line":156,"type":"if","locations":[{"start":{"line":156,"column":8},"end":{"line":156,"column":8}},{"start":{"line":156,"column":8},"end":{"line":156,"column":8}}]},"10":{"line":157,"type":"if","locations":[{"start":{"line":157,"column":12},"end":{"line":157,"column":12}},{"start":{"line":157,"column":12},"end":{"line":157,"column":12}}]},"11":{"line":196,"type":"if","locations":[{"start":{"line":196,"column":8},"end":{"line":196,"column":8}},{"start":{"line":196,"column":8},"end":{"line":196,"column":8}}]},"12":{"line":209,"type":"if","locations":[{"start":{"line":209,"column":8},"end":{"line":209,"column":8}},{"start":{"line":209,"column":8},"end":{"line":209,"column":8}}]},"13":{"line":210,"type":"if","locations":[{"start":{"line":210,"column":12},"end":{"line":210,"column":12}},{"start":{"line":210,"column":12},"end":{"line":210,"column":12}}]},"14":{"line":221,"type":"if","locations":[{"start":{"line":221,"column":8},"end":{"line":221,"column":8}},{"start":{"line":221,"column":8},"end":{"line":221,"column":8}}]},"15":{"line":222,"type":"if","locations":[{"start":{"line":222,"column":12},"end":{"line":222,"column":12}},{"start":{"line":222,"column":12},"end":{"line":222,"column":12}}]},"16":{"line":226,"type":"if","locations":[{"start":{"line":226,"column":16},"end":{"line":226,"column":16}},{"start":{"line":226,"column":16},"end":{"line":226,"column":16}}]},"17":{"line":239,"type":"if","locations":[{"start":{"line":239,"column":8},"end":{"line":239,"column":8}},{"start":{"line":239,"column":8},"end":{"line":239,"column":8}}]},"18":{"line":271,"type":"if","locations":[{"start":{"line":271,"column":8},"end":{"line":271,"column":8}},{"start":{"line":271,"column":8},"end":{"line":271,"column":8}}]},"19":{"line":293,"type":"if","locations":[{"start":{"line":293,"column":8},"end":{"line":293,"column":8}},{"start":{"line":293,"column":8},"end":{"line":293,"column":8}}]},"20":{"line":323,"type":"if","locations":[{"start":{"line":323,"column":8},"end":{"line":323,"column":8}},{"start":{"line":323,"column":8},"end":{"line":323,"column":8}}]},"21":{"line":327,"type":"if","locations":[{"start":{"line":327,"column":8},"end":{"line":327,"column":8}},{"start":{"line":327,"column":8},"end":{"line":327,"column":8}}]},"22":{"line":328,"type":"if","locations":[{"start":{"line":328,"column":12},"end":{"line":328,"column":12}},{"start":{"line":328,"column":12},"end":{"line":328,"column":12}}]},"23":{"line":360,"type":"if","locations":[{"start":{"line":360,"column":8},"end":{"line":360,"column":8}},{"start":{"line":360,"column":8},"end":{"line":360,"column":8}}]},"24":{"line":365,"type":"if","locations":[{"start":{"line":365,"column":8},"end":{"line":365,"column":8}},{"start":{"line":365,"column":8},"end":{"line":365,"column":8}}]},"25":{"line":369,"type":"if","locations":[{"start":{"line":369,"column":8},"end":{"line":369,"column":8}},{"start":{"line":369,"column":8},"end":{"line":369,"column":8}}]},"26":{"line":399,"type":"if","locations":[{"start":{"line":399,"column":8},"end":{"line":399,"column":8}},{"start":{"line":399,"column":8},"end":{"line":399,"column":8}}]},"27":{"line":403,"type":"if","locations":[{"start":{"line":403,"column":8},"end":{"line":403,"column":8}},{"start":{"line":403,"column":8},"end":{"line":403,"column":8}}]},"28":{"line":409,"type":"if","locations":[{"start":{"line":409,"column":4},"end":{"line":409,"column":4}},{"start":{"line":409,"column":4},"end":{"line":409,"column":4}}]},"29":{"line":439,"type":"if","locations":[{"start":{"line":439,"column":12},"end":{"line":439,"column":12}},{"start":{"line":439,"column":12},"end":{"line":439,"column":12}}]},"30":{"line":443,"type":"if","locations":[{"start":{"line":443,"column":8},"end":{"line":443,"column":8}},{"start":{"line":443,"column":8},"end":{"line":443,"column":8}}]},"31":{"line":454,"type":"if","locations":[{"start":{"line":454,"column":12},"end":{"line":454,"column":12}},{"start":{"line":454,"column":12},"end":{"line":454,"column":12}}]},"32":{"line":458,"type":"if","locations":[{"start":{"line":458,"column":8},"end":{"line":458,"column":8}},{"start":{"line":458,"column":8},"end":{"line":458,"column":8}}]},"33":{"line":472,"type":"if","locations":[{"start":{"line":472,"column":8},"end":{"line":472,"column":8}},{"start":{"line":472,"column":8},"end":{"line":472,"column":8}}]}}},"/Users/dkachaev/repos/amida-tech/blue-button/lib/parser/cms/sectionRouter.js":{"path":"/Users/dkachaev/repos/amida-tech/blue-button/lib/parser/cms/sectionRouter.js","s":{"1":1,"2":1,"3":1,"4":1,"5":1,"6":1,"7":1,"8":1,"9":1,"10":1,"11":20,"12":16,"13":16,"14":4,"15":1},"b":{"1":[16,4],"2":[16,0]},"f":{"1":1,"2":20},"fnMap":{"1":{"name":"getMeta","line":21,"loc":{"start":{"line":21,"column":1},"end":{"line":21,"column":26}}},"2":{"name":"(anonymous_2)","line":30,"loc":{"start":{"line":30,"column":21},"end":{"line":30,"column":44}}}},"statementMap":{"1":{"start":{"line":1,"column":1},"end":{"line":1,"column":61}},"2":{"start":{"line":3,"column":1},"end":{"line":19,"column":3}},"3":{"start":{"line":21,"column":1},"end":{"line":28,"column":2}},"4":{"start":{"line":22,"column":5},"end":{"line":22,"column":24}},"5":{"start":{"line":23,"column":5},"end":{"line":23,"column":63}},"6":{"start":{"line":24,"column":5},"end":{"line":24,"column":39}},"7":{"start":{"line":25,"column":5},"end":{"line":25,"column":43}},"8":{"start":{"line":26,"column":5},"end":{"line":26,"column":32}},"9":{"start":{"line":27,"column":5},"end":{"line":27,"column":21}},"10":{"start":{"line":30,"column":1},"end":{"line":38,"column":3}},"11":{"start":{"line":31,"column":5},"end":{"line":37,"column":6}},"12":{"start":{"line":32,"column":9},"end":{"line":34,"column":10}},"13":{"start":{"line":33,"column":13},"end":{"line":33,"column":42}},"14":{"start":{"line":36,"column":9},"end":{"line":36,"column":21}},"15":{"start":{"line":40,"column":1},"end":{"line":40,"column":46}}},"branchMap":{"1":{"line":31,"type":"if","locations":[{"start":{"line":31,"column":5},"end":{"line":31,"column":5}},{"start":{"line":31,"column":5},"end":{"line":31,"column":5}}]},"2":{"line":32,"type":"if","locations":[{"start":{"line":32,"column":9},"end":{"line":32,"column":9}},{"start":{"line":32,"column":9},"end":{"line":32,"column":9}}]}}},"/Users/dkachaev/repos/amida-tech/blue-button/lib/parser/cms/sections/commonFunctions.js":{"path":"/Users/dkachaev/repos/amida-tech/blue-button/lib/parser/cms/sections/commonFunctions.js","s":{"1":1,"2":1,"3":1,"4":1,"5":1,"6":1,"7":1,"8":1,"9":1,"10":8,"11":8,"12":8,"13":8,"14":2,"15":2,"16":2,"17":2,"18":0,"19":0,"20":0,"21":0,"22":0,"23":0,"24":0,"25":0,"26":0,"27":0,"28":0,"29":0,"30":0,"31":0,"32":0,"33":0,"34":0,"35":0,"36":2,"37":8,"38":8,"39":2,"40":2,"41":2,"42":2,"43":2,"44":2,"45":2,"46":2,"47":2,"48":2,"49":2,"50":2,"51":0,"52":0,"53":0,"54":0,"55":0,"56":0,"57":0,"58":0,"59":0,"60":0,"61":0,"62":0,"63":0,"64":0,"65":0,"66":6,"67":3,"68":3,"69":3,"70":3,"71":3,"72":3,"73":3,"74":3,"75":3,"76":3,"77":1,"78":4,"79":1,"80":1,"81":1,"82":2,"83":2,"84":6,"85":6,"86":2,"87":2,"88":2,"89":2,"90":2,"91":0,"92":0,"93":0,"94":0,"95":0,"96":0,"97":0,"98":0,"99":2,"100":0,"101":0,"102":0,"103":0,"104":0,"105":0,"106":0,"107":0,"108":0,"109":0,"110":0,"111":0,"112":3,"113":3,"114":3,"115":3,"116":3,"117":3,"118":3,"119":3,"120":3,"121":3,"122":3,"123":3,"124":3,"125":3,"126":3,"127":3,"128":3,"129":0,"130":1,"131":1,"132":1,"133":1,"134":0,"135":1,"136":1,"137":1,"138":1,"139":1,"140":1,"141":0,"142":1,"143":1,"144":1,"145":1,"146":9,"147":9,"148":9,"149":7,"150":9,"151":1,"152":47,"153":47,"154":47,"155":47,"156":0,"157":0,"158":0,"159":0,"160":0,"161":0,"162":0,"163":47,"164":47,"165":47,"166":47,"167":47,"168":47,"169":47,"170":1,"171":0,"172":0,"173":0,"174":0,"175":1,"176":47,"177":47,"178":47,"179":47,"180":47,"181":3,"182":3,"183":3,"184":1,"185":2,"186":2,"187":0,"188":44,"189":44,"190":44,"191":0,"192":0,"193":0,"194":0,"195":0,"196":1,"197":4,"198":4,"199":4,"200":0,"201":0,"202":0,"203":0,"204":0,"205":0,"206":0,"207":0,"208":0,"209":4,"210":4,"211":4,"212":4,"213":0,"214":0,"215":0,"216":0,"217":0,"218":0,"219":0,"220":0,"221":4,"222":1,"223":32,"224":32,"225":32,"226":25,"227":32,"228":7,"229":0,"230":32,"231":7,"232":7,"233":32,"234":1,"235":0,"236":0,"237":0,"238":0,"239":0,"240":0,"241":0,"242":0,"243":0,"244":1,"245":4,"246":4,"247":1,"248":3,"249":3,"250":0,"251":0,"252":1,"253":270,"254":42,"255":228,"256":0,"257":228,"258":8,"259":220,"260":220,"261":220,"262":427,"263":16,"264":204,"265":1,"266":290,"267":290,"268":290,"269":0,"270":1,"271":1,"272":1,"273":1,"274":1,"275":1,"276":1},"b":{"1":[2,6],"2":[0,2],"3":[2,0],"4":[0,0],"5":[0,0],"6":[0,0],"7":[2,6],"8":[0,0],"9":[3,3],"10":[1,2],"11":[1,3],"12":[2,0],"13":[2,4],"14":[0,2],"15":[0,0],"16":[0,2],"17":[0,0],"18":[0,0],"19":[0,0],"20":[0,0],"21":[3,0],"22":[0,1],"23":[0,1],"24":[7,2],"25":[0,47],"26":[3,44],"27":[47,47],"28":[1,2],"29":[2,0],"30":[44,0],"31":[0,0],"32":[0,0],"33":[0,4],"34":[0,0],"35":[4,0],"36":[0,0],"37":[0,0],"38":[32,0],"39":[32,0],"40":[25,7],"41":[7,25],"42":[32,25],"43":[0,7],"44":[7,25],"45":[32,25],"46":[7,0],"47":[0,0],"48":[0,0],"49":[0,0],"50":[0,0],"51":[0,0],"52":[0,0],"53":[1,3],"54":[3,0],"55":[0,0],"56":[0,0],"57":[42,228],"58":[270,237,237],"59":[0,228],"60":[8,220],"61":[16,411],"62":[290,0],"63":[290,0],"64":[1,0]},"f":{"1":1,"2":8,"3":1,"4":1,"5":0,"6":9,"7":47,"8":0,"9":47,"10":4,"11":32,"12":0,"13":4,"14":270,"15":290,"16":0,"17":1},"fnMap":{"1":{"name":"commonFunctions","line":11,"loc":{"start":{"line":11,"column":22},"end":{"line":11,"column":49}}},"2":{"name":"cda_line_address","line":32,"loc":{"start":{"line":32,"column":0},"end":{"line":32,"column":41}}},"3":{"name":"cda_phone","line":258,"loc":{"start":{"line":258,"column":0},"end":{"line":258,"column":39}}},"4":{"name":"cda_email","line":269,"loc":{"start":{"line":269,"column":0},"end":{"line":269,"column":38}}},"5":{"name":"cda_concept","line":280,"loc":{"start":{"line":280,"column":0},"end":{"line":280,"column":23}}},"6":{"name":"cda_id","line":282,"loc":{"start":{"line":282,"column":0},"end":{"line":282,"column":31}}},"7":{"name":"cda_date","line":291,"loc":{"start":{"line":291,"column":0},"end":{"line":291,"column":41}}},"8":{"name":"cda_physical_quantity","line":316,"loc":{"start":{"line":316,"column":0},"end":{"line":316,"column":44}}},"9":{"name":"determineDatePrecision","line":323,"loc":{"start":{"line":323,"column":0},"end":{"line":323,"column":44}}},"10":{"name":"cda_name","line":374,"loc":{"start":{"line":374,"column":0},"end":{"line":374,"column":24}}},"11":{"name":"cda_coded_entry","line":413,"loc":{"start":{"line":413,"column":0},"end":{"line":413,"column":49}}},"12":{"name":"getValueType","line":435,"loc":{"start":{"line":435,"column":0},"end":{"line":435,"column":32}}},"13":{"name":"writeValue","line":449,"loc":{"start":{"line":449,"column":0},"end":{"line":449,"column":37}}},"14":{"name":"ignoreValue","line":460,"loc":{"start":{"line":460,"column":0},"end":{"line":460,"column":28}}},"15":{"name":"getFunction","line":480,"loc":{"start":{"line":480,"column":0},"end":{"line":480,"column":38}}},"16":{"name":"formatCurrency","line":491,"loc":{"start":{"line":491,"column":0},"end":{"line":491,"column":40}}},"17":{"name":"(anonymous_17)","line":495,"loc":{"start":{"line":495,"column":30},"end":{"line":495,"column":42}}}},"statementMap":{"1":{"start":{"line":7,"column":0},"end":{"line":7,"column":44}},"2":{"start":{"line":8,"column":0},"end":{"line":8,"column":72}},"3":{"start":{"line":9,"column":0},"end":{"line":9,"column":66}},"4":{"start":{"line":11,"column":0},"end":{"line":28,"column":2}},"5":{"start":{"line":12,"column":4},"end":{"line":24,"column":6}},"6":{"start":{"line":25,"column":4},"end":{"line":25,"column":33}},"7":{"start":{"line":26,"column":4},"end":{"line":26,"column":35}},"8":{"start":{"line":27,"column":4},"end":{"line":27,"column":37}},"9":{"start":{"line":32,"column":0},"end":{"line":256,"column":1}},"10":{"start":{"line":33,"column":4},"end":{"line":40,"column":6}},"11":{"start":{"line":41,"column":4},"end":{"line":41,"column":55}},"12":{"start":{"line":42,"column":4},"end":{"line":42,"column":52}},"13":{"start":{"line":43,"column":4},"end":{"line":254,"column":5}},"14":{"start":{"line":44,"column":8},"end":{"line":44,"column":49}},"15":{"start":{"line":46,"column":8},"end":{"line":46,"column":22}},"16":{"start":{"line":57,"column":8},"end":{"line":57,"column":71}},"17":{"start":{"line":58,"column":8},"end":{"line":88,"column":9}},"18":{"start":{"line":59,"column":12},"end":{"line":59,"column":60}},"19":{"start":{"line":60,"column":12},"end":{"line":60,"column":52}},"20":{"start":{"line":61,"column":12},"end":{"line":61,"column":36}},"21":{"start":{"line":62,"column":12},"end":{"line":62,"column":36}},"22":{"start":{"line":63,"column":12},"end":{"line":71,"column":13}},"23":{"start":{"line":64,"column":16},"end":{"line":64,"column":89}},"24":{"start":{"line":65,"column":16},"end":{"line":70,"column":17}},"25":{"start":{"line":66,"column":20},"end":{"line":68,"column":21}},"26":{"start":{"line":67,"column":24},"end":{"line":67,"column":55}},"27":{"start":{"line":69,"column":20},"end":{"line":69,"column":60}},"28":{"start":{"line":72,"column":12},"end":{"line":72,"column":84}},"29":{"start":{"line":73,"column":12},"end":{"line":87,"column":13}},"30":{"start":{"line":74,"column":16},"end":{"line":74,"column":88}},"31":{"start":{"line":75,"column":16},"end":{"line":75,"column":58}},"32":{"start":{"line":83,"column":16},"end":{"line":83,"column":56}},"33":{"start":{"line":84,"column":16},"end":{"line":84,"column":68}},"34":{"start":{"line":85,"column":16},"end":{"line":85,"column":70}},"35":{"start":{"line":86,"column":16},"end":{"line":86,"column":34}},"36":{"start":{"line":90,"column":8},"end":{"line":110,"column":9}},"37":{"start":{"line":91,"column":12},"end":{"line":91,"column":48}},"38":{"start":{"line":92,"column":12},"end":{"line":109,"column":13}},"39":{"start":{"line":93,"column":16},"end":{"line":93,"column":35}},"40":{"start":{"line":94,"column":16},"end":{"line":94,"column":39}},"41":{"start":{"line":95,"column":16},"end":{"line":95,"column":68}},"42":{"start":{"line":96,"column":16},"end":{"line":96,"column":67}},"43":{"start":{"line":97,"column":16},"end":{"line":97,"column":82}},"44":{"start":{"line":98,"column":16},"end":{"line":98,"column":58}},"45":{"start":{"line":101,"column":16},"end":{"line":101,"column":68}},"46":{"start":{"line":102,"column":16},"end":{"line":102,"column":70}},"47":{"start":{"line":104,"column":16},"end":{"line":104,"column":69}},"48":{"start":{"line":105,"column":16},"end":{"line":105,"column":73}},"49":{"start":{"line":107,"column":16},"end":{"line":107,"column":91}},"50":{"start":{"line":108,"column":16},"end":{"line":108,"column":34}},"51":{"start":{"line":112,"column":8},"end":{"line":131,"column":9}},"52":{"start":{"line":113,"column":12},"end":{"line":113,"column":48}},"53":{"start":{"line":114,"column":12},"end":{"line":130,"column":13}},"54":{"start":{"line":115,"column":16},"end":{"line":115,"column":35}},"55":{"start":{"line":116,"column":16},"end":{"line":116,"column":39}},"56":{"start":{"line":117,"column":16},"end":{"line":117,"column":68}},"57":{"start":{"line":118,"column":16},"end":{"line":118,"column":67}},"58":{"start":{"line":119,"column":16},"end":{"line":119,"column":93}},"59":{"start":{"line":120,"column":16},"end":{"line":120,"column":58}},"60":{"start":{"line":123,"column":16},"end":{"line":123,"column":68}},"61":{"start":{"line":124,"column":16},"end":{"line":124,"column":70}},"62":{"start":{"line":126,"column":16},"end":{"line":126,"column":69}},"63":{"start":{"line":128,"column":16},"end":{"line":128,"column":89}},"64":{"start":{"line":129,"column":16},"end":{"line":129,"column":34}},"65":{"start":{"line":133,"column":8},"end":{"line":133,"column":20}},"66":{"start":{"line":137,"column":9},"end":{"line":254,"column":5}},"67":{"start":{"line":138,"column":8},"end":{"line":138,"column":51}},"68":{"start":{"line":139,"column":8},"end":{"line":139,"column":49}},"69":{"start":{"line":141,"column":8},"end":{"line":141,"column":25}},"70":{"start":{"line":142,"column":8},"end":{"line":142,"column":32}},"71":{"start":{"line":143,"column":8},"end":{"line":143,"column":19}},"72":{"start":{"line":144,"column":8},"end":{"line":144,"column":17}},"73":{"start":{"line":148,"column":8},"end":{"line":148,"column":51}},"74":{"start":{"line":156,"column":8},"end":{"line":156,"column":56}},"75":{"start":{"line":157,"column":8},"end":{"line":157,"column":22}},"76":{"start":{"line":162,"column":8},"end":{"line":230,"column":9}},"77":{"start":{"line":163,"column":12},"end":{"line":173,"column":13}},"78":{"start":{"line":166,"column":16},"end":{"line":171,"column":17}},"79":{"start":{"line":167,"column":20},"end":{"line":167,"column":39}},"80":{"start":{"line":168,"column":20},"end":{"line":168,"column":47}},"81":{"start":{"line":169,"column":20},"end":{"line":169,"column":85}},"82":{"start":{"line":181,"column":12},"end":{"line":191,"column":13}},"83":{"start":{"line":182,"column":16},"end":{"line":190,"column":17}},"84":{"start":{"line":183,"column":20},"end":{"line":183,"column":60}},"85":{"start":{"line":184,"column":20},"end":{"line":189,"column":21}},"86":{"start":{"line":185,"column":24},"end":{"line":185,"column":43}},"87":{"start":{"line":186,"column":24},"end":{"line":186,"column":51}},"88":{"start":{"line":187,"column":24},"end":{"line":187,"column":89}},"89":{"start":{"line":188,"column":24},"end":{"line":188,"column":30}},"90":{"start":{"line":194,"column":12},"end":{"line":206,"column":13}},"91":{"start":{"line":196,"column":16},"end":{"line":205,"column":17}},"92":{"start":{"line":197,"column":20},"end":{"line":197,"column":60}},"93":{"start":{"line":198,"column":20},"end":{"line":204,"column":21}},"94":{"start":{"line":199,"column":24},"end":{"line":199,"column":43}},"95":{"start":{"line":200,"column":24},"end":{"line":200,"column":51}},"96":{"start":{"line":201,"column":24},"end":{"line":201,"column":89}},"97":{"start":{"line":202,"column":24},"end":{"line":202,"column":36}},"98":{"start":{"line":203,"column":24},"end":{"line":203,"column":30}},"99":{"start":{"line":209,"column":12},"end":{"line":228,"column":13}},"100":{"start":{"line":210,"column":16},"end":{"line":210,"column":60}},"101":{"start":{"line":211,"column":16},"end":{"line":211,"column":67}},"102":{"start":{"line":212,"column":16},"end":{"line":226,"column":17}},"103":{"start":{"line":213,"column":20},"end":{"line":213,"column":63}},"104":{"start":{"line":214,"column":20},"end":{"line":214,"column":59}},"105":{"start":{"line":215,"column":20},"end":{"line":215,"column":67}},"106":{"start":{"line":216,"column":20},"end":{"line":216,"column":48}},"107":{"start":{"line":217,"column":20},"end":{"line":225,"column":21}},"108":{"start":{"line":218,"column":24},"end":{"line":218,"column":92}},"109":{"start":{"line":219,"column":24},"end":{"line":224,"column":25}},"110":{"start":{"line":220,"column":28},"end":{"line":222,"column":29}},"111":{"start":{"line":221,"column":32},"end":{"line":221,"column":63}},"112":{"start":{"line":233,"column":8},"end":{"line":233,"column":56}},"113":{"start":{"line":234,"column":8},"end":{"line":234,"column":77}},"114":{"start":{"line":236,"column":8},"end":{"line":236,"column":45}},"115":{"start":{"line":237,"column":8},"end":{"line":237,"column":35}},"116":{"start":{"line":238,"column":8},"end":{"line":238,"column":33}},"117":{"start":{"line":239,"column":8},"end":{"line":239,"column":45}},"118":{"start":{"line":240,"column":8},"end":{"line":240,"column":31}},"119":{"start":{"line":241,"column":8},"end":{"line":241,"column":33}},"120":{"start":{"line":242,"column":8},"end":{"line":242,"column":29}},"121":{"start":{"line":244,"column":8},"end":{"line":244,"column":26}},"122":{"start":{"line":247,"column":9},"end":{"line":254,"column":5}},"123":{"start":{"line":248,"column":8},"end":{"line":248,"column":60}},"124":{"start":{"line":249,"column":8},"end":{"line":249,"column":49}},"125":{"start":{"line":250,"column":8},"end":{"line":250,"column":60}},"126":{"start":{"line":251,"column":8},"end":{"line":251,"column":42}},"127":{"start":{"line":252,"column":8},"end":{"line":252,"column":40}},"128":{"start":{"line":253,"column":8},"end":{"line":253,"column":26}},"129":{"start":{"line":255,"column":4},"end":{"line":255,"column":16}},"130":{"start":{"line":258,"column":0},"end":{"line":267,"column":1}},"131":{"start":{"line":259,"column":4},"end":{"line":259,"column":22}},"132":{"start":{"line":260,"column":4},"end":{"line":260,"column":35}},"133":{"start":{"line":261,"column":4},"end":{"line":265,"column":5}},"134":{"start":{"line":262,"column":8},"end":{"line":262,"column":29}},"135":{"start":{"line":264,"column":8},"end":{"line":264,"column":39}},"136":{"start":{"line":266,"column":4},"end":{"line":266,"column":20}},"137":{"start":{"line":269,"column":0},"end":{"line":278,"column":1}},"138":{"start":{"line":270,"column":4},"end":{"line":270,"column":22}},"139":{"start":{"line":271,"column":4},"end":{"line":271,"column":35}},"140":{"start":{"line":272,"column":4},"end":{"line":276,"column":5}},"141":{"start":{"line":273,"column":8},"end":{"line":273,"column":29}},"142":{"start":{"line":275,"column":8},"end":{"line":275,"column":27}},"143":{"start":{"line":277,"column":4},"end":{"line":277,"column":20}},"144":{"start":{"line":280,"column":0},"end":{"line":280,"column":25}},"145":{"start":{"line":282,"column":0},"end":{"line":289,"column":1}},"146":{"start":{"line":283,"column":4},"end":{"line":283,"column":17}},"147":{"start":{"line":284,"column":4},"end":{"line":284,"column":24}},"148":{"start":{"line":285,"column":4},"end":{"line":287,"column":5}},"149":{"start":{"line":286,"column":8},"end":{"line":286,"column":34}},"150":{"start":{"line":288,"column":4},"end":{"line":288,"column":15}},"151":{"start":{"line":291,"column":0},"end":{"line":314,"column":1}},"152":{"start":{"line":292,"column":4},"end":{"line":292,"column":16}},"153":{"start":{"line":293,"column":4},"end":{"line":293,"column":13}},"154":{"start":{"line":294,"column":4},"end":{"line":294,"column":16}},"155":{"start":{"line":295,"column":4},"end":{"line":312,"column":5}},"156":{"start":{"line":296,"column":8},"end":{"line":296,"column":21}},"157":{"start":{"line":297,"column":8},"end":{"line":297,"column":36}},"158":{"start":{"line":298,"column":8},"end":{"line":298,"column":68}},"159":{"start":{"line":299,"column":8},"end":{"line":299,"column":30}},"160":{"start":{"line":301,"column":8},"end":{"line":301,"column":42}},"161":{"start":{"line":302,"column":8},"end":{"line":302,"column":38}},"162":{"start":{"line":303,"column":8},"end":{"line":303,"column":23}},"163":{"start":{"line":305,"column":8},"end":{"line":305,"column":21}},"164":{"start":{"line":306,"column":8},"end":{"line":306,"column":36}},"165":{"start":{"line":307,"column":8},"end":{"line":307,"column":68}},"166":{"start":{"line":308,"column":8},"end":{"line":308,"column":30}},"167":{"start":{"line":309,"column":8},"end":{"line":309,"column":42}},"168":{"start":{"line":310,"column":8},"end":{"line":310,"column":63}},"169":{"start":{"line":311,"column":8},"end":{"line":311,"column":23}},"170":{"start":{"line":316,"column":0},"end":{"line":321,"column":1}},"171":{"start":{"line":317,"column":4},"end":{"line":317,"column":17}},"172":{"start":{"line":318,"column":4},"end":{"line":318,"column":22}},"173":{"start":{"line":319,"column":4},"end":{"line":319,"column":20}},"174":{"start":{"line":320,"column":4},"end":{"line":320,"column":15}},"175":{"start":{"line":323,"column":0},"end":{"line":358,"column":1}},"176":{"start":{"line":326,"column":4},"end":{"line":326,"column":13}},"177":{"start":{"line":327,"column":4},"end":{"line":327,"column":69}},"178":{"start":{"line":328,"column":4},"end":{"line":328,"column":69}},"179":{"start":{"line":329,"column":4},"end":{"line":329,"column":37}},"180":{"start":{"line":332,"column":4},"end":{"line":355,"column":5}},"181":{"start":{"line":335,"column":8},"end":{"line":335,"column":36}},"182":{"start":{"line":337,"column":8},"end":{"line":337,"column":40}},"183":{"start":{"line":338,"column":8},"end":{"line":342,"column":9}},"184":{"start":{"line":339,"column":12},"end":{"line":339,"column":28}},"185":{"start":{"line":340,"column":15},"end":{"line":342,"column":9}},"186":{"start":{"line":341,"column":12},"end":{"line":341,"column":26}},"187":{"start":{"line":343,"column":8},"end":{"line":343,"column":22}},"188":{"start":{"line":345,"column":8},"end":{"line":345,"column":54}},"189":{"start":{"line":346,"column":8},"end":{"line":348,"column":9}},"190":{"start":{"line":347,"column":12},"end":{"line":347,"column":25}},"191":{"start":{"line":349,"column":8},"end":{"line":351,"column":9}},"192":{"start":{"line":350,"column":12},"end":{"line":350,"column":27}},"193":{"start":{"line":352,"column":8},"end":{"line":354,"column":9}},"194":{"start":{"line":353,"column":12},"end":{"line":353,"column":26}},"195":{"start":{"line":357,"column":4},"end":{"line":357,"column":18}},"196":{"start":{"line":374,"column":0},"end":{"line":411,"column":1}},"197":{"start":{"line":376,"column":4},"end":{"line":376,"column":24}},"198":{"start":{"line":377,"column":4},"end":{"line":377,"column":18}},"199":{"start":{"line":379,"column":4},"end":{"line":409,"column":5}},"200":{"start":{"line":380,"column":8},"end":{"line":380,"column":36}},"201":{"start":{"line":381,"column":8},"end":{"line":381,"column":46}},"202":{"start":{"line":382,"column":8},"end":{"line":382,"column":63}},"203":{"start":{"line":385,"column":8},"end":{"line":385,"column":31}},"204":{"start":{"line":386,"column":8},"end":{"line":386,"column":55}},"205":{"start":{"line":387,"column":8},"end":{"line":389,"column":9}},"206":{"start":{"line":388,"column":12},"end":{"line":388,"column":60}},"207":{"start":{"line":390,"column":8},"end":{"line":392,"column":9}},"208":{"start":{"line":391,"column":12},"end":{"line":391,"column":46}},"209":{"start":{"line":394,"column":8},"end":{"line":394,"column":36}},"210":{"start":{"line":395,"column":8},"end":{"line":408,"column":9}},"211":{"start":{"line":396,"column":12},"end":{"line":396,"column":44}},"212":{"start":{"line":397,"column":12},"end":{"line":397,"column":43}},"213":{"start":{"line":398,"column":15},"end":{"line":408,"column":9}},"214":{"start":{"line":399,"column":12},"end":{"line":399,"column":44}},"215":{"start":{"line":400,"column":12},"end":{"line":400,"column":35}},"216":{"start":{"line":401,"column":12},"end":{"line":403,"column":13}},"217":{"start":{"line":402,"column":16},"end":{"line":402,"column":49}},"218":{"start":{"line":404,"column":12},"end":{"line":406,"column":13}},"219":{"start":{"line":405,"column":16},"end":{"line":405,"column":50}},"220":{"start":{"line":407,"column":12},"end":{"line":407,"column":62}},"221":{"start":{"line":410,"column":4},"end":{"line":410,"column":22}},"222":{"start":{"line":413,"column":0},"end":{"line":433,"column":1}},"223":{"start":{"line":414,"column":4},"end":{"line":414,"column":27}},"224":{"start":{"line":416,"column":4},"end":{"line":420,"column":5}},"225":{"start":{"line":417,"column":8},"end":{"line":419,"column":9}},"226":{"start":{"line":418,"column":12},"end":{"line":418,"column":38}},"227":{"start":{"line":421,"column":4},"end":{"line":425,"column":5}},"228":{"start":{"line":422,"column":8},"end":{"line":424,"column":9}},"229":{"start":{"line":423,"column":12},"end":{"line":423,"column":50}},"230":{"start":{"line":426,"column":4},"end":{"line":430,"column":5}},"231":{"start":{"line":427,"column":8},"end":{"line":429,"column":9}},"232":{"start":{"line":428,"column":12},"end":{"line":428,"column":38}},"233":{"start":{"line":432,"column":4},"end":{"line":432,"column":25}},"234":{"start":{"line":435,"column":0},"end":{"line":447,"column":1}},"235":{"start":{"line":436,"column":4},"end":{"line":446,"column":18}},"236":{"start":{"line":437,"column":8},"end":{"line":437,"column":18}},"237":{"start":{"line":438,"column":11},"end":{"line":446,"column":18}},"238":{"start":{"line":439,"column":8},"end":{"line":441,"column":9}},"239":{"start":{"line":440,"column":12},"end":{"line":440,"column":22}},"240":{"start":{"line":442,"column":8},"end":{"line":444,"column":9}},"241":{"start":{"line":443,"column":12},"end":{"line":443,"column":22}},"242":{"start":{"line":445,"column":11},"end":{"line":446,"column":18}},"243":{"start":{"line":446,"column":8},"end":{"line":446,"column":18}},"244":{"start":{"line":449,"column":0},"end":{"line":457,"column":1}},"245":{"start":{"line":450,"column":4},"end":{"line":450,"column":28}},"246":{"start":{"line":451,"column":4},"end":{"line":456,"column":25}},"247":{"start":{"line":452,"column":8},"end":{"line":452,"column":29}},"248":{"start":{"line":453,"column":11},"end":{"line":456,"column":25}},"249":{"start":{"line":454,"column":8},"end":{"line":454,"column":25}},"250":{"start":{"line":455,"column":11},"end":{"line":456,"column":25}},"251":{"start":{"line":456,"column":8},"end":{"line":456,"column":25}},"252":{"start":{"line":460,"column":0},"end":{"line":478,"column":1}},"253":{"start":{"line":461,"column":4},"end":{"line":463,"column":5}},"254":{"start":{"line":462,"column":8},"end":{"line":462,"column":20}},"255":{"start":{"line":464,"column":4},"end":{"line":466,"column":5}},"256":{"start":{"line":465,"column":8},"end":{"line":465,"column":20}},"257":{"start":{"line":467,"column":4},"end":{"line":469,"column":5}},"258":{"start":{"line":468,"column":8},"end":{"line":468,"column":21}},"259":{"start":{"line":470,"column":4},"end":{"line":470,"column":32}},"260":{"start":{"line":471,"column":4},"end":{"line":471,"column":59}},"261":{"start":{"line":472,"column":4},"end":{"line":476,"column":5}},"262":{"start":{"line":473,"column":8},"end":{"line":475,"column":9}},"263":{"start":{"line":474,"column":12},"end":{"line":474,"column":24}},"264":{"start":{"line":477,"column":4},"end":{"line":477,"column":17}},"265":{"start":{"line":480,"column":0},"end":{"line":487,"column":1}},"266":{"start":{"line":481,"column":4},"end":{"line":485,"column":5}},"267":{"start":{"line":482,"column":8},"end":{"line":484,"column":9}},"268":{"start":{"line":483,"column":12},"end":{"line":483,"column":46}},"269":{"start":{"line":486,"column":4},"end":{"line":486,"column":16}},"270":{"start":{"line":491,"column":0},"end":{"line":491,"column":42}},"271":{"start":{"line":493,"column":0},"end":{"line":493,"column":32}},"272":{"start":{"line":495,"column":0},"end":{"line":502,"column":0}},"273":{"start":{"line":496,"column":4},"end":{"line":498,"column":5}},"274":{"start":{"line":497,"column":8},"end":{"line":497,"column":46}},"275":{"start":{"line":499,"column":4},"end":{"line":499,"column":25}},"276":{"start":{"line":502,"column":0},"end":{"line":502,"column":47}}},"branchMap":{"1":{"line":43,"type":"if","locations":[{"start":{"line":43,"column":4},"end":{"line":43,"column":4}},{"start":{"line":43,"column":4},"end":{"line":43,"column":4}}]},"2":{"line":58,"type":"if","locations":[{"start":{"line":58,"column":8},"end":{"line":58,"column":8}},{"start":{"line":58,"column":8},"end":{"line":58,"column":8}}]},"3":{"line":58,"type":"binary-expr","locations":[{"start":{"line":58,"column":12},"end":{"line":58,"column":35}},{"start":{"line":58,"column":39},"end":{"line":58,"column":59}}]},"4":{"line":65,"type":"if","locations":[{"start":{"line":65,"column":16},"end":{"line":65,"column":16}},{"start":{"line":65,"column":16},"end":{"line":65,"column":16}}]},"5":{"line":66,"type":"if","locations":[{"start":{"line":66,"column":20},"end":{"line":66,"column":20}},{"start":{"line":66,"column":20},"end":{"line":66,"column":20}}]},"6":{"line":73,"type":"if","locations":[{"start":{"line":73,"column":12},"end":{"line":73,"column":12}},{"start":{"line":73,"column":12},"end":{"line":73,"column":12}}]},"7":{"line":92,"type":"if","locations":[{"start":{"line":92,"column":12},"end":{"line":92,"column":12}},{"start":{"line":92,"column":12},"end":{"line":92,"column":12}}]},"8":{"line":114,"type":"if","locations":[{"start":{"line":114,"column":12},"end":{"line":114,"column":12}},{"start":{"line":114,"column":12},"end":{"line":114,"column":12}}]},"9":{"line":137,"type":"if","locations":[{"start":{"line":137,"column":9},"end":{"line":137,"column":9}},{"start":{"line":137,"column":9},"end":{"line":137,"column":9}}]},"10":{"line":162,"type":"if","locations":[{"start":{"line":162,"column":8},"end":{"line":162,"column":8}},{"start":{"line":162,"column":8},"end":{"line":162,"column":8}}]},"11":{"line":166,"type":"if","locations":[{"start":{"line":166,"column":16},"end":{"line":166,"column":16}},{"start":{"line":166,"column":16},"end":{"line":166,"column":16}}]},"12":{"line":181,"type":"if","locations":[{"start":{"line":181,"column":12},"end":{"line":181,"column":12}},{"start":{"line":181,"column":12},"end":{"line":181,"column":12}}]},"13":{"line":184,"type":"if","locations":[{"start":{"line":184,"column":20},"end":{"line":184,"column":20}},{"start":{"line":184,"column":20},"end":{"line":184,"column":20}}]},"14":{"line":194,"type":"if","locations":[{"start":{"line":194,"column":12},"end":{"line":194,"column":12}},{"start":{"line":194,"column":12},"end":{"line":194,"column":12}}]},"15":{"line":198,"type":"if","locations":[{"start":{"line":198,"column":20},"end":{"line":198,"column":20}},{"start":{"line":198,"column":20},"end":{"line":198,"column":20}}]},"16":{"line":209,"type":"if","locations":[{"start":{"line":209,"column":12},"end":{"line":209,"column":12}},{"start":{"line":209,"column":12},"end":{"line":209,"column":12}}]},"17":{"line":212,"type":"if","locations":[{"start":{"line":212,"column":16},"end":{"line":212,"column":16}},{"start":{
[...]
}},"13":{"start":{"line":17,"column":8},"end":{"line":17,"column":30}},"14":{"start":{"line":19,"column":4},"end":{"line":19,"column":24}},"15":{"start":{"line":22,"column":0},"end":{"line":24,"column":2}},"16":{"start":{"line":23,"column":4},"end":{"line":23,"column":20}},"17":{"start":{"line":26,"column":0},"end":{"line":81,"column":0}},"18":{"start":{"line":27,"column":4},"end":{"line":27,"column":52}},"19":{"start":{"line":28,"column":4},"end":{"line":28,"column":65}},"20":{"start":{"line":30,"column":4},"end":{"line":34,"column":50}},"21":{"start":{"line":36,"column":4},"end":{"line":42,"column":11}},"22":{"start":{"line":44,"column":4},"end":{"line":48,"column":11}},"23":{"start":{"line":50,"column":4},"end":{"line":55,"column":11}},"24":{"start":{"line":57,"column":4},"end":{"line":69,"column":11}},"25":{"start":{"line":71,"column":4},"end":{"line":71,"column":72}},"26":{"start":{"line":72,"column":4},"end":{"line":72,"column":121}},"27":{"start":{"line":73,"column":4},"end":{"line":75,"column":7}},"28":{"start":{"line":77,"column":4},"end":{"line":77,"column":80}},"29":{"start":{"line":78,"column":4},"end":{"line":79,"column":0}},"30":{"start":{"line":81,"column":0},"end":{"line":81,"column":58}},"31":{"start":{"line":82,"column":0},"end":{"line":82,"column":56}}},"branchMap":{"1":{"line":10,"type":"if","locations":[{"start":{"line":10,"column":4},"end":{"line":10,"column":4}},{"start":{"line":10,"column":4},"end":{"line":10,"column":4}}]},"2":{"line":12,"type":"if","locations":[{"start":{"line":12,"column":11},"end":{"line":12,"column":11}},{"start":{"line":12,"column":11},"end":{"line":12,"column":11}}]},"3":{"line":14,"type":"if","locations":[{"start":{"line":14,"column":11},"end":{"line":14,"column":11}},{"start":{"line":14,"column":11},"end":{"line":14,"column":11}}]}}},"/Users/dkachaev/repos/amida-tech/blue-button/lib/parser/ccda/sections/social_history.js":{"path":"/Users/dkachaev/repos/amida-tech/blue-button/lib/parser/ccda/sections/social_history.js","s":{"1":1,"2":1,"3":1,"4":1,"5":1,"6":2,"7":2,"8":2,"9":2,"10":2,"11":2,"12":1},"b":{},"f":{"1":2},"fnMap":{"1":{"name":"(anonymous_1)","line":8,"loc":{"start":{"line":8,"column":33},"end":{"line":8,"column":52}}}},"statementMap":{"1":{"start":{"line":3,"column":0},"end":{"line":3,"column":34}},"2":{"start":{"line":4,"column":0},"end":{"line":4,"column":40}},"3":{"start":{"line":5,"column":0},"end":{"line":5,"column":36}},"4":{"start":{"line":6,"column":0},"end":{"line":6,"column":38}},"5":{"start":{"line":8,"column":0},"end":{"line":37,"column":0}},"6":{"start":{"line":9,"column":4},"end":{"line":9,"column":52}},"7":{"start":{"line":10,"column":4},"end":{"line":10,"column":65}},"8":{"start":{"line":12,"column":4},"end":{"line":24,"column":11}},"9":{"start":{"line":29,"column":4},"end":{"line":33,"column":11}},"10":{"start":{"line":34,"column":4},"end":{"line":34,"column":83}},"11":{"start":{"line":35,"column":4},"end":{"line":35,"column":60}},"12":{"start":{"line":37,"column":0},"end":{"line":37,"column":58}}},"branchMap":{}},"/Users/dkachaev/repos/amida-tech/blue-button/lib/parser/ccda/sections/medications.js":{"path":"/Users/dkachaev/repos/amida-tech/blue-button/lib/parser/ccda/sections/medications.js","s":{"1":1,"2":1,"3":1,"4":1,"5":1,"6":1,"7":3,"8":3,"9":3,"10":3,"11":3,"12":3,"13":3,"14":3,"15":3,"16":3,"17":3,"18":3,"19":3,"20":3,"21":1,"22":1,"23":1,"24":0,"25":3,"26":3,"27":3,"28":3,"29":3,"30":3,"31":3,"32":0,"33":0,"34":0,"35":0,"36":0,"37":0,"38":0,"39":0,"40":0,"41":0,"42":0,"43":0,"44":0,"45":0,"46":1,"47":1},"b":{"1":[3,0],"2":[3,0],"3":[3,0],"4":[1,0],"5":[0,1],"6":[0,0],"7":[0,0]},"f":{"1":3,"2":1,"3":0},"fnMap":{"1":{"name":"(anonymous_1)","line":9,"loc":{"start":{"line":9,"column":31},"end":{"line":9,"column":50}}},"2":{"name":"(anonymous_2)","line":149,"loc":{"start":{"line":149,"column":25},"end":{"line":149,"column":37}}},"3":{"name":"(anonymous_3)","line":247,"loc":{"start":{"line":247,"column":25},"end":{"line":247,"column":37}}}},"statementMap":{"1":{"start":{"line":3,"column":0},"end":{"line":3,"column":34}},"2":{"start":{"line":4,"column":0},"end":{"line":4,"column":40}},"3":{"start":{"line":5,"column":0},"end":{"line":5,"column":36}},"4":{"start":{"line":6,"column":0},"end":{"line":6,"column":40}},"5":{"start":{"line":7,"column":0},"end":{"line":7,"column":38}},"6":{"start":{"line":9,"column":0},"end":{"line":275,"column":0}},"7":{"start":{"line":10,"column":4},"end":{"line":10,"column":52}},"8":{"start":{"line":11,"column":4},"end":{"line":11,"column":65}},"9":{"start":{"line":32,"column":4},"end":{"line":43,"column":4}},"10":{"start":{"line":43,"column":4},"end":{"line":52,"column":11}},"11":{"start":{"line":54,"column":4},"end":{"line":60,"column":11}},"12":{"start":{"line":62,"column":4},"end":{"line":67,"column":11}},"13":{"start":{"line":69,"column":4},"end":{"line":76,"column":11}},"14":{"start":{"line":82,"column":4},"end":{"line":272,"column":5}},"15":{"start":{"line":83,"column":8},"end":{"line":90,"column":15}},"16":{"start":{"line":92,"column":8},"end":{"line":101,"column":15}},"17":{"start":{"line":103,"column":8},"end":{"line":109,"column":15}},"18":{"start":{"line":117,"column":8},"end":{"line":121,"column":15}},"19":{"start":{"line":123,"column":8},"end":{"line":129,"column":15}},"20":{"start":{"line":131,"column":8},"end":{"line":183,"column":15}},"21":{"start":{"line":153,"column":16},"end":{"line":155,"column":17}},"22":{"start":{"line":154,"column":20},"end":{"line":154,"column":49}},"23":{"start":{"line":156,"column":16},"end":{"line":158,"column":17}},"24":{"start":{"line":157,"column":20},"end":{"line":157,"column":50}},"25":{"start":{"line":185,"column":8},"end":{"line":186,"column":29}},"26":{"start":{"line":188,"column":8},"end":{"line":189,"column":29}},"27":{"start":{"line":206,"column":8},"end":{"line":206,"column":72}},"28":{"start":{"line":207,"column":8},"end":{"line":207,"column":112}},"29":{"start":{"line":208,"column":8},"end":{"line":210,"column":11}},"30":{"start":{"line":211,"column":8},"end":{"line":211,"column":80}},"31":{"start":{"line":212,"column":8},"end":{"line":212,"column":51}},"32":{"start":{"line":219,"column":8},"end":{"line":224,"column":15}},"33":{"start":{"line":226,"column":8},"end":{"line":233,"column":15}},"34":{"start":{"line":235,"column":8},"end":{"line":257,"column":15}},"35":{"start":{"line":251,"column":16},"end":{"line":253,"column":17}},"36":{"start":{"line":252,"column":20},"end":{"line":252,"column":49}},"37":{"start":{"line":254,"column":16},"end":{"line":256,"column":17}},"38":{"start":{"line":255,"column":20},"end":{"line":255,"column":50}},"39":{"start":{"line":259,"column":8},"end":{"line":260,"column":29}},"40":{"start":{"line":262,"column":8},"end":{"line":263,"column":29}},"41":{"start":{"line":265,"column":8},"end":{"line":265,"column":72}},"42":{"start":{"line":266,"column":8},"end":{"line":266,"column":71}},"43":{"start":{"line":267,"column":8},"end":{"line":269,"column":11}},"44":{"start":{"line":270,"column":8},"end":{"line":270,"column":80}},"45":{"start":{"line":271,"column":8},"end":{"line":271,"column":51}},"46":{"start":{"line":275,"column":0},"end":{"line":275,"column":54}},"47":{"start":{"line":276,"column":0},"end":{"line":276,"column":52}}},"branchMap":{"1":{"line":73,"type":"cond-expr","locations":[{"start":{"line":73,"column":29},"end":{"line":73,"column":35}},{"start":{"line":73,"column":38},"end":{"line":73,"column":52}}]},"2":{"line":74,"type":"cond-expr","locations":[{"start":{"line":74,"column":132},"end":{"line":74,"column":153}},{"start":{"line":74,"column":156},"end":{"line":74,"column":175}}]},"3":{"line":82,"type":"if","locations":[{"start":{"line":82,"column":4},"end":{"line":82,"column":4}},{"start":{"line":82,"column":4},"end":{"line":82,"column":4}}]},"4":{"line":153,"type":"if","locations":[{"start":{"line":153,"column":16},"end":{"line":153,"column":16}},{"start":{"line":153,"column":16},"end":{"line":153,"column":16}}]},"5":{"line":156,"type":"if","locations":[{"start":{"line":156,"column":16},"end":{"line":156,"column":16}},{"start":{"line":156,"column":16},"end":{"line":156,"column":16}}]},"6":{"line":251,"type":"if","locations":[{"start":{"line":251,"column":16},"end":{"line":251,"column":16}},{"start":{"line":251,"column":16},"end":{"line":251,"column":16}}]},"7":{"line":254,"type":"if","locations":[{"start":{"line":254,"column":16},"end":{"line":254,"column":16}},{"start":{"line":254,"column":16},"end":{"line":254,"column":16}}]}}},"/Users/dkachaev/repos/amida-tech/blue-button/lib/parser/ccda/sections/allergies.js":{"path":"/Users/dkachaev/repos/amida-tech/blue-button/lib/parser/ccda/sections/allergies.js","s":{"1":1,"2":1,"3":1,"4":1,"5":1,"6":3,"7":3,"8":3,"9":3,"10":3,"11":3,"12":3,"13":3,"14":3,"15":3,"16":3,"17":3,"18":3,"19":3,"20":3,"21":3,"22":3,"23":3,"24":3,"25":3,"26":3,"27":3,"28":3,"29":1,"30":1},"b":{},"f":{"1":3},"fnMap":{"1":{"name":"(anonymous_1)","line":10,"loc":{"start":{"line":10,"column":29},"end":{"line":10,"column":48}}}},"statementMap":{"1":{"start":{"line":5,"column":0},"end":{"line":5,"column":34}},"2":{"start":{"line":6,"column":0},"end":{"line":6,"column":40}},"3":{"start":{"line":7,"column":0},"end":{"line":7,"column":36}},"4":{"start":{"line":8,"column":0},"end":{"line":8,"column":40}},"5":{"start":{"line":10,"column":0},"end":{"line":81,"column":0}},"6":{"start":{"line":12,"column":4},"end":{"line":15,"column":6}},"7":{"start":{"line":17,"column":4},"end":{"line":21,"column":11}},"8":{"start":{"line":23,"column":4},"end":{"line":23,"column":62}},"9":{"start":{"line":24,"column":4},"end":{"line":24,"column":69}},"10":{"start":{"line":25,"column":4},"end":{"line":29,"column":7}},"11":{"start":{"line":31,"column":4},"end":{"line":31,"column":83}},"12":{"start":{"line":32,"column":4},"end":{"line":34,"column":7}},"13":{"start":{"line":36,"column":4},"end":{"line":36,"column":90}},"14":{"start":{"line":37,"column":4},"end":{"line":43,"column":7}},"15":{"start":{"line":45,"column":4},"end":{"line":45,"column":80}},"16":{"start":{"line":46,"column":4},"end":{"line":49,"column":7}},"17":{"start":{"line":51,"column":4},"end":{"line":51,"column":68}},"18":{"start":{"line":52,"column":4},"end":{"line":52,"column":72}},"19":{"start":{"line":53,"column":4},"end":{"line":62,"column":7}},"20":{"start":{"line":64,"column":4},"end":{"line":64,"column":52}},"21":{"start":{"line":65,"column":4},"end":{"line":65,"column":65}},"22":{"start":{"line":66,"column":4},"end":{"line":69,"column":7}},"23":{"start":{"line":70,"column":4},"end":{"line":70,"column":70}},"24":{"start":{"line":72,"column":4},"end":{"line":72,"column":64}},"25":{"start":{"line":73,"column":4},"end":{"line":73,"column":106}},"26":{"start":{"line":74,"column":4},"end":{"line":76,"column":7}},"27":{"start":{"line":77,"column":4},"end":{"line":77,"column":75}},"28":{"start":{"line":79,"column":4},"end":{"line":79,"column":42}},"29":{"start":{"line":81,"column":0},"end":{"line":81,"column":50}},"30":{"start":{"line":82,"column":0},"end":{"line":82,"column":48}}},"branchMap":{}},"/Users/dkachaev/repos/amida-tech/blue-button/lib/parser/ccda/sections/encounters.js":{"path":"/Users/dkachaev/repos/amida-tech/blue-button/lib/parser/ccda/sections/encounters.js","s":{"1":1,"2":1,"3":1,"4":1,"5":1,"6":3,"7":3,"8":3,"9":3,"10":3,"11":3,"12":3,"13":3,"14":3,"15":3,"16":3,"17":3,"18":3,"19":3,"20":1,"21":1},"b":{},"f":{"1":3},"fnMap":{"1":{"name":"(anonymous_1)","line":8,"loc":{"start":{"line":8,"column":30},"end":{"line":8,"column":49}}}},"statementMap":{"1":{"start":{"line":3,"column":0},"end":{"line":3,"column":34}},"2":{"start":{"line":4,"column":0},"end":{"line":4,"column":40}},"3":{"start":{"line":5,"column":0},"end":{"line":5,"column":36}},"4":{"start":{"line":6,"column":0},"end":{"line":6,"column":38}},"5":{"start":{"line":8,"column":0},"end":{"line":49,"column":0}},"6":{"start":{"line":9,"column":4},"end":{"line":9,"column":52}},"7":{"start":{"line":10,"column":4},"end":{"line":10,"column":65}},"8":{"start":{"line":12,"column":4},"end":{"line":12,"column":46}},"9":{"start":{"line":13,"column":4},"end":{"line":13,"column":61}},"10":{"start":{"line":14,"column":4},"end":{"line":18,"column":7}},"11":{"start":{"line":19,"column":4},"end":{"line":19,"column":61}},"12":{"start":{"line":29,"column":4},"end":{"line":29,"column":48}},"13":{"start":{"line":30,"column":4},"end":{"line":30,"column":112}},"14":{"start":{"line":31,"column":4},"end":{"line":39,"column":7}},"15":{"start":{"line":41,"column":4},"end":{"line":41,"column":66}},"16":{"start":{"line":42,"column":4},"end":{"line":42,"column":112}},"17":{"start":{"line":43,"column":4},"end":{"line":45,"column":7}},"18":{"start":{"line":46,"column":4},"end":{"line":46,"column":74}},"19":{"start":{"line":47,"column":4},"end":{"line":47,"column":41}},"20":{"start":{"line":49,"column":0},"end":{"line":49,"column":52}},"21":{"start":{"line":50,"column":0},"end":{"line":50,"column":50}}},"branchMap":{}},"/Users/dkachaev/repos/amida-tech/blue-button/lib/parser/ccda/sections/procedures.js":{"path":"/Users/dkachaev/repos/amida-tech/blue-button/lib/parser/ccda/sections/procedures.js","s":{"1":1,"2":1,"3":1,"4":1,"5":1,"6":3,"7":3,"8":3,"9":3,"10":3,"11":3,"12":3,"13":3,"14":3,"15":3,"16":3,"17":3,"18":3,"19":3,"20":3,"21":1,"22":1},"b":{},"f":{"1":3,"2":3},"fnMap":{"1":{"name":"(anonymous_1)","line":8,"loc":{"start":{"line":8,"column":30},"end":{"line":8,"column":49}}},"2":{"name":"(anonymous_2)","line":54,"loc":{"start":{"line":54,"column":22},"end":{"line":54,"column":34}}}},"statementMap":{"1":{"start":{"line":3,"column":0},"end":{"line":3,"column":34}},"2":{"start":{"line":4,"column":0},"end":{"line":4,"column":40}},"3":{"start":{"line":5,"column":0},"end":{"line":5,"column":36}},"4":{"start":{"line":6,"column":0},"end":{"line":6,"column":38}},"5":{"start":{"line":8,"column":0},"end":{"line":74,"column":0}},"6":{"start":{"line":9,"column":4},"end":{"line":9,"column":52}},"7":{"start":{"line":10,"column":4},"end":{"line":10,"column":65}},"8":{"start":{"line":33,"column":4},"end":{"line":37,"column":11}},"9":{"start":{"line":39,"column":4},"end":{"line":39,"column":42}},"10":{"start":{"line":40,"column":4},"end":{"line":40,"column":171}},"11":{"start":{"line":41,"column":4},"end":{"line":52,"column":7}},"12":{"start":{"line":54,"column":4},"end":{"line":63,"column":7}},"13":{"start":{"line":55,"column":8},"end":{"line":60,"column":10}},"14":{"start":{"line":61,"column":8},"end":{"line":61,"column":42}},"15":{"start":{"line":62,"column":8},"end":{"line":62,"column":47}},"16":{"start":{"line":65,"column":4},"end":{"line":65,"column":66}},"17":{"start":{"line":66,"column":4},"end":{"line":66,"column":112}},"18":{"start":{"line":67,"column":4},"end":{"line":69,"column":7}},"19":{"start":{"line":70,"column":4},"end":{"line":70,"column":69}},"20":{"start":{"line":71,"column":4},"end":{"line":71,"column":38}},"21":{"start":{"line":74,"column":0},"end":{"line":74,"column":52}},"22":{"start":{"line":75,"column":0},"end":{"line":75,"column":50}}},"branchMap":{}},"/Users/dkachaev/repos/amida-tech/blue-button/lib/parser/ccda/sections/plan_of_care.js":{"path":"/Users/dkachaev/repos/amida-tech/blue-button/lib/parser/ccda/sections/plan_of_care.js","s":{"1":1,"2":1,"3":1,"4":1,"5":1,"6":3,"7":3,"8":3,"9":3,"10":3,"11":3,"12":3,"13":3,"14":4,"15":4,"16":4,"17":3,"18":3,"19":3,"20":3,"21":3,"22":1,"23":1},"b":{},"f":{"1":3,"2":4},"fnMap":{"1":{"name":"(anonymous_1)","line":8,"loc":{"start":{"line":8,"column":30},"end":{"line":8,"column":49}}},"2":{"name":"(anonymous_2)","line":32,"loc":{"start":{"line":32,"column":22},"end":{"line":32,"column":34}}}},"statementMap":{"1":{"start":{"line":3,"column":0},"end":{"line":3,"column":34}},"2":{"start":{"line":4,"column":0},"end":{"line":4,"column":40}},"3":{"start":{"line":5,"column":0},"end":{"line":5,"column":36}},"4":{"start":{"line":6,"column":0},"end":{"line":6,"column":38}},"5":{"start":{"line":8,"column":0},"end":{"line":55,"column":0}},"6":{"start":{"line":9,"column":4},"end":{"line":9,"column":52}},"7":{"start":{"line":10,"column":4},"end":{"line":10,"column":65}},"8":{"start":{"line":12,"column":4},"end":{"line":12,"column":50}},"9":{"start":{"line":13,"column":4},"end":{"line":15,"column":7}},"10":{"start":{"line":17,"column":4},"end":{"line":17,"column":42}},"11":{"start":{"line":19,"column":4},"end":{"line":24,"column":7}},"12":{"start":{"line":25,"column":4},"end":{"line":30,"column":7}},"13":{"start":{"line":32,"column":4},"end":{"line":43,"column":7}},"14":{"start":{"line":33,"column":8},"end":{"line":40,"column":10}},"15":{"start":{"line":41,"column":8},"end":{"line":41,"column":32}},"16":{"start":{"line":42,"column":8},"end":{"line":42,"column":37}},"17":{"start":{"line":45,"column":4},"end":{"line":45,"column":72}},"18":{"start":{"line":46,"column":4},"end":{"line":46,"column":115}},"19":{"start":{"line":47,"column":4},"end":{"line":49,"column":7}},"20":{"start":{"line":50,"column":4},"end":{"line":50,"column":72}},"21":{"start":{"line":52,"column":4},"end":{"line":52,"column":41}},"22":{"start":{"line":55,"column":0},"end":{"line":55,"column":55}},"23":{"start":{"line":56,"column":0},"end":{"line":56,"column":53}}},"branchMap":{}},"/Users/dkachaev/repos/amida-tech/blue-button/lib/parser/ccda/sections/payers.js":{"path":"/Users/dkachaev/repos/amida-tech/blue-button/lib/parser/ccda/sections/payers.js","s":{"1":1,"2":1,"3":1,"4":1,"5":1,"6":3,"7":3,"8":3,"9":3,"10":3,"11":3,"12":3,"13":3,"14":3,"15":3,"16":3,"17":3,"18":3,"19":3,"20":3,"21":3,"22":3,"23":3,"24":3,"25":3,"26":3,"27":3,"28":3,"29":3,"30":3,"31":3,"32":1,"33":1},"b":{},"f":{"1":3},"fnMap":{"1":{"name":"(anonymous_1)","line":8,"loc":{"start":{"line":8,"column":26},"end":{"line":8,"column":45}}}},"statementMap":{"1":{"start":{"line":3,"column":0},"end":{"line":3,"column":34}},"2":{"start":{"line":4,"column":0},"end":{"line":4,"column":40}},"3":{"start":{"line":5,"column":0},"end":{"line":5,"column":36}},"4":{"start":{"line":6,"column":0},"end":{"line":6,"column":38}},"5":{"start":{"line":8,"column":0},"end":{"line":88,"column":0}},"6":{"start":{"line":9,"column":4},"end":{"line":9,"column":52}},"7":{"start":{"line":10,"column":4},"end":{"line":10,"column":65}},"8":{"start":{"line":12,"column":4},"end":{"line":12,"column":50}},"9":{"start":{"line":13,"column":4},"end":{"line":15,"column":7}},"10":{"start":{"line":17,"column":4},"end":{"line":17,"column":58}},"11":{"start":{"line":18,"column":4},"end":{"line":21,"column":7}},"12":{"start":{"line":23,"column":4},"end":{"line":23,"column":58}},"13":{"start":{"line":24,"column":4},"end":{"line":26,"column":7}},"14":{"start":{"line":28,"column":4},"end":{"line":28,"column":54}},"15":{"start":{"line":29,"column":4},"end":{"line":34,"column":7}},"16":{"start":{"line":36,"column":4},"end":{"line":36,"column":50}},"17":{"start":{"line":37,"column":4},"end":{"line":44,"column":7}},"18":{"start":{"line":46,"column":4},"end":{"line":46,"column":56}},"19":{"start":{"line":47,"column":4},"end":{"line":52,"column":7}},"20":{"start":{"line":54,"column":4},"end":{"line":54,"column":50}},"21":{"start":{"line":55,"column":4},"end":{"line":58,"column":7}},"22":{"start":{"line":60,"column":4},"end":{"line":60,"column":44}},"23":{"start":{"line":61,"column":4},"end":{"line":65,"column":7}},"24":{"start":{"line":67,"column":4},"end":{"line":67,"column":42}},"25":{"start":{"line":68,"column":4},"end":{"line":68,"column":65}},"26":{"start":{"line":69,"column":4},"end":{"line":76,"column":7}},"27":{"start":{"line":78,"column":4},"end":{"line":78,"column":60}},"28":{"start":{"line":79,"column":4},"end":{"line":79,"column":101}},"29":{"start":{"line":80,"column":4},"end":{"line":82,"column":7}},"30":{"start":{"line":83,"column":4},"end":{"line":83,"column":66}},"31":{"start":{"line":85,"column":4},"end":{"line":85,"column":35}},"32":{"start":{"line":88,"column":0},"end":{"line":88,"column":45}},"33":{"start":{"line":89,"column":0},"end":{"line":89,"column":43}}},"branchMap":{}}}