TN:
SF:/Users/dkachaev/repos/amida-tech/blue-button/index.js
FNF:0
FNH:0
DA:5,1
DA:6,1
DA:7,1
DA:9,1
DA:11,1
DA:12,1
DA:13,1
DA:14,1
DA:15,1
DA:18,1
DA:21,1
DA:27,1
LF:12
LH:12
BRF:0
BRH:0
end_of_record
TN:
SF:/Users/dkachaev/repos/amida-tech/blue-button/lib/sense.js
FN:13,(anonymous_1)
FN:49,(anonymous_2)
FNF:2
FNH:2
FNDA:1,(anonymous_1)
FNDA:12,(anonymous_2)
DA:5,1
DA:7,1
DA:13,1
DA:15,1
DA:17,0
DA:20,1
DA:22,1
DA:24,1
DA:25,2
DA:26,2
DA:27,2
DA:28,1
DA:32,1
DA:33,0
DA:37,1
DA:38,0
DA:43,0
DA:49,1
DA:51,12
DA:53,3
DA:57,9
DA:59,3
DA:60,3
DA:61,3
DA:63,1
DA:68,2
DA:70,2
DA:72,2
DA:73,2
DA:74,2
DA:75,2
DA:76,1
DA:81,1
DA:82,0
DA:88,1
DA:94,6
DA:95,6
DA:96,2
DA:103,4
DA:105,3
DA:107,3
DA:108,3
DA:110,3
DA:116,1
DA:122,0
DA:127,1
LF:46
LH:40
BRDA:15,1,0,0
BRDA:15,1,1,1
BRDA:15,2,0,1
BRDA:15,2,1,1
BRDA:27,3,0,1
BRDA:27,3,1,1
BRDA:32,4,0,0
BRDA:32,4,1,1
BRDA:37,5,0,0
BRDA:37,5,1,1
BRDA:51,6,0,3
BRDA:51,6,1,9
BRDA:51,7,0,12
BRDA:51,7,1,10
BRDA:57,8,0,3
BRDA:57,8,1,6
BRDA:75,9,0,1
BRDA:75,9,1,1
BRDA:81,10,0,0
BRDA:81,10,1,1
BRDA:103,11,0,3
BRDA:103,11,1,1
BRDA:103,12,0,4
BRDA:103,12,1,3
BRF:24
BRH:20
end_of_record
TN:
SF:/Users/dkachaev/repos/amida-tech/blue-button/lib/xml.js
FN:6,parse
FNF:1
FNH:1
FNDA:4,parse
DA:6,1
DA:7,4
DA:10,4
DA:14,4
DA:32,3
DA:35,1
LF:6
LH:6
BRF:0
BRH:0
end_of_record
TN:
SF:/Users/dkachaev/repos/amida-tech/blue-button/lib/parser.js
FN:16,sections
FN:29,parseText
FN:40,parseText2
FN:51,parseXml
FN:84,parseString
FNF:5
FNH:4
FNDA:2,sections
FNDA:1,parseText
FNDA:0,parseText2
FNDA:1,parseXml
FNDA:1,parseString
DA:3,1
DA:5,1
DA:6,1
DA:7,1
DA:8,1
DA:9,1
DA:10,1
DA:13,1
DA:16,1
DA:17,2
DA:18,0
DA:21,2
DA:22,1
DA:23,1
DA:25,2
DA:26,2
DA:29,1
DA:31,1
DA:33,0
DA:36,1
DA:40,1
DA:42,0
DA:44,0
DA:47,0
DA:51,1
DA:53,1
DA:55,0
DA:58,1
DA:59,0
DA:62,1
DA:63,1
DA:64,0
DA:66,0
DA:70,1
DA:72,1
DA:73,1
DA:74,1
DA:84,1
DA:86,1
DA:88,0
DA:91,1
DA:92,1
DA:95,1
DA:96,1
DA:124,1
LF:45
LH:35
BRDA:17,1,0,0
BRDA:17,1,1,2
BRDA:21,2,0,1
BRDA:21,2,1,1
BRDA:31,3,0,0
BRDA:31,3,1,1
BRDA:31,4,0,1
BRDA:31,4,1,1
BRDA:42,5,0,0
BRDA:42,5,1,0
BRDA:42,6,0,0
BRDA:42,6,1,0
BRDA:53,7,0,0
BRDA:53,7,1,1
BRDA:53,8,0,1
BRDA:53,8,1,1
BRDA:58,9,0,0
BRDA:58,9,1,1
BRDA:63,10,0,0
BRDA:63,10,1,1
BRDA:86,11,0,0
BRDA:86,11,1,1
BRDA:86,12,0,1
BRDA:86,12,1,1
BRDA:91,13,0,1
BRDA:91,13,1,0
BRF:26
BRH:15
end_of_record
TN:
SF:/Users/dkachaev/repos/amida-tech/blue-button/lib/parser/cms/parser.js
FN:8,parseCMS
FN:18,parseCMS_2
FNF:2
FNH:1
FNDA:1,parseCMS
FNDA:0,parseCMS_2
DA:3,1
DA:4,1
DA:8,1
DA:9,1
DA:10,1
DA:12,1
DA:18,1
DA:19,0
DA:20,0
DA:21,0
DA:23,0
DA:26,1
LF:12
LH:8
BRF:0
BRH:0
end_of_record
TN:
SF:/Users/dkachaev/repos/amida-tech/blue-button/lib/parser/cms/cmsObjConverter.js
FN:50,convertToBBModel
FN:105,cleanUpModel
FN:121,putDataInBBModel
FNF:3
FNH:3
FNDA:1,convertToBBModel
FNDA:1,cleanUpModel
FNDA:31,putDataInBBModel
DA:3,1
DA:4,1
DA:5,1
DA:23,1
DA:50,1
DA:53,1
DA:79,1
DA:80,19
DA:81,19
DA:82,15
DA:83,15
DA:84,15
DA:85,15
DA:95,1
DA:96,1
DA:97,1
DA:98,1
DA:99,1
DA:100,1
DA:102,1
DA:105,1
DA:107,1
DA:108,3
DA:109,1
DA:112,1
DA:113,1
DA:114,14
DA:115,3
DA:121,1
DA:122,31
DA:123,31
DA:124,17
DA:126,31
DA:127,16
DA:128,14
DA:129,14
DA:130,31
DA:133,0
DA:135,2
DA:136,2
DA:137,2
DA:138,2
DA:142,15
DA:143,15
DA:145,31
DA:148,1
LF:46
LH:45
BRDA:81,1,0,15
BRDA:81,1,1,4
BRDA:108,2,0,1
BRDA:108,2,1,2
BRDA:114,3,0,3
BRDA:114,3,1,11
BRDA:123,4,0,17
BRDA:123,4,1,14
BRDA:126,5,0,16
BRDA:126,5,1,15
BRDA:127,6,0,14
BRDA:127,6,1,2
BRDA:128,7,0,14
BRDA:128,7,1,0
BRDA:135,8,0,2
BRDA:135,8,1,0
BRDA:136,9,0,2
BRDA:136,9,1,0
BRDA:142,10,0,15
BRDA:142,10,1,0
BRF:20
BRH:16
end_of_record
TN:
SF:/Users/dkachaev/repos/amida-tech/blue-button/lib/parser/cms/cmsTxtToIntObj.js
FN:8,getIntObj
FN:25,clean
FN:40,separateSections
FN:72,convertToObject
FN:101,getTitles
FN:121,cleanUpTitle
FN:144,getSectionBody
FN:170,getClaimsBody
FN:264,getMetaBody
FN:286,processMetaChild
FN:303,processSectionChild
FN:342,processClaimsLineChild
FN:380,processClaimsSectionChild
FN:420,removeUnwantedCharacters
FN:430,trimStringEnds
FN:470,isEmpty
FNF:16
FNH:15
FNDA:1,getIntObj
FNDA:1,clean
FNDA:1,separateSections
FNDA:19,convertToObject
FNDA:0,getTitles
FNDA:19,cleanUpTitle
FNDA:17,getSectionBody
FNDA:1,getClaimsBody
FNDA:1,getMetaBody
FNDA:1,processMetaChild
FNDA:47,processSectionChild
FNDA:5,processClaimsLineChild
FNDA:3,processClaimsSectionChild
FNDA:362,removeUnwantedCharacters
FNDA:382,trimStringEnds
FNDA:56,isEmpty
DA:3,1
DA:4,1
DA:8,1
DA:10,1
DA:13,1
DA:14,1
DA:15,1
DA:16,19
DA:17,19
DA:18,19
DA:19,19
DA:22,1
DA:25,1
DA:27,1
DA:28,0
DA:29,0
DA:31,0
DA:34,1
DA:40,1
DA:46,1
DA:50,1
DA:51,1
DA:52,1
DA:53,1
DA:57,1
DA:58,1
DA:59,1
DA:60,1
DA:64,1
DA:65,1
DA:66,1
DA:67,1
DA:72,1
DA:74,19
DA:76,19
DA:77,19
DA:78,19
DA:81,19
DA:82,19
DA:86,19
DA:87,1
DA:88,1
DA:89,1
DA:90,18
DA:91,1
DA:93,17
DA:95,19
DA:96,19
DA:101,1
DA:102,0
DA:103,0
DA:104,0
DA:105,0
DA:106,0
DA:107,0
DA:108,0
DA:109,0
DA:111,0
DA:113,0
DA:116,0
DA:121,1
DA:124,19
DA:126,19
DA:127,19
DA:130,19
DA:131,608
DA:133,19
DA:134,608
DA:137,19
DA:138,19
DA:139,19
DA:144,1
DA:147,17
DA:148,17
DA:149,17
DA:151,17
DA:153,17
DA:154,47
DA:156,47
DA:157,47
DA:158,17
DA:160,30
DA:165,17
DA:166,17
DA:170,1
DA:171,1
DA:172,1
DA:175,1
DA:178,1
DA:179,1
DA:181,1
DA:182,1
DA:184,1
DA:185,1
DA:187,1
DA:189,1
DA:190,1
DA:191,1
DA:193,1
DA:194,1
DA:195,8
DA:196,8
DA:197,5
DA:199,3
DA:204,1
DA:205,1
DA:207,1
DA:208,3
DA:209,3
DA:210,3
DA:211,1
DA:213,2
DA:214,2
DA:219,1
DA:220,5
DA:221,5
DA:222,5
DA:223,0
DA:225,5
DA:226,5
DA:227,0
DA:228,0
DA:231,5
DA:238,1
DA:239,2
DA:240,2
DA:241,2
DA:245,1
DA:246,3
DA:247,3
DA:248,3
DA:249,3
DA:252,1
DA:253,5
DA:257,1
DA:258,1
DA:264,1
DA:265,1
DA:266,1
DA:267,1
DA:268,1
DA:269,1
DA:270,1
DA:271,1
DA:272,1
DA:274,1
DA:275,1
DA:276,1
DA:277,1
DA:278,1
DA:281,1
DA:282,1
DA:286,1
DA:287,1
DA:288,1
DA:289,1
DA:290,1
DA:291,1
DA:292,3
DA:293,3
DA:294,2
DA:296,3
DA:298,1
DA:303,1
DA:305,47
DA:306,47
DA:307,47
DA:308,47
DA:309,47
DA:311,47
DA:315,47
DA:317,197
DA:319,197
DA:320,197
DA:321,197
DA:323,197
DA:324,0
DA:326,197
DA:327,197
DA:328,13
DA:329,7
DA:331,13
DA:332,13
DA:333,13
DA:335,184
DA:338,47
DA:342,1
DA:343,5
DA:344,5
DA:345,5
DA:346,5
DA:347,5
DA:350,5
DA:352,137
DA:354,137
DA:355,137
DA:356,137
DA:357,137
DA:359,137
DA:360,137
DA:361,5
DA:362,5
DA:365,132
DA:366,29
DA:369,132
DA:370,4
DA:371,4
DA:373,132
DA:375,5
DA:376,5
DA:377,5
DA:380,1
DA:382,3
DA:383,3
DA:384,3
DA:385,3
DA:386,3
DA:389,3
DA:391,28
DA:394,28
DA:395,28
DA:396,28
DA:397,28
DA:399,28
DA:400,4
DA:403,28
DA:404,0
DA:405,0
DA:407,28
DA:409,3
DA:410,0
DA:411,0
DA:413,3
DA:420,1
DA:421,362
DA:422,724
DA:423,724
DA:425,362
DA:430,1
DA:431,382
DA:432,382
DA:433,382
DA:434,382
DA:436,382
DA:437,1162
DA:438,1162
DA:439,1187
DA:440,780
DA:443,1162
DA:444,382
DA:446,780
DA:450,382
DA:451,382
DA:452,384
DA:453,384
DA:454,407
DA:455,2
DA:458,384
DA:459,382
DA:461,2
DA:464,382
DA:465,382
DA:470,1
DA:471,56
DA:472,56
DA:473,56
DA:475,0
LF:267
LH:244
BRDA:27,1,0,0
BRDA:27,1,1,1
BRDA:86,2,0,1
BRDA:86,2,1,18
BRDA:90,3,0,1
BRDA:90,3,1,17
BRDA:106,4,0,0
BRDA:106,4,1,0
BRDA:111,5,0,0
BRDA:111,5,1,0
BRDA:111,6,0,0
BRDA:111,6,1,0
BRDA:130,7,0,627
BRDA:130,7,1,0
BRDA:133,8,0,627
BRDA:133,8,1,0
BRDA:156,9,0,47
BRDA:156,9,1,0
BRDA:157,10,0,17
BRDA:157,10,1,30
BRDA:196,11,0,5
BRDA:196,11,1,3
BRDA:209,12,0,3
BRDA:209,12,1,0
BRDA:210,13,0,1
BRDA:210,13,1,2
BRDA:221,14,0,5
BRDA:221,14,1,0
BRDA:222,15,0,0
BRDA:222,15,1,5
BRDA:226,16,0,0
BRDA:226,16,1,5
BRDA:239,17,0,2
BRDA:239,17,1,0
BRDA:271,18,0,1
BRDA:271,18,1,0
BRDA:293,19,0,2
BRDA:293,19,1,1
BRDA:323,20,0,0
BRDA:323,20,1,197
BRDA:327,21,0,13
BRDA:327,21,1,184
BRDA:328,22,0,7
BRDA:328,22,1,6
BRDA:360,23,0,5
BRDA:360,23,1,132
BRDA:365,24,0,29
BRDA:365,24,1,103
BRDA:369,25,0,4
BRDA:369,25,1,128
BRDA:399,26,0,4
BRDA:399,26,1,24
BRDA:403,27,0,0
BRDA:403,27,1,28
BRDA:409,28,0,0
BRDA:409,28,1,3
BRDA:439,29,0,780
BRDA:439,29,1,407
BRDA:443,30,0,382
BRDA:443,30,1,780
BRDA:454,31,0,2
BRDA:454,31,1,405
BRDA:458,32,0,382
BRDA:458,32,1,2
BRDA:472,33,0,56
BRDA:472,33,1,0
BRF:66
BRH:46
end_of_record
TN:
SF:/Users/dkachaev/repos/amida-tech/blue-button/lib/parser/cms/sectionRouter.js
FN:21,getMeta
FN:30,(anonymous_2)
FNF:2
FNH:2
FNDA:1,getMeta
FNDA:20,(anonymous_2)
DA:1,1
DA:3,1
DA:21,1
DA:22,1
DA:23,1
DA:24,1
DA:25,1
DA:26,1
DA:27,1
DA:30,1
DA:31,20
DA:32,16
DA:33,16
DA:36,4
DA:40,1
LF:15
LH:15
BRDA:31,1,0,16
BRDA:31,1,1,4
BRDA:32,2,0,16
BRDA:32,2,1,0
BRF:4
BRH:3
end_of_record
TN:
SF:/Users/dkachaev/repos/amida-tech/blue-button/lib/parser/cms/sections/commonFunctions.js
FN:11,commonFunctions
FN:32,cda_line_address
FN:258,cda_phone
FN:269,cda_email
FN:280,cda_concept
FN:282,cda_id
FN:291,cda_date
FN:316,cda_physical_quantity
FN:323,determineDatePrecision
FN:374,cda_name
FN:413,cda_coded_entry
FN:435,getValueType
FN:449,writeValue
FN:460,ignoreValue
FN:480,getFunction
FN:491,formatCurrency
FN:495,(anonymous_17)
FNF:17
FNH:13
FNDA:1,commonFunctions
FNDA:8,cda_line_address
FNDA:1,cda_phone
FNDA:1,cda_email
FNDA:0,cda_concept
FNDA:9,cda_id
FNDA:47,cda_date
FNDA:0,cda_physical_quantity
FNDA:47,determineDatePrecision
FNDA:4,cda_name
FNDA:32,cda_coded_entry
FNDA:0,getValueType
FNDA:4,writeValue
FNDA:270,ignoreValue
FNDA:290,getFunction
FNDA:0,formatCurrency
FNDA:1,(anonymous_17)
DA:7,1
DA:8,1
DA:9,1
DA:11,1
DA:12,1
DA:25,1
DA:26,1
DA:27,1
DA:32,1
DA:33,8
DA:41,8
DA:42,8
DA:43,8
DA:44,2
DA:46,2
DA:57,2
DA:58,2
DA:59,0
DA:60,0
DA:61,0
DA:62,0
DA:63,0
DA:64,0
DA:65,0
DA:66,0
DA:67,0
DA:69,0
DA:72,0
DA:73,0
DA:74,0
DA:75,0
DA:83,0
DA:84,0
DA:85,0
DA:86,0
DA:90,2
DA:91,8
DA:92,8
DA:93,2
DA:94,2
DA:95,2
DA:96,2
DA:97,2
DA:98,2
DA:101,2
DA:102,2
DA:104,2
DA:105,2
DA:107,2
DA:108,2
DA:112,0
DA:113,0
DA:114,0
DA:115,0
DA:116,0
DA:117,0
DA:118,0
DA:119,0
DA:120,0
DA:123,0
DA:124,0
DA:126,0
DA:128,0
DA:129,0
DA:133,0
DA:137,6
DA:138,3
DA:139,3
DA:141,3
DA:142,3
DA:143,3
DA:144,3
DA:148,3
DA:156,3
DA:157,3
DA:162,3
DA:163,1
DA:166,4
DA:167,1
DA:168,1
DA:169,1
DA:181,2
DA:182,2
DA:183,6
DA:184,6
DA:185,2
DA:186,2
DA:187,2
DA:188,2
DA:194,2
DA:196,0
DA:197,0
DA:198,0
DA:199,0
DA:200,0
DA:201,0
DA:202,0
DA:203,0
DA:209,2
DA:210,0
DA:211,0
DA:212,0
DA:213,0
DA:214,0
DA:215,0
DA:216,0
DA:217,0
DA:218,0
DA:219,0
DA:220,0
DA:221,0
DA:233,3
DA:234,3
DA:236,3
DA:237,3
DA:238,3
DA:239,3
DA:240,3
DA:241,3
DA:242,3
DA:244,3
DA:247,3
DA:248,3
DA:249,3
DA:250,3
DA:251,3
DA:252,3
DA:253,3
DA:255,0
DA:258,1
DA:259,1
DA:260,1
DA:261,1
DA:262,0
DA:264,1
DA:266,1
DA:269,1
DA:270,1
DA:271,1
DA:272,1
DA:273,0
DA:275,1
DA:277,1
DA:280,1
DA:282,1
DA:283,9
DA:284,9
DA:285,9
DA:286,7
DA:288,9
DA:291,1
DA:292,47
DA:293,47
DA:294,47
DA:295,47
DA:296,0
DA:297,0
DA:298,0
DA:299,0
DA:301,0
DA:302,0
DA:303,0
DA:305,47
DA:306,47
DA:307,47
DA:308,47
DA:309,47
DA:310,47
DA:311,47
DA:316,1
DA:317,0
DA:318,0
DA:319,0
DA:320,0
DA:323,1
DA:326,47
DA:327,47
DA:328,47
DA:329,47
DA:332,47
DA:335,3
DA:337,3
DA:338,3
DA:339,1
DA:340,2
DA:341,2
DA:343,0
DA:345,44
DA:346,44
DA:347,44
DA:349,0
DA:350,0
DA:352,0
DA:353,0
DA:357,0
DA:374,1
DA:376,4
DA:377,4
DA:379,4
DA:380,0
DA:381,0
DA:382,0
DA:385,0
DA:386,0
DA:387,0
DA:388,0
DA:390,0
DA:391,0
DA:394,4
DA:395,4
DA:396,4
DA:397,4
DA:398,0
DA:399,0
DA:400,0
DA:401,0
DA:402,0
DA:404,0
DA:405,0
DA:407,0
DA:410,4
DA:413,1
DA:414,32
DA:416,32
DA:417,32
DA:418,25
DA:421,32
DA:422,7
DA:423,0
DA:426,32
DA:427,7
DA:428,7
DA:432,32
DA:435,1
DA:436,0
DA:437,0
DA:438,0
DA:439,0
DA:440,0
DA:442,0
DA:443,0
DA:445,0
DA:446,0
DA:449,1
DA:450,4
DA:451,4
DA:452,1
DA:453,3
DA:454,3
DA:455,0
DA:456,0
DA:460,1
DA:461,270
DA:462,42
DA:464,228
DA:465,0
DA:467,228
DA:468,8
DA:470,220
DA:471,220
DA:472,220
DA:473,427
DA:474,16
DA:477,204
DA:480,1
DA:481,290
DA:482,290
DA:483,290
DA:486,0
DA:491,1
DA:493,1
DA:495,1
DA:496,1
DA:497,1
DA:499,1
DA:502,1
LF:276
LH:172
BRDA:43,1,0,2
BRDA:43,1,1,6
BRDA:58,2,0,0
BRDA:58,2,1,2
BRDA:58,3,0,2
BRDA:58,3,1,0
BRDA:65,4,0,0
BRDA:65,4,1,0
BRDA:66,5,0,0
BRDA:66,5,1,0
BRDA:73,6,0,0
BRDA:73,6,1,0
BRDA:92,7,0,2
BRDA:92,7,1,6
BRDA:114,8,0,0
BRDA:114,8,1,0
BRDA:137,9,0,3
BRDA:137,9,1,3
BRDA:162,10,0,1
BRDA:162,10,1,2
BRDA:166,11,0,1
BRDA:166,11,1,3
BRDA:181,12,0,2
BRDA:181,12,1,0
BRDA:184,13,0,2
BRDA:184,13,1,4
BRDA:194,14,0,0
BRDA:194,14,1,2
BRDA:198,15,0,0
BRDA:198,15,1,0
BRDA:209,16,0,0
BRDA:209,16,1,2
BRDA:212,17,0,0
BRDA:212,17,1,0
BRDA:212,18,0,0
BRDA:212,18,1,0
BRDA:219,19,0,0
BRDA:219,19,1,0
BRDA:220,20,0,0
BRDA:220,20,1,0
BRDA:247,21,0,3
BRDA:247,21,1,0
BRDA:261,22,0,0
BRDA:261,22,1,1
BRDA:272,23,0,0
BRDA:272,23,1,1
BRDA:285,24,0,7
BRDA:285,24,1,2
BRDA:295,25,0,0
BRDA:295,25,1,47
BRDA:332,26,0,3
BRDA:332,26,1,44
BRDA:332,27,0,47
BRDA:332,27,1,47
BRDA:338,28,0,1
BRDA:338,28,1,2
BRDA:340,29,0,2
BRDA:340,29,1,0
BRDA:346,30,0,44
BRDA:346,30,1,0
BRDA:349,31,0,0
BRDA:349,31,1,0
BRDA:352,32,0,0
BRDA:352,32,1,0
BRDA:379,33,0,0
BRDA:379,33,1,4
BRDA:390,34,0,0
BRDA:390,34,1,0
BRDA:395,35,0,4
BRDA:395,35,1,0
BRDA:398,36,0,0
BRDA:398,36,1,0
BRDA:404,37,0,0
BRDA:404,37,1,0
BRDA:416,38,0,32
BRDA:416,38,1,0
BRDA:416,39,0,32
BRDA:416,39,1,0
BRDA:417,40,0,25
BRDA:417,40,1,7
BRDA:421,41,0,7
BRDA:421,41,1,25
BRDA:421,42,0,32
BRDA:421,42,1,25
BRDA:422,43,0,0
BRDA:422,43,1,7
BRDA:426,44,0,7
BRDA:426,44,1,25
BRDA:426,45,0,32
BRDA:426,45,1,25
BRDA:427,46,0,7
BRDA:427,46,1,0
BRDA:436,47,0,0
BRDA:436,47,1,0
BRDA:438,48,0,0
BRDA:438,48,1,0
BRDA:439,49,0,0
BRDA:439,49,1,0
BRDA:442,50,0,0
BRDA:442,50,1,0
BRDA:445,51,0,0
BRDA:445,51,1,0
BRDA:445,52,0,0
BRDA:445,52,1,0
BRDA:451,53,0,1
BRDA:451,53,1,3
BRDA:453,54,0,3
BRDA:453,54,1,0
BRDA:455,55,0,0
BRDA:455,55,1,0
BRDA:455,56,0,0
BRDA:455,56,1,0
BRDA:461,57,0,42
BRDA:461,57,1,228
BRDA:461,58,0,270
BRDA:461,58,1,237
BRDA:461,58,2,237
BRDA:464,59,0,0
BRDA:464,59,1,228
BRDA:467,60,0,8
BRDA:467,60,1,220
BRDA:473,61,0,16
BRDA:473,61,1,411
BRDA:481,62,0,290
BRDA:481,62,1,0
BRDA:482,63,0,290
BRDA:482,63,1,0
BRDA:496,64,0,1
BRDA:496,64,1,0
BRF:129
BRH:63
end_of_record
TN:
SF:/Users/dkachaev/repos/amida-tech/blue-button/lib/parser/cms/sections/addressRefs/zips.js
FNF:0
FNH:0
DA:3,1
DA:155277,1
LF:2
LH:2
BRF:0
BRH:0
end_of_record
TN:
SF:/Users/dkachaev/repos/amida-tech/blue-button/lib/parser/cms/sections/addressRefs/suffixes.js
FNF:0
FNH:0
DA:3,1
DA:533,1
DA:560,1
DA:561,1
LF:4
LH:4
BRF:0
BRH:0
end_of_record
TN:
SF:/Users/dkachaev/repos/amida-tech/blue-button/lib/parser/cms/sections/demographics.js
FN:3,parseDemographics
FNF:1
FNH:1
FNDA:1,parseDemographics
DA:1,1
DA:3,1
DA:5,1
DA:6,1
DA:8,1
DA:10,1
DA:12,1
DA:21,1
DA:30,1
DA:31,11
DA:32,11
DA:34,11
DA:35,11
DA:36,1
DA:37,10
DA:38,1
DA:39,1
DA:40,9
DA:41,1
DA:42,1
DA:45,8
DA:46,1
DA:47,1
DA:48,1
DA:49,7
DA:50,1
DA:51,1
DA:52,1
DA:53,6
DA:54,4
DA:55,4
DA:56,4
DA:57,4
DA:60,2
DA:64,1
DA:65,1
DA:67,1
DA:68,1
DA:70,1
DA:71,1
DA:75,1
DA:78,1
LF:42
LH:42
BRDA:35,1,0,1
BRDA:35,1,1,10
BRDA:37,2,0,1
BRDA:37,2,1,9
BRDA:40,3,0,1
BRDA:40,3,1,8
BRDA:45,4,0,1
BRDA:45,4,1,7
BRDA:49,5,0,1
BRDA:49,5,1,6
BRDA:53,6,0,4
BRDA:53,6,1,2
BRDA:55,7,0,4
BRDA:55,7,1,0
BRDA:64,8,0,1
BRDA:64,8,1,0
BRDA:67,9,0,1
BRDA:67,9,1,0
BRDA:70,10,0,1
BRDA:70,10,1,0
BRF:20
BRH:16
end_of_record
TN:
SF:/Users/dkachaev/repos/amida-tech/blue-button/lib/parser/cms/sections/problems.js
FN:3,parseProblems
FN:15,processProblemChild
FNF:2
FNH:2
FNDA:1,parseProblems
FNDA:2,processProblemChild
DA:1,1
DA:3,1
DA:6,1
DA:7,1
DA:8,2
DA:9,2
DA:12,1
DA:15,1
DA:16,2
DA:17,2
DA:18,2
DA:19,6
DA:20,6
DA:21,6
DA:22,0
DA:23,6
DA:24,2
DA:25,2
DA:26,4
DA:27,2
DA:28,2
DA:29,2
DA:30,2
DA:31,2
DA:35,2
DA:36,2
DA:39,2
DA:40,2
DA:42,2
DA:45,1
LF:30
LH:29
BRDA:21,1,0,0
BRDA:21,1,1,6
BRDA:23,2,0,2
BRDA:23,2,1,4
BRDA:26,3,0,2
BRDA:26,3,1,2
BRDA:29,4,0,2
BRDA:29,4,1,0
BRDA:35,5,0,2
BRDA:35,5,1,0
BRDA:39,6,0,2
BRDA:39,6,1,0
BRF:12
BRH:8
end_of_record
TN:
SF:/Users/dkachaev/repos/amida-tech/blue-button/lib/parser/cms/sections/allergies.js
FN:3,parseAllergies
FN:21,parseAllergyChild
FN:57,processReactions
FNF:3
FNH:3
FNDA:1,parseAllergies
FNDA:2,parseAllergyChild
FNDA:2,processReactions
DA:1,1
DA:3,1
DA:10,1
DA:11,1
DA:12,1
DA:14,1
DA:15,2
DA:16,2
DA:18,1
DA:21,1
DA:23,2
DA:24,2
DA:25,2
DA:26,20
DA:27,20
DA:28,20
DA:29,2
DA:30,2
DA:31,2
DA:32,18
DA:33,2
DA:34,2
DA:35,2
DA:36,16
DA:37,2
DA:38,2
DA:39,2
DA:43,2
DA:44,2
DA:47,2
DA:48,2
DA:50,2
DA:51,2
DA:53,2
DA:57,1
DA:58,2
DA:64,2
DA:102,2
DA:105,2
DA:106,2
DA:107,2
DA:108,2
DA:110,2
DA:112,2
DA:114,2
DA:115,2
DA:117,0
DA:119,2
DA:123,2
DA:126,1
LF:50
LH:49
BRDA:28,1,0,2
BRDA:28,1,1,18
BRDA:32,2,0,2
BRDA:32,2,1,16
BRDA:36,3,0,2
BRDA:36,3,1,14
BRDA:43,4,0,2
BRDA:43,4,1,0
BRDA:50,5,0,2
BRDA:50,5,1,0
BRDA:105,6,0,2
BRDA:105,6,1,0
BRDA:110,7,0,2
BRDA:110,7,1,0
BRDA:114,8,0,2
BRDA:114,8,1,0
BRF:16
BRH:11
end_of_record
TN:
SF:/Users/dkachaev/repos/amida-tech/blue-button/lib/parser/cms/sections/results.js
FN:3,parseResults
FN:23,processResultsChild
FN:58,processGlucoseLevels
FN:85,findGlucoseMeasurementName
FN:99,processCBC
FNF:5
FNH:4
FNDA:1,parseResults
FNDA:1,processResultsChild
FNDA:1,processGlucoseLevels
FNDA:4,findGlucoseMeasurementName
FNDA:0,processCBC
DA:1,1
DA:3,1
DA:8,1
DA:9,1
DA:10,1
DA:12,1
DA:13,1
DA:14,1
DA:15,1
DA:20,1
DA:23,1
DA:24,1
DA:25,1
DA:27,1
DA:28,1
DA:29,1
DA:30,1
DA:31,1
DA:32,1
DA:33,4
DA:35,0
DA:36,0
DA:37,0
DA:38,0
DA:42,1
DA:43,7
DA:44,7
DA:45,7
DA:46,1
DA:47,1
DA:48,1
DA:51,1
DA:52,1
DA:55,1
DA:58,1
DA:59,1
DA:60,1
DA:61,1
DA:62,1
DA:63,1
DA:64,1
DA:65,1
DA:66,1
DA:67,4
DA:68,4
DA:72,4
DA:75,4
DA:76,4
DA:77,4
DA:78,4
DA:79,4
DA:82,1
DA:85,1
DA:88,4
DA:89,4
DA:92,4
DA:93,1
DA:95,3
DA:99,1
DA:100,0
DA:101,0
DA:106,0
DA:107,0
DA:108,0
DA:109,0
DA:110,0
DA:111,0
DA:112,0
DA:113,0
DA:114,0
DA:115,0
DA:118,0
DA:119,0
DA:120,0
DA:121,0
DA:122,0
DA:123,0
DA:125,0
DA:129,1
LF:79
LH:56
BRDA:28,1,0,1
BRDA:28,1,1,0
BRDA:30,2,0,1
BRDA:30,2,1,0
BRDA:35,3,0,0
BRDA:35,3,1,0
BRDA:45,4,0,1
BRDA:45,4,1,6
BRDA:51,5,0,1
BRDA:51,5,1,0
BRDA:92,6,0,1
BRDA:92,6,1,3
BRF:12
BRH:7
end_of_record
TN:
SF:/Users/dkachaev/repos/amida-tech/blue-button/lib/parser/cms/sections/medications.js
FN:3,parseMedications
FN:61,processProduct
FN:98,parseDrugName
FN:117,processAdministration
FN:129,setRoute
FN:148,setForm
FN:167,setDose
FN:197,setRate
FNF:8
FNH:8
FNDA:2,parseMedications
FNDA:2,processProduct
FNDA:1,parseDrugName
FNDA:1,processAdministration
FNDA:1,setRoute
FNDA:1,setForm
FNDA:1,setDose
FNDA:1,setRate
DA:1,1
DA:3,1
DA:12,2
DA:13,2
DA:16,2
DA:17,2
DA:18,3
DA:19,3
DA:20,3
DA:21,6
DA:22,6
DA:23,2
DA:24,2
DA:25,2
DA:26,2
DA:27,2
DA:28,2
DA:32,2
DA:33,2
DA:34,1
DA:35,1
DA:36,1
DA:39,2
DA:40,2
DA:41,1
DA:43,1
DA:45,2
DA:46,2
DA:48,2
DA:52,6
DA:53,1
DA:58,2
DA:61,1
DA:62,2
DA:63,2
DA:64,2
DA:66,2
DA:67,2
DA:68,1
DA:69,1
DA:71,1
DA:73,1
DA:74,1
DA:75,1
DA:77,1
DA:78,1
DA:79,1
DA:80,1
DA:81,1
DA:82,1
DA:83,1
DA:84,1
DA:91,2
DA:92,2
DA:95,2
DA:98,1
DA:99,1
DA:100,1
DA:105,1
DA:106,1
DA:107,1
DA:108,1
DA:109,1
DA:110,1
DA:112,0
DA:114,1
DA:117,1
DA:118,1
DA:119,1
DA:120,1
DA:121,1
DA:122,1
DA:123,1
DA:124,1
DA:125,0
DA:129,1
DA:130,1
DA:135,1
DA:136,1
DA:137,1
DA:138,1
DA:139,0
DA:140,0
DA:141,0
DA:142,0
DA:148,1
DA:149,1
DA:154,1
DA:155,1
DA:156,1
DA:157,1
DA:158,0
DA:159,0
DA:160,0
DA:161,0
DA:167,1
DA:168,1
DA:173,1
DA:174,1
DA:175,1
DA:176,1
DA:177,0
DA:179,0
DA:180,0
DA:181,0
DA:182,0
DA:183,0
DA:185,0
DA:186,0
DA:187,0
DA:188,0
DA:192,0
DA:197,1
DA:198,1
DA:199,1
DA:200,1
DA:201,1
DA:202,1
DA:204,1
DA:206,1
DA:207,1
DA:208,1
DA:209,1
DA:210,0
DA:212,1
DA:213,1
DA:214,0
DA:221,1
LF:128
LH:105
BRDA:22,1,0,2
BRDA:22,1,1,4
BRDA:22,2,0,6
BRDA:22,2,1,3
BRDA:25,3,0,2
BRDA:25,3,1,0
BRDA:26,4,0,2
BRDA:26,4,1,0
BRDA:33,5,0,1
BRDA:33,5,1,1
BRDA:35,6,0,1
BRDA:35,6,1,0
BRDA:40,7,0,1
BRDA:40,7,1,1
BRDA:52,8,0,1
BRDA:52,8,1,5
BRDA:52,9,0,6
BRDA:52,9,1,3
BRDA:67,10,0,1
BRDA:67,10,1,1
BRDA:75,11,0,1
BRDA:75,11,1,0
BRDA:80,12,0,1
BRDA:80,12,1,0
BRDA:82,13,0,1
BRDA:82,13,1,0
BRDA:91,14,0,2
BRDA:91,14,1,0
BRDA:108,15,0,1
BRDA:108,15,1,0
BRDA:124,16,0,0
BRDA:124,16,1,1
BRDA:138,17,0,0
BRDA:138,17,1,1
BRDA:157,18,0,0
BRDA:157,18,1,1
BRDA:176,19,0,0
BRDA:176,19,1,1
BRDA:179,20,0,0
BRDA:179,20,1,0
BRDA:187,21,0,0
BRDA:187,21,1,0
BRDA:187,22,0,0
BRDA:187,22,1,0
BRDA:187,22,2,0
BRDA:199,23,0,1
BRDA:199,23,1,0
BRDA:209,24,0,0
BRDA:209,24,1,1
BRDA:213,25,0,0
BRDA:213,25,1,1
BRDA:213,26,0,1
BRDA:213,26,1,0
BRDA:213,26,2,0
BRF:54
BRH:30
end_of_record
TN:
SF:/Users/dkachaev/repos/amida-tech/blue-button/lib/parser/cms/sections/vitals.js
FN:6,parseVitals
FN:53,expandCodeEntry
FN:97,parseVitalsChild
FN:124,getVitalUnits
FNF:4
FNH:4
FNDA:1,parseVitals
FNDA:2,expandCodeEntry
FNDA:2,parseVitalsChild
FNDA:2,getVitalUnits
DA:1,1
DA:6,1
DA:12,1
DA:13,1
DA:14,1
DA:15,1
DA:16,2
DA:17,2
DA:18,2
DA:19,2
DA:23,2
DA:25,1
DA:26,1
DA:27,1
DA:30,1
DA:31,1
DA:34,1
DA:35,1
DA:38,1
DA:39,1
DA:42,1
DA:43,1
DA:50,1
DA:53,1
DA:60,2
DA:83,2
DA:85,2
DA:86,1
DA:87,1
DA:88,1
DA:89,0
DA:90,0
DA:91,0
DA:92,0
DA:97,1
DA:98,2
DA:99,2
DA:100,2
DA:102,2
DA:104,2
DA:106,2
DA:107,2
DA:108,2
DA:109,2
DA:112,2
DA:113,2
DA:114,2
DA:115,2
DA:118,2
DA:124,1
DA:127,2
DA:128,1
DA:129,1
DA:130,1
DA:131,0
DA:132,0
DA:133,0
DA:134,0
DA:137,0
DA:140,1
LF:60
LH:51
BRDA:18,1,0,2
BRDA:18,1,1,0
BRDA:23,2,0,1
BRDA:23,2,1,1
BRDA:23,3,0,2
BRDA:23,3,1,1
BRDA:85,4,0,1
BRDA:85,4,1,1
BRDA:87,5,0,1
BRDA:87,5,1,0
BRDA:89,6,0,0
BRDA:89,6,1,0
BRDA:91,7,0,0
BRDA:91,7,1,0
BRDA:114,8,0,2
BRDA:114,8,1,0
BRDA:114,9,0,2
BRDA:114,9,1,0
BRDA:127,10,0,1
BRDA:127,10,1,1
BRDA:129,11,0,1
BRDA:129,11,1,0
BRDA:131,12,0,0
BRDA:131,12,1,0
BRDA:133,13,0,0
BRDA:133,13,1,0
BRF:26
BRH:13
end_of_record
TN:
SF:/Users/dkachaev/repos/amida-tech/blue-button/lib/parser/cms/sections/immunizations.js
FN:3,parseImmunizations
FN:27,getImmunObj
FN:49,getAdministration
FN:61,getProduct
FN:74,getDates
FNF:5
FNH:5
FNDA:1,parseImmunizations
FNDA:3,getImmunObj
FNDA:3,getAdministration
FNDA:3,getProduct
FNDA:2,getDates
DA:1,1
DA:3,1
DA:9,1
DA:10,1
DA:11,1
DA:13,1
DA:14,2
DA:15,2
DA:16,2
DA:17,2
DA:18,2
DA:19,3
DA:20,3
DA:24,1
DA:27,1
DA:28,3
DA:29,3
DA:30,3
DA:31,3
DA:32,3
DA:33,3
DA:34,3
DA:35,3
DA:37,3
DA:38,3
DA:40,3
DA:41,3
DA:43,3
DA:44,3
DA:46,3
DA:49,1
DA:50,3
DA:51,3
DA:54,3
DA:55,3
DA:56,3
DA:58,3
DA:61,1
DA:62,3
DA:63,3
DA:65,3
DA:66,1
DA:68,2
DA:70,3
DA:71,3
DA:74,1
DA:75,2
DA:76,2
DA:77,2
DA:78,2
DA:79,2
DA:80,2
DA:81,2
DA:84,2
DA:85,2
DA:86,16
DA:87,1
DA:88,1
DA:89,1
DA:90,1
DA:93,2
DA:96,1
LF:62
LH:62
BRDA:15,1,0,2
BRDA:15,1,1,0
BRDA:33,2,0,3
BRDA:33,2,1,0
BRDA:37,3,0,3
BRDA:37,3,1,0
BRDA:40,4,0,3
BRDA:40,4,1,0
BRDA:43,5,0,3
BRDA:43,5,1,0
BRDA:54,6,0,3
BRDA:54,6,1,0
BRDA:65,7,0,1
BRDA:65,7,1,2
BRDA:78,8,0,2
BRDA:78,8,1,0
BRDA:80,9,0,2
BRDA:80,9,1,0
BRDA:86,10,0,1
BRDA:86,10,1,15
BRDA:86,11,0,16
BRDA:86,11,1,6
BRF:22
BRH:14
end_of_record
TN:
SF:/Users/dkachaev/repos/amida-tech/blue-button/lib/parser/cms/sections/insurance.js
FN:3,parseInsurance
FN:26,processMedicarePlanChild
FN:90,processEmployerChild
FN:123,processInsuranceChild
FNF:4
FNH:4
FNDA:4,parseInsurance
FNDA:2,processMedicarePlanChild
FNDA:1,processEmployerChild
FNDA:3,processInsuranceChild
DA:1,1
DA:3,1
DA:4,4
DA:5,4
DA:6,4
DA:7,6
DA:8,6
DA:9,2
DA:10,2
DA:11,4
DA:12,1
DA:13,1
DA:14,3
DA:15,2
DA:16,2
DA:17,1
DA:18,1
DA:19,1
DA:22,4
DA:26,1
DA:27,2
DA:28,2
DA:29,2
DA:30,2
DA:31,2
DA:32,2
DA:33,2
DA:35,2
DA:36,12
DA:37,12
DA:38,12
DA:39,12
DA:40,0
DA:42,12
DA:43,2
DA:44,2
DA:47,10
DA:48,2
DA:49,8
DA:50,2
DA:51,2
DA:52,2
DA:53,2
DA:54,0
DA:57,6
DA:58,2
DA:59,4
DA:60,2
DA:61,2
DA:64,2
DA:65,0
DA:66,0
DA:67,0
DA:68,2
DA:69,0
DA:70,0
DA:71,0
DA:72,2
DA:73,2
DA:77,2
DA:78,2
DA:80,2
DA:81,2
DA:83,2
DA:84,2
DA:87,2
DA:90,1
DA:91,1
DA:92,1
DA:93,1
DA:94,1
DA:95,1
DA:96,3
DA:97,3
DA:98,3
DA:99,3
DA:100,0
DA:102,3
DA:103,1
DA:104,2
DA:105,1
DA:106,1
DA:107,1
DA:108,1
DA:109,1
DA:113,1
DA:114,1
DA:116,1
DA:117,1
DA:119,1
DA:123,1
DA:124,3
DA:125,3
DA:126,3
DA:127,3
DA:128,3
DA:129,3
DA:130,3
DA:131,18
DA:132,18
DA:133,18
DA:134,18
DA:135,1
DA:137,17
DA:138,2
DA:139,15
DA:140,0
DA:141,15
DA:142,3
DA:143,12
DA:144,3
DA:145,9
DA:148,3
DA:149,3
DA:150,3
DA:151,6
DA:152,3
DA:153,3
DA:154,3
DA:155,3
DA:156,3
DA:159,0
DA:160,0
DA:161,0
DA:162,0
DA:163,0
DA:164,0
DA:165,0
DA:166,0
DA:169,3
DA:170,3
DA:172,3
DA:173,2
DA:175,3
DA:176,3
DA:178,3
DA:181,1
LF:137
LH:119
BRDA:8,1,0,2
BRDA:8,1,1,4
BRDA:11,2,0,1
BRDA:11,2,1,3
BRDA:14,3,0,2
BRDA:14,3,1,1
BRDA:17,4,0,1
BRDA:17,4,1,0
BRDA:39,5,0,0
BRDA:39,5,1,12
BRDA:42,6,0,2
BRDA:42,6,1,10
BRDA:47,7,0,2
BRDA:47,7,1,8
BRDA:49,8,0,2
BRDA:49,8,1,6
BRDA:53,9,0,0
BRDA:53,9,1,2
BRDA:57,10,0,2
BRDA:57,10,1,4
BRDA:59,11,0,2
BRDA:59,11,1,2
BRDA:64,12,0,0
BRDA:64,12,1,2
BRDA:68,13,0,0
BRDA:68,13,1,2
BRDA:72,14,0,2
BRDA:72,14,1,0
BRDA:77,15,0,2
BRDA:77,15,1,0
BRDA:80,16,0,2
BRDA:80,16,1,0
BRDA:83,17,0,2
BRDA:83,17,1,0
BRDA:99,18,0,0
BRDA:99,18,1,3
BRDA:102,19,0,1
BRDA:102,19,1,2
BRDA:104,20,0,1
BRDA:104,20,1,1
BRDA:107,21,0,1
BRDA:107,21,1,0
BRDA:113,22,0,1
BRDA:113,22,1,0
BRDA:116,23,0,1
BRDA:116,23,1,0
BRDA:134,24,0,1
BRDA:134,24,1,17
BRDA:137,25,0,2
BRDA:137,25,1,15
BRDA:137,26,0,17
BRDA:137,26,1,2
BRDA:139,27,0,0
BRDA:139,27,1,15
BRDA:141,28,0,3
BRDA:141,28,1,12
BRDA:143,29,0,3
BRDA:143,29,1,9
BRDA:145,30,0,3
BRDA:145,30,1,6
BRDA:151,31,0,3
BRDA:151,31,1,3
BRDA:154,32,0,3
BRDA:154,32,1,0
BRDA:159,33,0,0
BRDA:159,33,1,0
BRDA:163,34,0,0
BRDA:163,34,1,0
BRDA:169,35,0,3
BRDA:169,35,1,0
BRDA:172,36,0,2
BRDA:172,36,1,1
BRDA:175,37,0,3
BRDA:175,37,1,0
BRF:74
BRH:53
end_of_record
TN:
SF:/Users/dkachaev/repos/amida-tech/blue-button/lib/parser/cms/sections/claims.js
FN:5,parseClaims
FN:26,isClaimTypeD
FN:43,parseClaimTypeD
FN:65,parseClaimLineTypeD
FN:124,parseClaimChild
FN:218,extrapolateDatesFromLines
FN:288,extrapolatePerformersFromClaimLines
FN:309,processClaimLine
FNF:8
FNH:8
FNDA:1,parseClaims
FNDA:5,isClaimTypeD
FNDA:2,parseClaimTypeD
FNDA:2,parseClaimLineTypeD
FNDA:5,parseClaimChild
FNDA:7,extrapolateDatesFromLines
FNDA:2,extrapolatePerformersFromClaimLines
FNDA:7,processClaimLine
DA:1,1
DA:3,1
DA:5,1
DA:7,1
DA:9,1
DA:10,5
DA:11,5
DA:16,5
DA:17,2
DA:19,3
DA:21,5
DA:23,1
DA:26,1
DA:27,5
DA:28,5
DA:29,0
DA:31,5
DA:32,5
DA:33,5
DA:34,3
DA:36,2
DA:37,2
DA:40,0
DA:43,1
DA:45,2
DA:46,2
DA:51,2
DA:53,2
DA:54,2
DA:55,2
DA:56,2
DA:59,2
DA:60,2
DA:61,2
DA:62,2
DA:65,1
DA:69,2
DA:70,2
DA:71,2
DA:76,2
DA:77,2
DA:78,2
DA:79,22
DA:80,22
DA:81,22
DA:82,0
DA:83,22
DA:85,2
DA:86,2
DA:87,20
DA:88,2
DA:89,18
DA:90,2
DA:91,16
DA:92,2
DA:93,14
DA:95,2
DA:96,2
DA:97,12
DA:98,2
DA:99,10
DA:100,2
DA:101,2
DA:102,2
DA:104,2
DA:108,2
DA:109,2
DA:111,2
DA:112,2
DA:114,2
DA:115,2
DA:117,2
DA:118,2
DA:120,2
DA:124,1
DA:125,5
DA:126,5
DA:127,5
DA:128,5
DA:131,5
DA:132,5
DA:134,5
DA:136,5
DA:137,53
DA:138,53
DA:139,53
DA:140,6
DA:142,47
DA:143,5
DA:144,42
DA:145,2
DA:146,2
DA:147,2
DA:149,2
DA:150,40
DA:151,0
DA:152,0
DA:153,0
DA:155,0
DA:156,40
DA:157,2
DA:158,2
DA:159,2
DA:161,2
DA:162,38
DA:163,2
DA:164,36
DA:165,2
DA:166,34
DA:167,2
DA:168,32
DA:169,2
DA:170,30
DA:171,4
DA:172,4
DA:173,26
DA:174,7
DA:175,7
DA:176,7
DA:177,19
DA:178,3
DA:179,3
DA:180,3
DA:181,7
DA:182,7
DA:184,3
DA:185,16
DA:186,0
DA:187,0
DA:188,0
DA:189,0
DA:190,16
DA:191,0
DA:192,0
DA:194,16
DA:195,0
DA:199,5
DA:200,2
DA:202,5
DA:203,4
DA:205,5
DA:206,2
DA:208,5
DA:209,0
DA:212,5
DA:213,5
DA:218,1
DA:219,7
DA:220,7
DA:221,7
DA:222,7
DA:223,6
DA:224,2
DA:226,6
DA:227,0
DA:229,6
DA:230,4
DA:233,7
DA:234,9
DA:235,9
DA:238,8
DA:239,1
DA:241,8
DA:242,2
DA:244,8
DA:245,0
DA:248,8
DA:249,6
DA:250,6
DA:251,6
DA:252,0
DA:255,8
DA:256,3
DA:257,3
DA:258,3
DA:259,0
DA:263,8
DA:264,2
DA:265,2
DA:266,2
DA:267,0
DA:273,7
DA:274,1
DA:276,7
DA:277,3
DA:279,7
DA:280,2
DA:282,7
DA:283,4
DA:288,1
DA:291,2
DA:292,2
DA:293,2
DA:295,2
DA:296,4
DA:297,4
DA:300,2
DA:301,4
DA:303,2
DA:309,1
DA:310,7
DA:311,7
DA:313,7
DA:314,7
DA:315,7
DA:316,7
DA:320,7
DA:321,7
DA:322,7
DA:323,110
DA:324,110
DA:325,110
DA:326,110
DA:327,40
DA:328,70
DA:329,7
DA:330,63
DA:331,6
DA:332,6
DA:333,6
DA:335,6
DA:336,57
DA:337,3
DA:338,0
DA:340,3
DA:341,54
DA:342,4
DA:343,4
DA:344,4
DA:345,4
DA:346,4
DA:347,50
DA:348,5
DA:349,5
DA:350,5
DA:351,5
DA:352,5
DA:353,45
DA:354,4
DA:355,4
DA:356,4
DA:357,4
DA:358,4
DA:359,41
DA:360,7
DA:361,7
DA:362,7
DA:363,7
DA:364,7
DA:365,34
DA:366,5
DA:367,29
DA:368,5
DA:369,24
DA:370,5
DA:371,19
DA:372,3
DA:373,3
DA:374,3
DA:375,16
DA:376,3
DA:377,3
DA:378,3
DA:379,13
DA:380,3
DA:382,3
DA:383,3
DA:386,7
DA:387,4
DA:389,7
DA:390,5
DA:392,7
DA:393,3
DA:395,7
DA:396,3
DA:398,7
DA:399,3
DA:402,7
DA:403,3
DA:405,7
DA:408,1
LF:281
LH:260
BRDA:16,1,0,2
BRDA:16,1,1,3
BRDA:28,2,0,0
BRDA:28,2,1,5
BRDA:31,3,0,5
BRDA:31,3,1,0
BRDA:33,4,0,3
BRDA:33,4,1,2
BRDA:36,5,0,2
BRDA:36,5,1,0
BRDA:81,6,0,0
BRDA:81,6,1,22
BRDA:83,7,0,2
BRDA:83,7,1,20
BRDA:87,8,0,2
BRDA:87,8,1,18
BRDA:89,9,0,2
BRDA:89,9,1,16
BRDA:91,10,0,2
BRDA:91,10,1,14
BRDA:93,11,0,2
BRDA:93,11,1,12
BRDA:97,12,0,2
BRDA:97,12,1,10
BRDA:99,13,0,2
BRDA:99,13,1,8
BRDA:101,14,0,2
BRDA:101,14,1,0
BRDA:108,15,0,2
BRDA:108,15,1,0
BRDA:111,16,0,2
BRDA:111,16,1,0
BRDA:114,17,0,2
BRDA:114,17,1,0
BRDA:117,18,0,2
BRDA:117,18,1,0
BRDA:139,19,0,6
BRDA:139,19,1,47
BRDA:142,20,0,5
BRDA:142,20,1,42
BRDA:144,21,0,2
BRDA:144,21,1,40
BRDA:144,22,0,42
BRDA:144,22,1,2
BRDA:146,23,0,2
BRDA:146,23,1,0
BRDA:150,24,0,0
BRDA:150,24,1,40
BRDA:150,25,0,40
BRDA:150,25,1,0
BRDA:152,26,0,0
BRDA:152,26,1,0
BRDA:156,27,0,2
BRDA:156,27,1,38
BRDA:156,28,0,40
BRDA:156,28,1,2
BRDA:158,29,0,2
BRDA:158,29,1,0
BRDA:162,30,0,2
BRDA:162,30,1,36
BRDA:162,31,0,38
BRDA:162,31,1,2
BRDA:164,32,0,2
BRDA:164,32,1,34
BRDA:164,33,0,36
BRDA:164,33,1,2
BRDA:166,34,0,2
BRDA:166,34,1,32
BRDA:166,35,0,34
BRDA:166,35,1,2
BRDA:168,36,0,2
BRDA:168,36,1,30
BRDA:168,37,0,32
BRDA:168,37,1,2
BRDA:170,38,0,4
BRDA:170,38,1,26
BRDA:170,39,0,30
BRDA:170,39,1,4
BRDA:173,40,0,7
BRDA:173,40,1,19
BRDA:173,41,0,26
BRDA:173,41,1,7
BRDA:177,42,0,3
BRDA:177,42,1,16
BRDA:177,43,0,19
BRDA:177,43,1,3
BRDA:185,44,0,0
BRDA:185,44,1,16
BRDA:185,45,0,16
BRDA:185,45,1,0
BRDA:190,46,0,0
BRDA:190,46,1,16
BRDA:190,47,0,16
BRDA:190,47,1,0
BRDA:194,48,0,0
BRDA:194,48,1,16
BRDA:194,49,0,16
BRDA:194,49,1,0
BRDA:199,50,0,2
BRDA:199,50,1,3
BRDA:202,51,0,4
BRDA:202,51,1,1
BRDA:205,52,0,2
BRDA:205,52,1,3
BRDA:208,53,0,0
BRDA:208,53,1,5
BRDA:222,54,0,6
BRDA:222,54,1,1
BRDA:223,55,0,2
BRDA:223,55,1,4
BRDA:226,56,0,0
BRDA:226,56,1,6
BRDA:229,57,0,4
BRDA:229,57,1,2
BRDA:235,58,0,8
BRDA:235,58,1,1
BRDA:238,59,0,1
BRDA:238,59,1,7
BRDA:238,60,0,8
BRDA:238,60,1,6
BRDA:241,61,0,2
BRDA:241,61,1,6
BRDA:241,62,0,8
BRDA:241,62,1,3
BRDA:244,63,0,0
BRDA:244,63,1,8
BRDA:244,64,0,8
BRDA:244,64,1,2
BRDA:248,65,0,6
BRDA:248,65,1,2
BRDA:248,66,0,8
BRDA:248,66,1,6
BRDA:251,67,0,0
BRDA:251,67,1,6
BRDA:255,68,0,3
BRDA:255,68,1,5
BRDA:255,69,0,8
BRDA:255,69,1,3
BRDA:258,70,0,0
BRDA:258,70,1,3
BRDA:263,71,0,2
BRDA:263,71,1,6
BRDA:263,72,0,8
BRDA:263,72,1,2
BRDA:266,73,0,0
BRDA:266,73,1,2
BRDA:273,74,0,1
BRDA:273,74,1,6
BRDA:276,75,0,3
BRDA:276,75,1,4
BRDA:279,76,0,2
BRDA:279,76,1,5
BRDA:282,77,0,4
BRDA:282,77,1,3
BRDA:326,78,0,40
BRDA:326,78,1,70
BRDA:328,79,0,7
BRDA:328,79,1,63
BRDA:328,80,0,70
BRDA:328,80,1,7
BRDA:330,81,0,6
BRDA:330,81,1,57
BRDA:330,82,0,63
BRDA:330,82,1,6
BRDA:332,83,0,6
BRDA:332,83,1,0
BRDA:336,84,0,3
BRDA:336,84,1,54
BRDA:336,85,0,57
BRDA:336,85,1,3
BRDA:337,86,0,0
BRDA:337,86,1,3
BRDA:341,87,0,4
BRDA:341,87,1,50
BRDA:341,88,0,54
BRDA:341,88,1,4
BRDA:347,89,0,5
BRDA:347,89,1,45
BRDA:347,90,0,50
BRDA:347,90,1,5
BRDA:353,91,0,4
BRDA:353,91,1,41
BRDA:353,92,0,45
BRDA:353,92,1,4
BRDA:359,93,0,7
BRDA:359,93,1,34
BRDA:359,94,0,41
BRDA:359,94,1,7
BRDA:365,95,0,5
BRDA:365,95,1,29
BRDA:365,96,0,34
BRDA:365,96,1,5
BRDA:367,97,0,5
BRDA:367,97,1,24
BRDA:367,98,0,29
BRDA:367,98,1,5
BRDA:369,99,0,5
BRDA:369,99,1,19
BRDA:369,100,0,24
BRDA:369,100,1,5
BRDA:371,101,0,3
BRDA:371,101,1,16
BRDA:371,102,0,19
BRDA:371,102,1,3
BRDA:375,103,0,3
BRDA:375,103,1,13
BRDA:375,104,0,16
BRDA:375,104,1,3
BRDA:379,105,0,3
BRDA:379,105,1,10
BRDA:379,106,0,13
BRDA:379,106,1,3
BRDA:386,107,0,4
BRDA:386,107,1,3
BRDA:389,108,0,5
BRDA:389,108,1,2
BRDA:392,109,0,3
BRDA:392,109,1,4
BRDA:395,110,0,3
BRDA:395,110,1,4
BRDA:398,111,0,3
BRDA:398,111,1,4
BRDA:402,112,0,3
BRDA:402,112,1,4
BRF:224
BRH:195
end_of_record
TN:
SF:/Users/dkachaev/repos/amida-tech/blue-button/lib/parser/cms/sections/planofcare.js
FN:3,parsePlanOfCare
FN:15,processPlanOfCareChild
FNF:2
FNH:2
FNDA:1,parsePlanOfCare
FNDA:5,processPlanOfCareChild
DA:1,1
DA:3,1
DA:6,1
DA:7,1
DA:8,5
DA:9,5
DA:12,1
DA:15,1
DA:16,5
DA:17,5
DA:18,5
DA:19,15
DA:20,15
DA:21,15
DA:22,5
DA:23,10
DA:24,5
DA:25,5
DA:26,5
DA:27,5
DA:28,5
DA:29,0
DA:30,0
DA:31,0
DA:35,5
DA:37,5
DA:38,5
DA:40,5
DA:43,1
LF:29
LH:26
BRDA:21,1,0,5
BRDA:21,1,1,10
BRDA:23,2,0,5
BRDA:23,2,1,5
BRDA:26,3,0,5
BRDA:26,3,1,0
BRDA:29,4,0,0
BRDA:29,4,1,0
BRDA:37,5,0,5
BRDA:37,5,1,0
BRF:10
BRH:6
end_of_record
TN:
SF:/Users/dkachaev/repos/amida-tech/blue-button/lib/parser/cms/sections/providers.js
FN:3,parseProviders
FN:15,processProviderChild
FNF:2
FNH:2
FNDA:1,parseProviders
FNDA:2,processProviderChild
DA:1,1
DA:3,1
DA:6,1
DA:7,1
DA:8,2
DA:9,2
DA:12,1
DA:15,1
DA:16,2
DA:17,2
DA:18,2
DA:19,2
DA:20,15
DA:21,15
DA:22,15
DA:23,5
DA:27,10
DA:28,3
DA:29,7
DA:34,3
DA:35,4
DA:36,3
DA:39,1
DA:44,1
DA:45,1
DA:46,1
DA:47,1
DA:48,1
DA:52,0
DA:53,0
DA:54,0
DA:55,0
DA:59,2
DA:60,0
DA:62,2
DA:65,1
LF:36
LH:31
BRDA:22,1,0,5
BRDA:22,1,1,10
BRDA:27,2,0,3
BRDA:27,2,1,7
BRDA:29,3,0,3
BRDA:29,3,1,4
BRDA:35,4,0,3
BRDA:35,4,1,1
BRDA:39,5,0,1
BRDA:39,5,1,0
BRDA:52,6,0,0
BRDA:52,6,1,0
BRDA:59,7,0,0
BRDA:59,7,1,2
BRF:14
BRH:10
end_of_record
TN:
SF:/Users/dkachaev/repos/amida-tech/blue-button/lib/parser/router.js
FN:5,(anonymous_1)
FN:13,(anonymous_2)
FNF:2
FNH:2
FNDA:1,(anonymous_1)
FNDA:1,(anonymous_2)
DA:5,1
DA:6,1
DA:7,0
DA:9,1
DA:13,1
DA:14,1
DA:16,1
DA:46,1
LF:8
LH:7
BRDA:6,1,0,0
BRDA:6,1,1,1
BRDA:14,2,0,0
BRDA:14,2,1,1
BRF:4
BRH:2
end_of_record
TN:
SF:/Users/dkachaev/repos/amida-tech/blue-button/lib/parser/ccda/component.js
FN:16,(anonymous_1)
FN:24,(anonymous_2)
FN:30,(anonymous_3)
FN:44,(anonymous_4)
FN:51,(anonymous_5)
FN:58,(anonymous_6)
FN:60,(anonymous_7)
FN:67,(anonymous_8)
FN:72,(anonymous_9)
FN:80,(anonymous_10)
FN:82,(anonymous_11)
FN:91,(anonymous_12)
FN:99,(anonymous_13)
FN:110,(anonymous_14)
FN:115,(anonymous_15)
FN:126,(anonymous_16)
FN:138,(anonymous_17)
FN:140,(anonymous_18)
FN:151,(anonymous_19)
FN:160,(anonymous_20)
FN:169,(anonymous_21)
FN:172,(anonymous_22)
FN:174,(anonymous_23)
FNF:23
FNH:22
FNDA:235,(anonymous_1)
FNDA:234,(anonymous_2)
FNDA:507,(anonymous_3)
FNDA:94,(anonymous_4)
FNDA:160,(anonymous_5)
FNDA:61,(anonymous_6)
FNDA:106,(anonymous_7)
FNDA:7,(anonymous_8)
FNDA:6,(anonymous_9)
FNDA:211,(anonymous_10)
FNDA:704,(anonymous_11)
FNDA:995,(anonymous_12)
FNDA:208,(anonymous_13)
FNDA:104,(anonymous_14)
FNDA:104,(anonymous_15)
FNDA:0,(anonymous_16)
FNDA:488,(anonymous_17)
FNDA:924,(anonymous_18)
FNDA:1566,(anonymous_19)
FNDA:506,(anonymous_20)
FNDA:507,(anonymous_21)
FNDA:1625,(anonymous_22)
FNDA:2215,(anonymous_23)
DA:3,1
DA:4,1
DA:5,1
DA:6,1
DA:7,1
DA:8,1
DA:9,1
DA:10,1
DA:12,1
DA:14,1
DA:16,1
DA:17,235
DA:18,235
DA:19,235
DA:22,1
DA:24,1
DA:25,234
DA:26,234
DA:27,234
DA:30,1
DA:31,507
DA:32,507
DA:33,507
DA:34,507
DA:35,507
DA:36,506
DA:37,506
DA:39,1
DA:41,507
DA:44,1
DA:45,94
DA:47,94
DA:48,27
DA:51,94
DA:52,160
DA:55,94
DA:58,1
DA:60,61
DA:61,106
DA:64,61
DA:67,1
DA:68,7
DA:69,7
DA:72,1
DA:73,6
DA:74,6
DA:76,6
DA:77,6
DA:80,1
DA:81,211
DA:82,211
DA:83,704
DA:84,704
DA:85,704
DA:88,211
DA:91,1
DA:92,995
DA:93,995
DA:94,3191
DA:96,995
DA:99,1
DA:100,208
DA:101,208
DA:103,0
DA:104,0
DA:106,0
DA:110,1
DA:111,104
DA:112,104
DA:115,104
DA:116,104
DA:121,104
DA:123,104
DA:126,1
DA:127,0
DA:128,0
DA:130,0
DA:131,0
DA:133,0
DA:134,0
DA:138,1
DA:139,488
DA:140,488
DA:141,924
DA:142,924
DA:144,0
DA:145,0
DA:147,0
DA:148,0
DA:151,488
DA:152,1566
DA:153,1078
DA:154,1078
DA:157,488
DA:160,1
DA:161,506
DA:162,612
DA:163,462
DA:166,44
DA:169,1
DA:170,507
DA:171,507
DA:172,507
DA:173,1625
DA:174,1118
DA:175,2215
DA:176,2212
DA:177,2212
DA:178,2212
DA:180,3
DA:181,0
DA:182,0
DA:183,0
DA:185,0
DA:186,0
DA:192,507
DA:195,1
DA:199,1
LF:118
LH:100
BRDA:35,1,0,506
BRDA:35,1,1,1
BRDA:47,2,0,27
BRDA:47,2,1,67
BRDA:73,3,0,6
BRDA:73,3,1,0
BRDA:100,4,0,208
BRDA:100,4,1,0
BRDA:103,5,0,0
BRDA:103,5,1,0
BRDA:104,6,0,0
BRDA:104,6,1,0
BRDA:111,7,0,104
BRDA:111,7,1,0
BRDA:127,8,0,0
BRDA:127,8,1,0
BRDA:127,9,0,0
BRDA:127,9,1,0
BRDA:130,10,0,0
BRDA:130,10,1,0
BRDA:131,11,0,0
BRDA:131,11,1,0
BRDA:133,12,0,0
BRDA:133,12,1,0
BRDA:134,13,0,0
BRDA:134,13,1,0
BRDA:141,14,0,924
BRDA:141,14,1,0
BRDA:141,15,0,924
BRDA:141,15,1,924
BRDA:144,16,0,0
BRDA:144,16,1,0
BRDA:145,17,0,0
BRDA:145,17,1,0
BRDA:147,18,0,0
BRDA:147,18,1,0
BRDA:148,19,0,0
BRDA:148,19,1,0
BRDA:152,20,0,1078
BRDA:152,20,1,488
BRDA:162,21,0,462
BRDA:162,21,1,150
BRDA:162,22,0,612
BRDA:162,22,1,568
BRDA:173,23,0,1118
BRDA:173,23,1,507
BRDA:175,24,0,2212
BRDA:175,24,1,3
BRDA:176,25,0,2212
BRDA:176,25,1,0
BRDA:180,26,0,0
BRDA:180,26,1,3
BRDA:180,27,0,3
BRDA:180,27,1,0
BRDA:182,28,0,0
BRDA:182,28,1,0
BRDA:182,29,0,0
BRDA:182,29,1,0
BRF:58
BRH:23
end_of_record
TN:
SF:/Users/dkachaev/repos/amida-tech/blue-button/lib/parser/ccda/common.js
FN:3,(anonymous_1)
FN:9,deepForEach
FN:21,(anonymous_3)
FN:26,(anonymous_4)
FN:44,(anonymous_5)
FN:51,(anonymous_6)
FN:67,(anonymous_7)
FNF:7
FNH:6
FNDA:2381,(anonymous_1)
FNDA:3706,deepForEach
FNDA:484,(anonymous_3)
FNDA:3220,(anonymous_4)
FNDA:2216,(anonymous_5)
FNDA:0,(anonymous_6)
FNDA:182,(anonymous_7)
DA:3,1
DA:4,2381
DA:5,2381
DA:6,2381
DA:9,1
DA:10,3706
DA:11,3706
DA:13,3706
DA:14,3706
DA:17,3706
DA:18,3706
DA:19,771
DA:20,2935
DA:21,554
DA:22,484
DA:24,2381
DA:25,844
DA:26,844
DA:27,3220
DA:30,1537
DA:33,3706
DA:34,2412
DA:36,3706
DA:39,1
DA:44,1
DA:45,2216
DA:47,2216
DA:48,2216
DA:50,0
DA:51,0
DA:52,0
DA:54,0
DA:55,0
DA:56,0
DA:57,0
DA:59,0
DA:64,2216
DA:67,1
DA:68,182
DA:71,1
LF:40
LH:32
BRDA:4,1,0,0
BRDA:4,1,1,2381
BRDA:5,2,0,0
BRDA:5,2,1,2381
BRDA:11,3,0,3706
BRDA:11,3,1,0
BRDA:13,4,0,3706
BRDA:13,4,1,0
BRDA:18,5,0,771
BRDA:18,5,1,2935
BRDA:20,6,0,554
BRDA:20,6,1,2381
BRDA:24,7,0,844
BRDA:24,7,1,1537
BRDA:33,8,0,2412
BRDA:33,8,1,1294
BRDA:47,9,0,2216
BRDA:47,9,1,0
BRDA:48,10,0,2216
BRDA:48,10,1,2216
BRDA:51,11,0,0
BRDA:51,11,1,0
BRDA:52,12,0,0
BRDA:52,12,1,0
BRDA:52,13,0,0
BRDA:52,13,1,0
BRDA:56,14,0,0
BRDA:56,14,1,0
BRDA:68,15,0,182
BRDA:68,15,1,75
BRF:30
BRH:17
end_of_record
TN:
SF:/Users/dkachaev/repos/amida-tech/blue-button/lib/parser/ccda/parser.js
FN:6,Parser
FN:8,(anonymous_2)
FN:25,(anonymous_3)
FN:28,(anonymous_4)
FN:50,(anonymous_5)
FNF:5
FNH:5
FNDA:704,Parser
FNDA:704,(anonymous_2)
FNDA:2212,(anonymous_3)
FNDA:1324,(anonymous_4)
FNDA:320,(anonymous_5)
DA:1,1
DA:2,1
DA:3,1
DA:4,1
DA:6,1
DA:8,1
DA:9,704
DA:10,704
DA:11,704
DA:13,704
DA:14,704
DA:16,704
DA:17,704
DA:19,704
DA:20,704
DA:21,704
DA:22,704
DA:25,1
DA:26,2212
DA:27,2212
DA:28,2212
DA:29,1324
DA:30,506
DA:31,506
DA:32,462
DA:34,44
DA:36,506
DA:37,818
DA:38,166
DA:40,652
DA:44,2212
DA:45,3
DA:46,3
DA:49,2212
DA:50,58
DA:51,320
DA:53,58
DA:56,2212
DA:57,1826
DA:60,2212
DA:62,2212
DA:65,1
LF:42
LH:42
BRDA:16,1,0,704
BRDA:16,1,1,704
BRDA:17,2,0,704
BRDA:17,2,1,512
BRDA:20,3,0,704
BRDA:20,3,1,130
BRDA:29,4,0,506
BRDA:29,4,1,818
BRDA:29,5,0,1324
BRDA:29,5,1,672
BRDA:31,6,0,462
BRDA:31,6,1,44
BRDA:37,7,0,166
BRDA:37,7,1,652
BRDA:44,8,0,3
BRDA:44,8,1,2209
BRDA:44,9,0,2212
BRDA:44,9,1,1826
BRDA:49,10,0,58
BRDA:49,10,1,2154
BRDA:49,11,0,2212
BRDA:49,11,1,509
BRDA:56,12,0,1826
BRDA:56,12,1,386
BRDA:57,13,0,790
BRDA:57,13,1,1036
BRF:26
BRH:26
end_of_record
TN:
SF:/Users/dkachaev/repos/amida-tech/blue-button/lib/parser/ccda/processor.js
FN:5,(anonymous_1)
FN:33,(anonymous_2)
FN:40,(anonymous_3)
FN:46,(anonymous_4)
FN:70,(anonymous_5)
FNF:5
FNH:5
FNDA:864,(anonymous_1)
FNDA:2,(anonymous_2)
FNDA:16,(anonymous_3)
FNDA:58,(anonymous_4)
FNDA:58,(anonymous_5)
DA:1,1
DA:2,1
DA:3,1
DA:5,1
DA:6,864
DA:8,864
DA:9,178
DA:10,178
DA:11,686
DA:12,686
DA:13,686
DA:14,0
DA:15,0
DA:16,0
DA:18,0
DA:22,864
DA:23,864
DA:26,864
DA:28,864
DA:31,1
DA:33,1
DA:34,2
DA:35,2
DA:38,1
DA:40,1
DA:41,16
DA:44,1
DA:46,1
DA:47,58
DA:49,58
DA:51,58
DA:52,58
DA:53,58
DA:54,58
DA:55,58
DA:56,57
DA:57,58
DA:58,12
DA:59,58
DA:60,12
DA:61,58
DA:62,9
DA:65,58
DA:68,1
DA:70,1
DA:71,58
DA:75,58
DA:76,0
DA:77,58
DA:78,1
DA:79,57
DA:80,45
DA:81,12
DA:82,0
DA:83,12
DA:84,3
DA:85,9
DA:86,0
DA:88,9
DA:91,1
LF:60
LH:53
BRDA:8,1,0,178
BRDA:8,1,1,686
BRDA:9,2,0,0
BRDA:9,2,1,178
BRDA:10,3,0,178
BRDA:10,3,1,0
BRDA:11,4,0,686
BRDA:11,4,1,0
BRDA:12,5,0,0
BRDA:12,5,1,686
BRDA:13,6,0,686
BRDA:13,6,1,0
BRDA:14,7,0,0
BRDA:14,7,1,0
BRDA:15,8,0,0
BRDA:15,8,1,0
BRDA:16,9,0,0
BRDA:16,9,1,0
BRDA:51,10,0,58
BRDA:51,10,1,0
BRDA:53,11,0,58
BRDA:53,11,1,0
BRDA:55,12,0,57
BRDA:55,12,1,1
BRDA:57,13,0,12
BRDA:57,13,1,46
BRDA:59,14,0,12
BRDA:59,14,1,46
BRDA:61,15,0,9
BRDA:61,15,1,49
BRDA:75,16,0,0
BRDA:75,16,1,58
BRDA:77,17,0,1
BRDA:77,17,1,57
BRDA:79,18,0,45
BRDA:79,18,1,12
BRDA:81,19,0,0
BRDA:81,19,1,12
BRDA:83,20,0,3
BRDA:83,20,1,9
BRDA:85,21,0,0
BRDA:85,21,1,9
BRF:42
BRH:26
end_of_record
TN:
SF:/Users/dkachaev/repos/amida-tech/blue-button/lib/parser/ccda/cleanup.js
FN:12,(anonymous_1)
FN:32,(anonymous_2)
FN:34,(anonymous_3)
FN:49,(anonymous_4)
FN:70,(anonymous_5)
FN:82,(anonymous_6)
FN:107,(anonymous_7)
FN:108,(anonymous_8)
FN:116,(anonymous_9)
FN:152,(anonymous_10)
FN:163,(anonymous_11)
FN:181,(anonymous_12)
FN:182,(anonymous_13)
FN:183,(anonymous_14)
FN:195,(anonymous_15)
FN:207,(anonymous_16)
FN:208,(anonymous_17)
FN:214,(anonymous_18)
FN:215,(anonymous_19)
FN:222,(anonymous_20)
FN:223,(anonymous_21)
FN:225,(anonymous_22)
FN:227,(anonymous_23)
FN:238,(anonymous_24)
FN:242,(anonymous_25)
FN:243,(anonymous_26)
FNF:26
FNH:18
FNDA:488,(anonymous_1)
FNDA:2138,(anonymous_2)
FNDA:223,(anonymous_3)
FNDA:4,(anonymous_4)
FNDA:2,(anonymous_5)
FNDA:89,(anonymous_6)
FNDA:21,(anonymous_7)
FNDA:40,(anonymous_8)
FNDA:47,(anonymous_9)
FNDA:9,(anonymous_10)
FNDA:0,(anonymous_11)
FNDA:12,(anonymous_12)
FNDA:13,(anonymous_13)
FNDA:13,(anonymous_14)
FNDA:36,(anonymous_15)
FNDA:33,(anonymous_16)
FNDA:13,(anonymous_17)
FNDA:8,(anonymous_18)
FNDA:137,(anonymous_19)
FNDA:0,(anonymous_20)
FNDA:0,(anonymous_21)
FNDA:0,(anonymous_22)
FNDA:0,(anonymous_23)
FNDA:0,(anonymous_24)
FNDA:0,(anonymous_25)
FNDA:0,(anonymous_26)
DA:3,1
DA:4,1
DA:5,1
DA:6,1
DA:7,1
DA:8,1
DA:10,1
DA:12,1
DA:15,488
DA:16,2308
DA:17,365
DA:18,273
DA:19,273
DA:20,50
DA:27,488
DA:28,0
DA:31,488
DA:32,448
DA:33,2138
DA:35,223
DA:38,941
DA:42,448
DA:43,48
DA:49,1
DA:50,4
DA:51,0
DA:54,4
DA:55,4
DA:56,4
DA:57,4
DA:59,4
DA:60,4
DA:61,2
DA:63,2
DA:64,2
DA:67,4
DA:70,1
DA:72,2
DA:74,2
DA:75,12
DA:76,2
DA:82,1
DA:83,89
DA:84,0
DA:85,0
DA:88,89
DA:89,4
DA:95,89
DA:96,18
DA:97,10
DA:102,89
DA:103,89
DA:107,1
DA:108,21
DA:109,40
DA:110,40
DA:113,21
DA:116,1
DA:117,47
DA:119,47
DA:120,45
DA:121,21
DA:127,45
DA:128,20
DA:134,45
DA:135,12
DA:141,45
DA:142,4
DA:149,47
DA:152,1
DA:153,9
DA:154,9
DA:155,9
DA:156,9
DA:157,3
DA:159,6
DA:162,9
DA:163,0
DA:164,0
DA:166,0
DA:167,0
DA:168,0
DA:169,0
DA:170,0
DA:172,0
DA:173,0
DA:177,9
DA:181,1
DA:182,12
DA:183,13
DA:188,13
DA:189,13
DA:190,13
DA:191,13
DA:193,13
DA:194,13
DA:195,13
DA:196,36
DA:197,36
DA:204,12
DA:207,1
DA:208,33
DA:209,13
DA:211,33
DA:214,1
DA:215,8
DA:216,137
DA:217,135
DA:219,8
DA:222,1
DA:223,0
DA:224,0
DA:225,0
DA:226,0
DA:227,0
DA:228,0
DA:229,0
DA:231,0
DA:233,0
DA:238,1
DA:239,0
DA:240,0
DA:242,0
DA:243,0
DA:244,0
DA:245,0
DA:247,0
DA:248,0
LF:128
LH:98
BRDA:16,1,0,365
BRDA:16,1,1,1943
BRDA:18,2,0,273
BRDA:18,2,1,0
BRDA:19,3,0,50
BRDA:19,3,1,223
BRDA:19,4,0,273
BRDA:19,4,1,94
BRDA:27,5,0,0
BRDA:27,5,1,488
BRDA:27,6,0,488
BRDA:27,6,1,488
BRDA:31,7,0,448
BRDA:31,7,1,40
BRDA:33,8,0,941
BRDA:33,8,1,1197
BRDA:33,9,0,2138
BRDA:33,9,1,1367
BRDA:33,9,2,365
BRDA:33,9,3,248
BRDA:33,9,4,1200
BRDA:35,10,0,223
BRDA:35,10,1,223
BRDA:42,11,0,48
BRDA:42,11,1,400
BRDA:50,12,0,0
BRDA:50,12,1,4
BRDA:54,13,0,4
BRDA:54,13,1,4
BRDA:56,14,0,4
BRDA:56,14,1,0
BRDA:56,15,0,4
BRDA:56,15,1,4
BRDA:60,16,0,2
BRDA:60,16,1,2
BRDA:60,17,0,4
BRDA:60,17,1,4
BRDA:63,18,0,2
BRDA:63,18,1,2
BRDA:67,19,0,4
BRDA:67,19,1,0
BRDA:75,20,0,2
BRDA:75,20,1,10
BRDA:83,21,0,0
BRDA:83,21,1,89
BRDA:88,22,0,4
BRDA:88,22,1,85
BRDA:90,23,0,4
BRDA:90,23,1,4
BRDA:95,24,0,18
BRDA:95,24,1,71
BRDA:96,25,0,10
BRDA:96,25,1,8
BRDA:102,26,0,89
BRDA:102,26,1,0
BRDA:109,27,0,40
BRDA:109,27,1,0
BRDA:119,28,0,45
BRDA:119,28,1,2
BRDA:120,29,0,21
BRDA:120,29,1,24
BRDA:127,30,0,20
BRDA:127,30,1,25
BRDA:134,31,0,12
BRDA:134,31,1,33
BRDA:141,32,0,4
BRDA:141,32,1,41
BRDA:153,33,0,9
BRDA:153,33,1,0
BRDA:154,34,0,9
BRDA:154,34,1,0
BRDA:154,35,0,9
BRDA:154,35,1,9
BRDA:156,36,0,3
BRDA:156,36,1,6
BRDA:162,37,0,0
BRDA:162,37,1,9
BRDA:162,38,0,9
BRDA:162,38,1,0
BRDA:162,38,2,0
BRDA:167,39,0,0
BRDA:167,39,1,0
BRDA:169,40,0,0
BRDA:169,40,1,0
BRDA:172,41,0,0
BRDA:172,41,1,0
BRDA:189,42,0,13
BRDA:189,42,1,0
BRDA:189,43,0,13
BRDA:189,43,1,13
BRDA:193,44,0,13
BRDA:193,44,1,0
BRDA:194,45,0,13
BRDA:194,45,1,0
BRDA:196,46,0,36
BRDA:196,46,1,0
BRDA:209,47,0,13
BRDA:209,47,1,13
BRDA:216,48,0,135
BRDA:216,48,1,2
BRDA:228,49,0,0
BRDA:228,49,1,0
BRDA:239,50,0,0
BRDA:239,50,1,0
BRDA:244,51,0,0
BRDA:244,51,1,0
BRF:106
BRH:77
end_of_record
TN:
SF:/Users/dkachaev/repos/amida-tech/blue-button/lib/parser/ccda/oids.js
FNF:0
FNH:0
DA:1,1
LF:1
LH:1
BRF:0
BRH:0
end_of_record
TN:
SF:/Users/dkachaev/repos/amida-tech/blue-button/lib/parser/ccda/componentInstance.js
FN:10,(anonymous_1)
FN:11,chainUp
FN:23,(anonymous_3)
FN:25,(anonymous_4)
FN:31,(anonymous_5)
FN:37,(anonymous_6)
FN:39,(anonymous_7)
FN:45,(anonymous_8)
FN:56,(anonymous_9)
FN:63,(anonymous_10)
FN:70,(anonymous_11)
FN:72,(anonymous_12)
FNF:12
FNH:12
FNDA:58,(anonymous_1)
FNDA:320,chainUp
FNDA:1,(anonymous_3)
FNDA:2412,(anonymous_4)
FNDA:2412,(anonymous_5)
FNDA:488,(anonymous_6)
FNDA:924,(anonymous_7)
FNDA:2212,(anonymous_8)
FNDA:507,(anonymous_9)
FNDA:2212,(anonymous_10)
FNDA:1,(anonymous_11)
FNDA:1294,(anonymous_12)
DA:3,1
DA:4,1
DA:6,1
DA:8,1
DA:10,1
DA:11,1
DA:12,320
DA:13,320
DA:14,58
DA:16,262
DA:17,262
DA:20,58
DA:23,1
DA:24,1
DA:26,2412
DA:27,488
DA:29,1924
DA:32,2412
DA:37,1
DA:38,488
DA:39,488
DA:40,924
DA:42,488
DA:45,1
DA:46,2212
DA:47,2212
DA:48,2212
DA:50,2212
DA:51,0
DA:53,2212
DA:56,1
DA:57,507
DA:58,507
DA:59,507
DA:60,44
DA:61,44
DA:63,463
DA:64,2212
DA:66,463
DA:70,1
DA:71,1
DA:73,1294
DA:74,411
DA:76,883
DA:81,1
LF:45
LH:44
BRDA:13,1,0,58
BRDA:13,1,1,262
BRDA:26,2,0,488
BRDA:26,2,1,1924
BRDA:32,3,0,488
BRDA:32,3,1,1924
BRDA:32,4,0,2412
BRDA:32,4,1,1641
BRDA:51,5,0,0
BRDA:51,5,1,0
BRDA:59,6,0,44
BRDA:59,6,1,463
BRDA:60,7,0,44
BRDA:60,7,1,44
BRDA:73,8,0,411
BRDA:73,8,1,883
BRF:16
BRH:14
end_of_record
TN:
SF:/Users/dkachaev/repos/amida-tech/blue-button/lib/generator/ccda/generator.js
FN:48,(anonymous_1)
FN:87,(anonymous_2)
FNF:2
FNH:0
FNDA:0,(anonymous_1)
FNDA:0,(anonymous_2)
DA:17,1
DA:18,1
DA:19,1
DA:21,1
DA:24,1
DA:48,1
DA:49,0
DA:50,0
DA:51,0
DA:52,0
DA:53,0
DA:54,0
DA:55,0
DA:56,0
DA:57,0
DA:58,0
DA:59,0
DA:60,0
DA:61,0
DA:62,0
DA:63,0
DA:64,0
DA:65,0
DA:66,0
DA:67,0
DA:68,0
DA:69,0
DA:70,0
DA:71,0
DA:72,0
DA:73,0
DA:76,0
DA:87,1
DA:88,0
DA:89,0
DA:92,0
DA:95,0
DA:121,0
DA:122,0
DA:126,0
DA:127,0
DA:128,0
DA:129,0
DA:134,0
DA:135,0
DA:138,0
DA:139,0
DA:142,0
DA:143,0
DA:146,1
DA:147,1
LF:51
LH:9
BRDA:49,1,0,0
BRDA:49,1,1,0
BRDA:50,2,0,0
BRDA:50,2,1,0
BRDA:52,3,0,0
BRDA:52,3,1,0
BRDA:54,4,0,0
BRDA:54,4,1,0
BRDA:56,5,0,0
BRDA:56,5,1,0
BRDA:58,6,0,0
BRDA:58,6,1,0
BRDA:60,7,0,0
BRDA:60,7,1,0
BRDA:62,8,0,0
BRDA:62,8,1,0
BRDA:64,9,0,0
BRDA:64,9,1,0
BRDA:66,10,0,0
BRDA:66,10,1,0
BRDA:68,11,0,0
BRDA:68,11,1,0
BRDA:70,12,0,0
BRDA:70,12,1,0
BRDA:72,13,0,0
BRDA:72,13,1,0
BRDA:88,14,0,0
BRDA:88,14,1,0
BRDA:128,15,0,0
BRDA:128,15,1,0
BRDA:134,16,0,0
BRDA:134,16,1,0
BRF:32
BRH:0
end_of_record
TN:
SF:/Users/dkachaev/repos/amida-tech/blue-button/lib/generator/ccda/lib/templating_functions.js
FN:6,(anonymous_1)
FN:14,(anonymous_2)
FN:27,(anonymous_3)
FN:57,(anonymous_4)
FN:83,(anonymous_5)
FN:124,(anonymous_6)
FN:148,(anonymous_7)
FN:160,acronymize
FN:172,(anonymous_9)
FN:208,(anonymous_10)
FN:251,(anonymous_11)
FN:280,(anonymous_12)
FN:302,(anonymous_13)
FN:328,(anonymous_14)
FN:347,(anonymous_15)
FN:363,zeroFill
FN:373,(anonymous_17)
FN:381,(anonymous_18)
FN:421,(anonymous_19)
FN:456,(anonymous_20)
FN:480,(anonymous_21)
FN:498,(anonymous_22)
FN:502,(anonymous_23)
FN:523,(anonymous_24)
FN:542,(anonymous_25)
FN:573,(anonymous_26)
FN:609,(anonymous_27)
FN:615,(anonymous_28)
FN:620,(anonymous_29)
FN:654,(anonymous_30)
FN:661,(anonymous_31)
FN:667,(anonymous_32)
FN:681,(anonymous_33)
FN:695,(anonymous_34)
FN:735,(anonymous_35)
FN:759,(anonymous_36)
FN:777,(anonymous_37)
FN:806,(anonymous_38)
FN:845,(anonymous_39)
FNF:39
FNH:0
FNDA:0,(anonymous_1)
FNDA:0,(anonymous_2)
FNDA:0,(anonymous_3)
FNDA:0,(anonymous_4)
FNDA:0,(anonymous_5)
FNDA:0,(anonymous_6)
FNDA:0,(anonymous_7)
FNDA:0,acronymize
FNDA:0,(anonymous_9)
FNDA:0,(anonymous_10)
FNDA:0,(anonymous_11)
FNDA:0,(anonymous_12)
FNDA:0,(anonymous_13)
FNDA:0,(anonymous_14)
FNDA:0,(anonymous_15)
FNDA:0,zeroFill
FNDA:0,(anonymous_17)
FNDA:0,(anonymous_18)
FNDA:0,(anonymous_19)
FNDA:0,(anonymous_20)
FNDA:0,(anonymous_21)
FNDA:0,(anonymous_22)
FNDA:0,(anonymous_23)
FNDA:0,(anonymous_24)
FNDA:0,(anonymous_25)
FNDA:0,(anonymous_26)
FNDA:0,(anonymous_27)
FNDA:0,(anonymous_28)
FNDA:0,(anonymous_29)
FNDA:0,(anonymous_30)
FNDA:0,(anonymous_31)
FNDA:0,(anonymous_32)
FNDA:0,(anonymous_33)
FNDA:0,(anonymous_34)
FNDA:0,(anonymous_35)
FNDA:0,(anonymous_36)
FNDA:0,(anonymous_37)
FNDA:0,(anonymous_38)
FNDA:0,(anonymous_39)
DA:1,1
DA:2,1
DA:3,1
DA:4,1
DA:6,1
DA:7,0
DA:8,0
DA:10,0
DA:14,1
DA:15,0
DA:16,0
DA:17,0
DA:19,0
DA:27,1
DA:28,0
DA:29,0
DA:30,0
DA:36,0
DA:37,0
DA:41,0
DA:43,0
DA:44,0
DA:45,0
DA:46,0
DA:48,0
DA:50,0
DA:53,0
DA:57,1
DA:58,0
DA:83,1
DA:84,0
DA:85,0
DA:91,0
DA:94,0
DA:98,0
DA:99,0
DA:103,0
DA:104,0
DA:109,0
DA:110,0
DA:113,0
DA:118,0
DA:120,0
DA:124,1
DA:125,0
DA:126,0
DA:132,0
DA:135,0
DA:138,0
DA:139,0
DA:141,0
DA:142,0
DA:144,0
DA:148,1
DA:149,0
DA:150,0
DA:155,0
DA:160,1
DA:161,0
DA:162,0
DA:163,0
DA:164,0
DA:165,0
DA:166,0
DA:167,0
DA:168,0
DA:169,0
DA:172,1
DA:173,0
DA:174,0
DA:175,0
DA:176,0
DA:177,0
DA:178,0
DA:180,0
DA:181,0
DA:182,0
DA:183,0
DA:184,0
DA:185,0
DA:186,0
DA:187,0
DA:188,0
DA:189,0
DA:191,0
DA:192,0
DA:193,0
DA:195,0
DA:196,0
DA:197,0
DA:198,0
DA:199,0
DA:200,0
DA:201,0
DA:202,0
DA:203,0
DA:204,0
DA:208,1
DA:209,0
DA:210,0
DA:212,0
DA:213,0
DA:220,0
DA:221,0
DA:222,0
DA:223,0
DA:226,0
DA:227,0
DA:229,0
DA:235,0
DA:236,0
DA:237,0
DA:239,0
DA:240,0
DA:242,0
DA:248,0
DA:251,1
DA:252,0
DA:253,0
DA:254,0
DA:257,0
DA:258,0
DA:261,0
DA:263,0
DA:264,0
DA:267,0
DA:268,0
DA:269,0
DA:270,0
DA:271,0
DA:273,0
DA:275,0
DA:277,0
DA:280,1
DA:281,0
DA:282,0
DA:289,0
DA:290,0
DA:292,0
DA:299,0
DA:302,1
DA:303,0
DA:304,0
DA:305,0
DA:306,0
DA:307,0
DA:308,0
DA:309,0
DA:310,0
DA:311,0
DA:312,0
DA:313,0
DA:317,0
DA:318,0
DA:319,0
DA:321,0
DA:328,1
DA:329,0
DA:330,0
DA:331,0
DA:332,0
DA:333,0
DA:334,0
DA:335,0
DA:336,0
DA:337,0
DA:339,0
DA:341,0
DA:344,0
DA:345,0
DA:346,0
DA:347,0
DA:348,0
DA:349,0
DA:350,0
DA:351,0
DA:352,0
DA:353,0
DA:354,0
DA:355,0
DA:359,0
DA:363,1
DA:364,0
DA:365,0
DA:366,0
DA:368,0
DA:373,1
DA:374,0
DA:375,0
DA:376,0
DA:377,0
DA:381,1
DA:382,0
DA:384,0
DA:385,0
DA:386,0
DA:387,0
DA:388,0
DA:391,0
DA:393,0
DA:394,0
DA:395,0
DA:397,0
DA:398,0
DA:402,0
DA:405,0
DA:406,0
DA:410,0
DA:411,0
DA:417,0
DA:418,0
DA:421,1
DA:422,0
DA:423,0
DA:427,0
DA:428,0
DA:450,0
DA:453,0
DA:456,1
DA:457,0
DA:458,0
DA:463,0
DA:464,0
DA:473,0
DA:474,0
DA:475,0
DA:476,0
DA:477,0
DA:480,1
DA:481,0
DA:482,0
DA:483,0
DA:486,0
DA:487,0
DA:488,0
DA:490,0
DA:491,0
DA:494,0
DA:498,1
DA:499,0
DA:502,1
DA:503,0
DA:504,0
DA:506,0
DA:507,0
DA:512,0
DA:513,0
DA:519,0
DA:523,1
DA:524,0
DA:525,0
DA:527,0
DA:530,0
DA:531,0
DA:536,0
DA:539,0
DA:542,1
DA:543,0
DA:544,0
DA:555,0
DA:556,0
DA:557,0
DA:558,0
DA:565,0
DA:566,0
DA:569,0
DA:573,1
DA:574,0
DA:575,0
DA:576,0
DA:578,0
DA:579,0
DA:582,0
DA:583,0
DA:585,0
DA:586,0
DA:589,0
DA:590,0
DA:591,0
DA:594,0
DA:596,0
DA:597,0
DA:600,0
DA:602,0
DA:603,0
DA:605,0
DA:609,1
DA:610,0
DA:615,1
DA:616,0
DA:620,1
DA:621,0
DA:634,0
DA:636,0
DA:654,1
DA:655,0
DA:656,0
DA:657,0
DA:658,0
DA:659,0
DA:661,0
DA:662,0
DA:664,0
DA:667,1
DA:668,0
DA:669,0
DA:672,0
DA:681,1
DA:682,0
DA:683,0
DA:685,0
DA:695,1
DA:696,0
DA:697,0
DA:709,0
DA:717,0
DA:718,0
DA:724,0
DA:727,0
DA:730,0
DA:735,1
DA:736,0
DA:737,0
DA:738,0
DA:741,0
DA:747,0
DA:748,0
DA:750,0
DA:751,0
DA:752,0
DA:753,0
DA:755,0
DA:759,1
DA:760,0
DA:761,0
DA:762,0
DA:763,0
DA:771,0
DA:772,0
DA:773,0
DA:777,1
DA:778,0
DA:779,0
DA:781,0
DA:797,0
DA:798,0
DA:799,0
DA:801,0
DA:806,1
DA:807,0
DA:808,0
DA:809,0
DA:811,0
DA:812,0
DA:815,0
DA:816,0
DA:817,0
DA:818,0
DA:819,0
DA:820,0
DA:822,0
DA:823,0
DA:825,0
DA:826,0
DA:828,0
DA:829,0
DA:831,0
DA:832,0
DA:835,0
DA:837,0
DA:840,0
DA:845,1
DA:846,0
DA:847,0
DA:849,0
DA:867,1
DA:868,1
DA:869,1
DA:870,1
DA:871,1
DA:872,1
DA:873,1
DA:874,1
DA:875,1
DA:876,1
DA:877,1
DA:878,1
DA:879,1
DA:880,1
DA:881,1
DA:882,1
DA:883,1
DA:884,1
DA:885,1
DA:887,1
DA:888,1
DA:889,1
DA:890,1
DA:891,1
DA:892,1
DA:893,1
DA:894,1
DA:895,1
DA:896,1
DA:897,1
LF:405
LH:71
BRDA:8,1,0,0
BRDA:8,1,1,0
BRDA:28,2,0,0
BRDA:28,2,1,0
BRDA:33,3,0,0
BRDA:33,3,1,0
BRDA:35,4,0,0
BRDA:35,4,1,0
BRDA:36,5,0,0
BRDA:36,5,1,0
BRDA:43,6,0,0
BRDA:43,6,1,0
BRDA:45,7,0,0
BRDA:45,7,1,0
BRDA:84,8,0,0
BRDA:84,8,1,0
BRDA:98,9,0,0
BRDA:98,9,1,0
BRDA:103,10,0,0
BRDA:103,10,1,0
BRDA:109,11,0,0
BRDA:109,11,1,0
BRDA:109,12,0,0
BRDA:109,12,1,0
BRDA:125,13,0,0
BRDA:125,13,1,0
BRDA:138,14,0,0
BRDA:138,14,1,0
BRDA:149,15,0,0
BRDA:149,15,1,0
BRDA:152,16,0,0
BRDA:152,16,1,0
BRDA:167,17,0,0
BRDA:167,17,1,0
BRDA:173,18,0,0
BRDA:173,18,1,0
BRDA:175,19,0,0
BRDA:175,19,1,0
BRDA:177,20,0,0
BRDA:177,20,1,0
BRDA:180,21,0,0
BRDA:180,21,1,0
BRDA:182,22,0,0
BRDA:182,22,1,0
BRDA:184,23,0,0
BRDA:184,23,1,0
BRDA:186,24,0,0
BRDA:186,24,1,0
BRDA:192,25,0,0
BRDA:192,25,1,0
BRDA:195,26,0,0
BRDA:195,26,1,0
BRDA:197,27,0,0
BRDA:197,27,1,0
BRDA:199,28,0,0
BRDA:199,28,1,0
BRDA:201,29,0,0
BRDA:201,29,1,0
BRDA:209,30,0,0
BRDA:209,30,1,0
BRDA:212,31,0,0
BRDA:212,31,1,0
BRDA:220,32,0,0
BRDA:220,32,1,0
BRDA:222,33,0,0
BRDA:222,33,1,0
BRDA:226,34,0,0
BRDA:226,34,1,0
BRDA:226,35,0,0
BRDA:226,35,1,0
BRDA:236,36,0,0
BRDA:236,36,1,0
BRDA:239,37,0,0
BRDA:239,37,1,0
BRDA:252,38,0,0
BRDA:252,38,1,0
BRDA:253,39,0,0
BRDA:253,39,1,0
BRDA:254,40,0,0
BRDA:254,40,1,0
BRDA:257,41,0,0
BRDA:257,41,1,0
BRDA:257,42,0,0
BRDA:257,42,1,0
BRDA:263,43,0,0
BRDA:263,43,1,0
BRDA:263,44,0,0
BRDA:263,44,1,0
BRDA:268,45,0,0
BRDA:268,45,1,0
BRDA:269,46,0,0
BRDA:269,46,1,0
BRDA:270,47,0,0
BRDA:270,47,1,0
BRDA:271,48,0,0
BRDA:271,48,1,0
BRDA:273,49,0,0
BRDA:273,49,1,0
BRDA:281,50,0,0
BRDA:281,50,1,0
BRDA:289,51,0,0
BRDA:289,51,1,0
BRDA:303,52,0,0
BRDA:303,52,1,0
BRDA:304,53,0,0
BRDA:304,53,1,0
BRDA:305,54,0,0
BRDA:305,54,1,0
BRDA:305,55,0,0
BRDA:305,55,1,0
BRDA:308,56,0,0
BRDA:308,56,1,0
BRDA:312,57,0,0
BRDA:312,57,1,0
BRDA:329,58,0,0
BRDA:329,58,1,0
BRDA:330,59,0,0
BRDA:330,59,1,0
BRDA:346,60,0,0
BRDA:346,60,1,0
BRDA:348,61,0,0
BRDA:348,61,1,0
BRDA:348,62,0,0
BRDA:348,62,1,0
BRDA:365,63,0,0
BRDA:365,63,1,0
BRDA:366,64,0,0
BRDA:366,64,1,0
BRDA:383,65,0,0
BRDA:383,65,1,0
BRDA:384,66,0,0
BRDA:384,66,1,0
BRDA:384,67,0,0
BRDA:384,67,1,0
BRDA:387,68,0,0
BRDA:387,68,1,0
BRDA:387,69,0,0
BRDA:387,69,1,0
BRDA:387,70,0,0
BRDA:387,70,1,0
BRDA:391,71,0,0
BRDA:391,71,1,0
BRDA:392,72,0,0
BRDA:392,72,1,0
BRDA:394,73,0,0
BRDA:394,73,1,0
BRDA:422,74,0,0
BRDA:422,74,1,0
BRDA:481,75,0,0
BRDA:481,75,1,0
BRDA:482,76,0,0
BRDA:482,76,1,0
BRDA:487,77,0,0
BRDA:487,77,1,0
BRDA:499,78,0,0
BRDA:499,78,1,0
BRDA:503,79,0,0
BRDA:503,79,1,0
BRDA:506,80,0,0
BRDA:506,80,1,0
BRDA:512,81,0,0
BRDA:512,81,1,0
BRDA:524,82,0,0
BRDA:524,82,1,0
BRDA:525,83,0,0
BRDA:525,83,1,0
BRDA:525,84,0,0
BRDA:525,84,1,0
BRDA:530,85,0,0
BRDA:530,85,1,0
BRDA:543,86,0,0
BRDA:543,86,1,0
BRDA:565,87,0,0
BRDA:565,87,1,0
BRDA:574,88,0,0
BRDA:574,88,1,0
BRDA:575,89,0,0
BRDA:575,89,1,0
BRDA:576,90,0,0
BRDA:576,90,1,0
BRDA:578,91,0,0
BRDA:578,91,1,0
BRDA:578,92,0,0
BRDA:578,92,1,0
BRDA:583,93,0,0
BRDA:583,93,1,0
BRDA:583,94,0,0
BRDA:583,94,1,0
BRDA:585,95,0,0
BRDA:585,95,1,0
BRDA:589,96,0,0
BRDA:589,96,1,0
BRDA:589,97,0,0
BRDA:589,97,1,0
BRDA:590,98,0,0
BRDA:590,98,1,0
BRDA:591,99,0,0
BRDA:591,99,1,0
BRDA:594,100,0,0
BRDA:594,100,1,0
BRDA:594,101,0,0
BRDA:594,101,1,0
BRDA:595,102,0,0
BRDA:595,102,1,0
BRDA:596,103,0,0
BRDA:596,103,1,0
BRDA:600,104,0,0
BRDA:600,104,1,0
BRDA:601,105,0,0
BRDA:601,105,1,0
BRDA:602,106,0,0
BRDA:602,106,1,0
BRDA:610,107,0,0
BRDA:610,107,1,0
BRDA:634,108,0,0
BRDA:634,108,1,0
BRDA:658,109,0,0
BRDA:658,109,1,0
BRDA:659,110,0,0
BRDA:659,110,1,0
BRDA:668,111,0,0
BRDA:668,111,1,0
BRDA:682,112,0,0
BRDA:682,112,1,0
BRDA:696,113,0,0
BRDA:696,113,1,0
BRDA:717,114,0,0
BRDA:717,114,1,0
BRDA:736,115,0,0
BRDA:736,115,1,0
BRDA:737,116,0,0
BRDA:737,116,1,0
BRDA:742,117,0,0
BRDA:742,117,1,0
BRDA:744,118,0,0
BRDA:744,118,1,0
BRDA:746,119,0,0
BRDA:746,119,1,0
BRDA:747,120,0,0
BRDA:747,120,1,0
BRDA:760,121,0,0
BRDA:760,121,1,0
BRDA:762,122,0,0
BRDA:762,122,1,0
BRDA:762,123,0,0
BRDA:762,123,1,0
BRDA:771,124,0,0
BRDA:771,124,1,0
BRDA:778,125,0,0
BRDA:778,125,1,0
BRDA:807,126,0,0
BRDA:807,126,1,0
BRDA:808,127,0,0
BRDA:808,127,1,0
BRDA:811,128,0,0
BRDA:811,128,1,0
BRDA:817,129,0,0
BRDA:817,129,1,0
BRDA:819,130,0,0
BRDA:819,130,1,0
BRDA:822,131,0,0
BRDA:822,131,1,0
BRDA:825,132,0,0
BRDA:825,132,1,0
BRDA:828,133,0,0
BRDA:828,133,1,0
BRDA:831,134,0,0
BRDA:831,134,1,0
BRDA:846,135,0,0
BRDA:846,135,1,0
BRF:270
BRH:0
end_of_record
TN:
SF:/Users/dkachaev/repos/amida-tech/blue-button/lib/validator/validator.js
FN:3,validator
FN:137,(anonymous_2)
FN:144,(anonymous_3)
FN:155,(anonymous_4)
FN:164,validateSectionObj
FN:183,(anonymous_6)
FN:187,validateSection
FN:219,(anonymous_8)
FN:226,(anonymous_9)
FNF:9
FNH:4
FNDA:1,validator
FNDA:2,(anonymous_2)
FNDA:0,(anonymous_3)
FNDA:0,(anonymous_4)
FNDA:0,validateSectionObj
FNDA:0,(anonymous_6)
FNDA:0,validateSection
FNDA:3,(anonymous_8)
FNDA:1,(anonymous_9)
DA:3,1
DA:5,1
DA:6,1
DA:7,1
DA:10,1
DA:11,1
DA:12,1
DA:16,1
DA:17,1
DA:18,1
DA:22,1
DA:23,1
DA:24,1
DA:28,1
DA:29,1
DA:30,1
DA:34,1
DA:35,1
DA:36,1
DA:40,1
DA:41,1
DA:42,1
DA:46,1
DA:47,1
DA:48,1
DA:52,1
DA:53,1
DA:54,1
DA:58,1
DA:59,1
DA:60,1
DA:64,1
DA:65,1
DA:66,1
DA:70,1
DA:71,1
DA:72,1
DA:76,1
DA:77,1
DA:78,1
DA:82,1
DA:83,1
DA:84,1
DA:88,1
DA:89,1
DA:90,1
DA:94,1
DA:95,1
DA:96,1
DA:100,1
DA:101,1
DA:102,1
DA:106,1
DA:107,1
DA:108,1
DA:112,1
DA:119,1
DA:120,1
DA:121,1
DA:122,1
DA:123,1
DA:124,1
DA:125,1
DA:126,1
DA:127,1
DA:128,1
DA:129,1
DA:130,1
DA:131,1
DA:132,1
DA:133,1
DA:134,1
DA:135,1
DA:137,1
DA:138,2
DA:139,2
DA:140,2
DA:141,2
DA:144,1
DA:145,0
DA:146,0
DA:147,0
DA:148,0
DA:149,0
DA:151,0
DA:155,1
DA:156,0
DA:157,0
DA:158,0
DA:164,1
DA:165,0
DA:166,0
DA:167,0
DA:168,0
DA:169,0
DA:170,0
DA:172,0
DA:173,0
DA:174,0
DA:175,0
DA:176,0
DA:177,0
DA:178,0
DA:179,0
DA:181,0
DA:183,1
DA:184,0
DA:187,1
DA:190,0
DA:191,0
DA:192,0
DA:193,0
DA:194,0
DA:195,0
DA:196,0
DA:197,0
DA:198,0
DA:199,0
DA:200,0
DA:201,0
DA:202,0
DA:204,0
DA:207,0
DA:208,0
DA:210,0
DA:211,0
DA:212,0
DA:213,0
DA:214,0
DA:215,0
DA:217,0
DA:219,1
DA:220,3
DA:225,1
DA:226,1
DA:227,1
DA:228,1
DA:230,1
DA:233,1
LF:139
LH:91
BRDA:145,1,0,0
BRDA:145,1,1,0
BRDA:165,2,0,0
BRDA:165,2,1,0
BRDA:174,3,0,0
BRDA:174,3,1,0
BRDA:190,4,0,0
BRDA:190,4,1,0
BRDA:190,5,0,0
BRDA:190,5,1,0
BRDA:196,6,0,0
BRDA:196,6,1,0
BRDA:201,7,0,0
BRDA:201,7,1,0
BRDA:210,8,0,0
BRDA:210,8,1,0
BRDA:227,9,0,1
BRDA:227,9,1,0
BRF:18
BRH:1
end_of_record
TN:
SF:/Users/dkachaev/repos/amida-tech/blue-button/lib/parser/ccda/ccd.js
FN:6,(anonymous_1)
FNF:1
FNH:1
FNDA:1,(anonymous_1)
DA:3,1
DA:4,1
DA:6,1
DA:7,1
DA:8,1
DA:9,1
DA:10,1
DA:11,1
DA:12,1
DA:13,1
DA:14,1
DA:15,1
DA:16,1
DA:17,1
DA:18,1
DA:20,1
DA:38,1
LF:17
LH:17
BRF:0
BRH:0
end_of_record
TN:
SF:/Users/dkachaev/repos/amida-tech/blue-button/lib/parser/ccda/shared.js
FN:24,(anonymous_1)
FN:63,(anonymous_2)
FN:70,(anonymous_3)
FN:80,(anonymous_4)
FN:81,(anonymous_5)
FN:96,(anonymous_6)
FN:103,(anonymous_7)
FN:165,(anonymous_8)
FN:183,(anonymous_9)
FNF:9
FNH:8
FNDA:2,(anonymous_1)
FNDA:21,(anonymous_2)
FNDA:14,(anonymous_3)
FNDA:3,(anonymous_4)
FNDA:3,(anonymous_5)
FNDA:3,(anonymous_6)
FNDA:0,(anonymous_7)
FNDA:24,(anonymous_8)
FNDA:26,(anonymous_9)
DA:3,1
DA:4,1
DA:5,1
DA:6,1
DA:8,1
DA:14,1
DA:15,1
DA:21,1
DA:22,1
DA:26,2
DA:27,0
DA:28,0
DA:30,0
DA:31,0
DA:34,2
DA:41,1
DA:42,1
DA:49,1
DA:50,1
DA:52,1
DA:53,1
DA:57,1
DA:58,1
DA:63,1
DA:64,21
DA:65,21
DA:66,21
DA:67,21
DA:70,1
DA:71,14
DA:73,14
DA:77,1
DA:80,1
DA:81,3
DA:82,3
DA:83,3
DA:84,0
DA:85,3
DA:86,3
DA:87,3
DA:89,0
DA:93,3
DA:96,1
DA:97,3
DA:98,3
DA:99,3
DA:102,1
DA:104,0
DA:105,0
DA:109,1
DA:115,1
DA:123,1
DA:142,1
DA:151,1
DA:161,1
DA:166,24
DA:167,9
DA:168,0
DA:170,0
DA:171,0
DA:174,9
DA:179,1
DA:184,26
DA:185,9
DA:186,5
DA:189,9
DA:190,0
DA:195,1
DA:204,1
DA:224,1
LF:70
LH:58
BRDA:26,1,0,0
BRDA:26,1,1,2
BRDA:27,2,0,0
BRDA:27,2,1,0
BRDA:30,3,0,0
BRDA:30,3,1,0
BRDA:71,4,0,14
BRDA:71,4,1,0
BRDA:82,5,0,3
BRDA:82,5,1,0
BRDA:83,6,0,0
BRDA:83,6,1,3
BRDA:85,7,0,3
BRDA:85,7,1,0
BRDA:87,8,0,3
BRDA:87,8,1,0
BRDA:104,9,0,0
BRDA:104,9,1,0
BRDA:166,10,0,9
BRDA:166,10,1,15
BRDA:166,11,0,24
BRDA:166,11,1,9
BRDA:167,12,0,0
BRDA:167,12,1,9
BRDA:170,13,0,0
BRDA:170,13,1,0
BRDA:184,14,0,9
BRDA:184,14,1,17
BRDA:184,15,0,26
BRDA:184,15,1,9
BRDA:185,16,0,5
BRDA:185,16,1,4
BRDA:189,17,0,0
BRDA:189,17,1,9
BRF:34
BRH:18
end_of_record
TN:
SF:/Users/dkachaev/repos/amida-tech/blue-button/lib/parser/ccda/demographics.js
FN:24,(anonymous_1)
FNF:1
FNH:1
FNDA:1,(anonymous_1)
DA:3,1
DA:4,1
DA:5,1
DA:7,1
DA:16,1
DA:24,1
DA:28,1
DA:29,1
DA:30,0
DA:31,1
DA:32,1
DA:33,1
DA:36,0
DA:41,1
DA:47,1
LF:15
LH:13
BRDA:28,1,0,1
BRDA:28,1,1,0
BRDA:28,2,0,1
BRDA:28,2,1,1
BRDA:29,3,0,0
BRDA:29,3,1,1
BRDA:31,4,0,1
BRDA:31,4,1,0
BRDA:32,5,0,1
BRDA:32,5,1,0
BRF:10
BRH:6
end_of_record
TN:
SF:/Users/dkachaev/repos/amida-tech/blue-button/lib/parser/ccda/sections/results.js
FN:8,(anonymous_1)
FNF:1
FNH:1
FNDA:3,(anonymous_1)
DA:3,1
DA:4,1
DA:5,1
DA:6,1
DA:8,1
DA:9,3
DA:10,3
DA:12,3
DA:20,3
DA:36,3
DA:39,3
DA:48,3
DA:49,3
DA:50,3
DA:53,3
DA:55,3
DA:58,1
DA:59,1
LF:18
LH:18
BRF:0
BRH:0
end_of_record
TN:
SF:/Users/dkachaev/repos/amida-tech/blue-button/lib/parser/ccda/sections/vitals.js
FN:8,(anonymous_1)
FNF:1
FNH:1
FNDA:3,(anonymous_1)
DA:3,1
DA:4,1
DA:5,1
DA:6,1
DA:8,1
DA:9,3
DA:10,3
DA:12,3
DA:25,3
DA:27,3
DA:28,3
DA:29,3
DA:32,3
DA:33,3
DA:71,1
DA:73,1
LF:16
LH:16
BRF:0
BRH:0
end_of_record
TN:
SF:/Users/dkachaev/repos/amida-tech/blue-button/lib/parser/ccda/sections/problems.js
FN:8,(anonymous_1)
FNF:1
FNH:1
FNDA:3,(anonymous_1)
DA:3,1
DA:4,1
DA:5,1
DA:6,1
DA:8,1
DA:9,3
DA:10,3
DA:13,3
DA:16,3
DA:23,3
DA:26,3
DA:37,3
DA:52,3
DA:56,3
DA:59,3
DA:60,3
DA:61,3
DA:65,3
DA:66,3
DA:69,1
DA:70,1
LF:21
LH:21
BRF:0
BRH:0
end_of_record
TN:
SF:/Users/dkachaev/repos/amida-tech/blue-button/lib/parser/ccda/sections/immunizations.js
FN:8,(anonymous_1)
FN:22,(anonymous_2)
FN:26,(anonymous_3)
FNF:3
FNH:2
FNDA:4,(anonymous_1)
FNDA:0,(anonymous_2)
FNDA:3,(anonymous_3)
DA:3,1
DA:4,1
DA:5,1
DA:6,1
DA:8,1
DA:9,4
DA:10,4
DA:11,2
DA:12,2
DA:13,0
DA:14,2
DA:15,2
DA:17,0
DA:19,4
DA:22,1
DA:23,0
DA:26,1
DA:27,3
DA:28,3
DA:30,3
DA:36,3
DA:44,3
DA:50,3
DA:57,3
DA:71,3
DA:72,3
DA:73,3
DA:77,3
DA:78,3
DA:81,1
DA:82,1
LF:31
LH:28
BRDA:10,1,0,2
BRDA:10,1,1,2
BRDA:12,2,0,0
BRDA:12,2,1,2
BRDA:14,3,0,2
BRDA:14,3,1,0
BRF:6
BRH:4
end_of_record
TN:
SF:/Users/dkachaev/repos/amida-tech/blue-button/lib/parser/ccda/sections/social_history.js
FN:8,(anonymous_1)
FNF:1
FNH:1
FNDA:2,(anonymous_1)
DA:3,1
DA:4,1
DA:5,1
DA:6,1
DA:8,1
DA:9,2
DA:10,2
DA:12,2
DA:29,2
DA:34,2
DA:35,2
DA:37,1
LF:12
LH:12
BRF:0
BRH:0
end_of_record
TN:
SF:/Users/dkachaev/repos/amida-tech/blue-button/lib/parser/ccda/sections/medications.js
FN:9,(anonymous_1)
FN:149,(anonymous_2)
FN:247,(anonymous_3)
FNF:3
FNH:2
FNDA:3,(anonymous_1)
FNDA:1,(anonymous_2)
FNDA:0,(anonymous_3)
DA:3,1
DA:4,1
DA:5,1
DA:6,1
DA:7,1
DA:9,1
DA:10,3
DA:11,3
DA:32,3
DA:43,3
DA:54,3
DA:62,3
DA:69,3
DA:82,3
DA:83,3
DA:92,3
DA:103,3
DA:117,3
DA:123,3
DA:131,3
DA:153,1
DA:154,1
DA:156,1
DA:157,0
DA:185,3
DA:188,3
DA:206,3
DA:207,3
DA:208,3
DA:211,3
DA:212,3
DA:219,0
DA:226,0
DA:235,0
DA:251,0
DA:252,0
DA:254,0
DA:255,0
DA:259,0
DA:262,0
DA:265,0
DA:266,0
DA:267,0
DA:270,0
DA:271,0
DA:275,1
DA:276,1
LF:47
LH:32
BRDA:73,1,0,3
BRDA:73,1,1,0
BRDA:74,2,0,3
BRDA:74,2,1,0
BRDA:82,3,0,3
BRDA:82,3,1,0
BRDA:153,4,0,1
BRDA:153,4,1,0
BRDA:156,5,0,0
BRDA:156,5,1,1
BRDA:251,6,0,0
BRDA:251,6,1,0
BRDA:254,7,0,0
BRDA:254,7,1,0
BRF:14
BRH:5
end_of_record
TN:
SF:/Users/dkachaev/repos/amida-tech/blue-button/lib/parser/ccda/sections/allergies.js
FN:10,(anonymous_1)
FNF:1
FNH:1
FNDA:3,(anonymous_1)
DA:5,1
DA:6,1
DA:7,1
DA:8,1
DA:10,1
DA:12,3
DA:17,3
DA:23,3
DA:24,3
DA:25,3
DA:31,3
DA:32,3
DA:36,3
DA:37,3
DA:45,3
DA:46,3
DA:51,3
DA:52,3
DA:53,3
DA:64,3
DA:65,3
DA:66,3
DA:70,3
DA:72,3
DA:73,3
DA:74,3
DA:77,3
DA:79,3
DA:81,1
DA:82,1
LF:30
LH:30
BRF:0
BRH:0
end_of_record
TN:
SF:/Users/dkachaev/repos/amida-tech/blue-button/lib/parser/ccda/sections/encounters.js
FN:8,(anonymous_1)
FNF:1
FNH:1
FNDA:3,(anonymous_1)
DA:3,1
DA:4,1
DA:5,1
DA:6,1
DA:8,1
DA:9,3
DA:10,3
DA:12,3
DA:13,3
DA:14,3
DA:19,3
DA:29,3
DA:30,3
DA:31,3
DA:41,3
DA:42,3
DA:43,3
DA:46,3
DA:47,3
DA:49,1
DA:50,1
LF:21
LH:21
BRF:0
BRH:0
end_of_record
TN:
SF:/Users/dkachaev/repos/amida-tech/blue-button/lib/parser/ccda/sections/procedures.js
FN:8,(anonymous_1)
FN:54,(anonymous_2)
FNF:2
FNH:2
FNDA:3,(anonymous_1)
FNDA:3,(anonymous_2)
DA:3,1
DA:4,1
DA:5,1
DA:6,1
DA:8,1
DA:9,3
DA:10,3
DA:33,3
DA:39,3
DA:40,3
DA:41,3
DA:54,3
DA:55,3
DA:61,3
DA:62,3
DA:65,3
DA:66,3
DA:67,3
DA:70,3
DA:71,3
DA:74,1
DA:75,1
LF:22
LH:22
BRF:0
BRH:0
end_of_record
TN:
SF:/Users/dkachaev/repos/amida-tech/blue-button/lib/parser/ccda/sections/plan_of_care.js
FN:8,(anonymous_1)
FN:32,(anonymous_2)
FNF:2
FNH:2
FNDA:3,(anonymous_1)
FNDA:4,(anonymous_2)
DA:3,1
DA:4,1
DA:5,1
DA:6,1
DA:8,1
DA:9,3
DA:10,3
DA:12,3
DA:13,3
DA:17,3
DA:19,3
DA:25,3
DA:32,3
DA:33,4
DA:41,4
DA:42,4
DA:45,3
DA:46,3
DA:47,3
DA:50,3
DA:52,3
DA:55,1
DA:56,1
LF:23
LH:23
BRF:0
BRH:0
end_of_record
TN:
SF:/Users/dkachaev/repos/amida-tech/blue-button/lib/parser/ccda/sections/payers.js
FN:8,(anonymous_1)
FNF:1
FNH:1
FNDA:3,(anonymous_1)
DA:3,1
DA:4,1
DA:5,1
DA:6,1
DA:8,1
DA:9,3
DA:10,3
DA:12,3
DA:13,3
DA:17,3
DA:18,3
DA:23,3
DA:24,3
DA:28,3
DA:29,3
DA:36,3
DA:37,3
DA:46,3
DA:47,3
DA:54,3
DA:55,3
DA:60,3
DA:61,3
DA:67,3
DA:68,3
DA:69,3
DA:78,3
DA:79,3
DA:80,3
DA:83,3
DA:85,3
DA:88,1
DA:89,1
LF:33
LH:33
BRF:0
BRH:0
end_of_record
